2021-10-12 14:12:02,281 [11] INFO  --Begin:LoginLog - 【RSI_ConfigEntityDAL】:INSERT INTO rsi_h_func_log(attribute1,created_by,created_date)
                                 VALUES('Login',:emp_no,SYSDATE) 

2021-10-12 14:12:02,937 [11] INFO  --End:LoginLog - Completed
2021-10-12 14:12:02,937 [11] INFO  --Begin:獲取To_Do_List_V資訊 - 【GetTo_Do_List_VEntities】:SELECT * FROM RSI_TO_DO_LIST_V 
                                                WHERE ( :emp_no is null or APP_ASSIGNER = :emp_no) 
                                                ORDER BY PHASE_ID, HELDDAYS 

2021-10-12 14:12:03,953 [11] INFO  --End:獲取To_Do_List_V資訊 - Completed
2021-10-12 14:12:04,047 [11] INFO  --Begin:GetBulletin - 【RSI_ConfigEntityDAL】:select t.*,dbms_lob.substr(t.note) as sys_note from RSI_C_PARAMETER t
                                 where t.function='BULLETIN' 

2021-10-12 14:12:04,078 [11] INFO  --End:GetBulletin - Completed
2021-10-12 14:12:04,078 [11] INFO  --Begin:獲取FAQ資訊 - 【GetFAQ】:SELECT * FROM RSI_C_PARAMETER WHERE FUNCTION = 'FAQ' 

2021-10-12 14:12:04,093 [11] INFO  --End:獲取FAQ資訊 - Completed
2021-10-12 14:12:04,093 [11] INFO  --Begin:獲取ContactWindow資訊 - 【GetContactWindow】:SELECT DISTINCT ATTRIBUTE1, ATTRIBUTE2 FROM RSI_C_PARAMETER WHERE FUNCTION = 'Contact_Windows' 

2021-10-12 14:12:04,093 [11] INFO  --End:獲取ContactWindow資訊 - Completed
2021-10-12 14:12:04,343 [11] INFO  --Begin:獲取To_Do_List_V資訊 - 【GetTo_Do_List_VEntities】:SELECT * FROM RSI_TO_DO_LIST_V 
                                                WHERE ( :emp_no is null or APP_ASSIGNER = :emp_no) 
                                                ORDER BY PHASE_ID, HELDDAYS 

2021-10-12 14:12:04,343 [11] INFO  --End:獲取To_Do_List_V資訊 - Completed
2021-10-12 14:12:04,343 [11] INFO  --Begin:獲取To_Do_List_V資訊 - 【GetTo_Do_List_VEntities】:SELECT * FROM RSI_TO_DO_LIST_V 
                                                WHERE ( :emp_no is null or APP_ASSIGNER = :emp_no) 
                                                ORDER BY PHASE_ID, HELDDAYS 

2021-10-12 14:12:04,359 [11] INFO  --End:獲取To_Do_List_V資訊 - Completed
2021-10-12 14:12:04,359 [11] INFO  --Begin:獲取Department Name資訊 - 【GetDepartmentName】: SELECT * 
                                                FROM GFIN.EMP_DATA_ALL E, GFIN.ORG_DATA_ALL O
                                                WHERE E.ORG_ID = O.ORG_ID
                                                AND E.EMP_NO = :emp_no 

2021-10-12 14:12:04,390 [11] INFO  --End:獲取Department Name資訊 - Completed
2021-10-12 14:12:08,578 [13] INFO  --Begin: - 【Auto_Identify】:select count(*) as count
                                                from RSI_TO_DO_LIST_V a
                                                where a.APP_ASSIGNER = :emp_no
                                                and a.rsi_no = :rsi_no
                                                and a.phase_id = :phase_id 

2021-10-12 14:12:09,375 [13] INFO   --End: - Completed
2021-10-12 14:12:09,703 [13] INFO  --Begin:GetMCAConrol - 【RSI_ConfigEntityDAL】:select * from RSI_C_PARAMETER t
                                 where t.function='MAC_CONTROL'
                                 and t.attribute1='Y' 

2021-10-12 14:12:09,703 [13] INFO  --End:GetMCAConrol - Completed
2021-10-12 14:12:09,703 [13] INFO  --Begin:取得H_Product_Info資訊 - 【GetH_Product_InfoEntities】:SELECT 
                    RSI_NO, BU, PROJECT_NAME, RFQ_NO, RFQ_VER, APPLY_TYPE, LCM, TP, MODEL, REF_PRODUCT, APPLY_REASON, RFQ_TYPE, BL_NIT, POWER,
                    PM, (SELECT DISTINCT PM ||'-'|| EMP_NAME FROM GFIN.EMP_DATA_ALL E WHERE E.EMP_NO = P.PM) AS PM_NAME,
                    PL_RD, (SELECT DISTINCT PL_RD ||'-'|| EMP_NAME FROM GFIN.EMP_DATA_ALL E WHERE E.EMP_NO = P.PL_RD) AS PLRD_NAME,
                    ACD_RD, (SELECT DISTINCT ACD_RD ||'-'|| EMP_NAME FROM GFIN.EMP_DATA_ALL E WHERE E.EMP_NO = P.ACD_RD) AS ACDRD_NAME,
                    EE_RD, (SELECT DISTINCT EE_RD ||'-'|| EMP_NAME FROM GFIN.EMP_DATA_ALL E WHERE E.EMP_NO = P.EE_RD) AS EERD_NAME,
                    OM_RD, (SELECT DISTINCT OM_RD ||'-'|| EMP_NAME FROM GFIN.EMP_DATA_ALL E WHERE E.EMP_NO = P.OM_RD) AS OMRD_NAME,
                    PACKING_RD, (SELECT DISTINCT PACKING_RD ||'-'|| EMP_NAME FROM GFIN.EMP_DATA_ALL E WHERE E.EMP_NO = P.PACKING_RD) AS PACKINGRD_NAME,
                    TP_ACD_RD, (SELECT DISTINCT TP_ACD_RD ||'-'|| EMP_NAME FROM GFIN.EMP_DATA_ALL E WHERE E.EMP_NO = P.TP_ACD_RD) AS TP_ACDRD_NAME,
                    TP_EE_RD, (SELECT DISTINCT TP_EE_RD ||'-'|| EMP_NAME FROM GFIN.EMP_DATA_ALL E WHERE E.EMP_NO = P.TP_EE_RD) AS TP_EERD_NAME,
                    TP_OM_RD, (SELECT DISTINCT TP_OM_RD ||'-'|| EMP_NAME FROM GFIN.EMP_DATA_ALL E WHERE E.EMP_NO = P.TP_OM_RD) AS TP_OMRD_NAME,
                    REQUEST_DATE,  :part_type PartType, REF_PRODUCT_RFQ, BIDDING_PROJECT, SOURCING_POOL_NAME, 
                    ARRAY_FAB, JI_FAB, MODULE_FAB, SIZE_INCH, SURFACE_TREATMENT, SOP_YEAR, SOP_QUARTERLY, SOP_MONTH, RESOLUTION, PM_LCD_TYPE, PM_BRIGHTNESS,
                    FCST_QTY, SAMPLE_REQUEST, SAMPLE_REQUEST_DATE, SAMPLE_REQUEST_QTY
                    FROM gpo.RSI_H_PRODUCT_INFO P 
                    WHERE P.RSI_NO =:rsi_no 

2021-10-12 14:12:09,719 [13] INFO  --End:取得H_Product_Info資訊 - Completed
2021-10-12 14:12:09,734 [13] INFO  --Begin:獲取Site Name資訊 - 【GetSiteName】:SELECT DISTINCT PHASE_ID, PHASE FROM GPO.RSI_C_FLOW_DEF WHERE PHASE_ID = :phase_id and BU = :bu 

2021-10-12 14:12:09,734 [13] INFO  --End:獲取Site Name資訊 - Completed
2021-10-12 14:12:09,828 [13] INFO  --Begin: - 【GetFCSTPage】:select attribute1 as bu from RSI_C_PARAMETER where function='FCST_PAGE'  

2021-10-12 14:12:09,828 [13] INFO   --End: - Completed
2021-10-12 14:12:09,844 [13] INFO  --Begin: - 【GetExportExcelConfig】:select * 
                                 from gpo.rsi_c_parameter
                                 where function = 'ExportExcel_Authority'
                                 and decode(:BU, upper(attribute1), 1, instr(attribute1, 'ALL')) > 0   and decode(:Part_Type, upper(attribute2), 1, INSTR(attribute2, 'ALL')) > 0  and attribute3 = :Phase_ID
                                  order by attribute3

2021-10-12 14:12:09,844 [13] INFO   --End: - Completed
2021-10-12 14:12:09,844 [13] INFO  --Begin:Upload_Flag - 【RSI_ConfigEntityDAL】:select attribute3 from RSI_C_PARAMETER
                                 where function='BULK_UPLOAD' and attribute2 = :phase_id  

2021-10-12 14:12:09,844 [13] INFO  --End:Upload_Flag - Completed
2021-10-12 14:12:09,859 [13] INFO  --Begin:取得H_Product_Info資訊 - 【GetH_Product_InfoEntities】:SELECT 
                    RSI_NO, BU, PROJECT_NAME, RFQ_NO, RFQ_VER, APPLY_TYPE, LCM, TP, MODEL, REF_PRODUCT, APPLY_REASON, RFQ_TYPE, BL_NIT, POWER,
                    PM, (SELECT DISTINCT PM ||'-'|| EMP_NAME FROM GFIN.EMP_DATA_ALL E WHERE E.EMP_NO = P.PM) AS PM_NAME,
                    PL_RD, (SELECT DISTINCT PL_RD ||'-'|| EMP_NAME FROM GFIN.EMP_DATA_ALL E WHERE E.EMP_NO = P.PL_RD) AS PLRD_NAME,
                    ACD_RD, (SELECT DISTINCT ACD_RD ||'-'|| EMP_NAME FROM GFIN.EMP_DATA_ALL E WHERE E.EMP_NO = P.ACD_RD) AS ACDRD_NAME,
                    EE_RD, (SELECT DISTINCT EE_RD ||'-'|| EMP_NAME FROM GFIN.EMP_DATA_ALL E WHERE E.EMP_NO = P.EE_RD) AS EERD_NAME,
                    OM_RD, (SELECT DISTINCT OM_RD ||'-'|| EMP_NAME FROM GFIN.EMP_DATA_ALL E WHERE E.EMP_NO = P.OM_RD) AS OMRD_NAME,
                    PACKING_RD, (SELECT DISTINCT PACKING_RD ||'-'|| EMP_NAME FROM GFIN.EMP_DATA_ALL E WHERE E.EMP_NO = P.PACKING_RD) AS PACKINGRD_NAME,
                    TP_ACD_RD, (SELECT DISTINCT TP_ACD_RD ||'-'|| EMP_NAME FROM GFIN.EMP_DATA_ALL E WHERE E.EMP_NO = P.TP_ACD_RD) AS TP_ACDRD_NAME,
                    TP_EE_RD, (SELECT DISTINCT TP_EE_RD ||'-'|| EMP_NAME FROM GFIN.EMP_DATA_ALL E WHERE E.EMP_NO = P.TP_EE_RD) AS TP_EERD_NAME,
                    TP_OM_RD, (SELECT DISTINCT TP_OM_RD ||'-'|| EMP_NAME FROM GFIN.EMP_DATA_ALL E WHERE E.EMP_NO = P.TP_OM_RD) AS TP_OMRD_NAME,
                    REQUEST_DATE,  :part_type PartType, REF_PRODUCT_RFQ, BIDDING_PROJECT, SOURCING_POOL_NAME, 
                    ARRAY_FAB, JI_FAB, MODULE_FAB, SIZE_INCH, SURFACE_TREATMENT, SOP_YEAR, SOP_QUARTERLY, SOP_MONTH, RESOLUTION, PM_LCD_TYPE, PM_BRIGHTNESS,
                    FCST_QTY, SAMPLE_REQUEST, SAMPLE_REQUEST_DATE, SAMPLE_REQUEST_QTY
                    FROM gpo.RSI_H_PRODUCT_INFO P 
                    WHERE P.RSI_NO =:rsi_no 

2021-10-12 14:12:09,859 [13] INFO  --End:取得H_Product_Info資訊 - Completed
2021-10-12 14:12:09,859 [13] INFO  --Begin:取得Price_Group資訊 - 【GetPrice_Group】:SELECT *
                                   FROM GPO.RSI_C_PARAMETER 
                                  WHERE FUNCTION = :price_type
                                    AND ATTRIBUTE1 = :bu
                                    AND DECODE( :part_type, UPPER(ATTRIBUTE2), 1, INSTR(ATTRIBUTE2, 'ALL')) > 0
                                  ORDER BY DECODE(UPPER(ATTRIBUTE3), 'MATERIAL_GROUP', 0, 'PARTS_GROUP', 1, 'MATERIAL_PARTS', 2, 'PART_NO', 3, 4)  

2021-10-12 14:12:09,859 [13] INFO  --End:取得Price_Group資訊 - Completed
2021-10-12 14:12:09,890 [13] INFO  --Begin: - 【GetDetailApprove】:  SELECT A.RSI_NO, A.FORM_NO, A.PART_TYPE, A.PHASE_ID, A.PHASE, A.APP_SERIAL, 
                                          A.APP_ASSIGNER, A.APP_ASSIGNER_NAME, A.APP_ACTOR, A.APP_ACTOR_NAME,
                                          A.STATUS, A.BEGIN_DATE, A.END_DATE,
                                          A.APP_CONTENT, A.DIF_DAY
                                          FROM RSI_APPROVAL_LIST_V A
                                          WHERE A.RSI_NO = :rsi_no
                                          AND A.PART_TYPE = :part_type 

2021-10-12 14:12:09,937 [13] INFO   --End: - Completed
2021-10-12 14:12:10,031 [13] INFO  --Begin:GetVersion - 【RSI_ConfigEntityDAL】:select attribute1 from RSI_C_PARAMETER where function='VERSION_CONTROL' 

2021-10-12 14:12:10,031 [13] INFO  --End:GetVersion - Completed
2021-10-12 14:12:10,031 [13] INFO  --Begin:獲取To_Do_List_V資訊 - 【GetTo_Do_List_VEntities】:SELECT * FROM RSI_TO_DO_LIST_V 
                                                WHERE ( :emp_no is null or APP_ASSIGNER = :emp_no) 
                                                ORDER BY PHASE_ID, HELDDAYS 

2021-10-12 14:12:10,047 [13] INFO  --End:獲取To_Do_List_V資訊 - Completed
2021-10-12 14:12:10,047 [13] INFO  --Begin:獲取To_Do_List_V資訊 - 【GetTo_Do_List_VEntities】:SELECT * FROM RSI_TO_DO_LIST_V 
                                                WHERE ( :emp_no is null or APP_ASSIGNER = :emp_no) 
                                                ORDER BY PHASE_ID, HELDDAYS 

2021-10-12 14:12:10,047 [13] INFO  --End:獲取To_Do_List_V資訊 - Completed
2021-10-12 14:12:10,047 [13] INFO  --Begin:獲取Department Name資訊 - 【GetDepartmentName】: SELECT * 
                                                FROM GFIN.EMP_DATA_ALL E, GFIN.ORG_DATA_ALL O
                                                WHERE E.ORG_ID = O.ORG_ID
                                                AND E.EMP_NO = :emp_no 

2021-10-12 14:12:10,047 [13] INFO  --End:獲取Department Name資訊 - Completed
2021-10-12 14:12:10,797 [13] INFO  --Begin: - 【GetUnit】:select distinct upper(unit) unit
                                               from rsi_r_part_info
                                               order by unit 

2021-10-12 14:12:10,797 [11] INFO  --Begin: - 【GetPartLevelEnglish】:select distinct m.mtl_group,
                                                 m.parts_group,
                                                 m.mtl_parts,
                                                 p.part_kind_key as part_level,
                                                 p.english_name
                                  from rsi_r_part_info p
                                  left join gpo.rsi_c_mtl_parts m
                                    on p.part_kind_key = m.part_level
                                   and p.english_name = m.english_name
                                   and m.active = 'Y'
                                 --where p.part_kind_key not like '9%'
                                   where p.english_name is not null
                                 order by p.part_kind_key 

2021-10-12 14:12:10,797 [15] INFO  --Begin:取得Group_ID資訊 - 【GetGroupID】:SELECT DISTINCT GROUP_ID
                                                FROM GPO.RSI_H_PRODUCT_DETAIL D 
                                                WHERE RSI_NO = :rsi_no   --querystring取的
                                                AND GROUP_ID IS NOT NULL
                                                AND (MODIFY_TYPE IS NULL OR MODIFY_TYPE <> 'D')
                                                ORDER BY GROUP_ID ASC 

2021-10-12 14:12:10,797 [14] INFO  --Begin:取得Normal Parts資訊 - 【GetRDReviewNormalParts】: select b.rsi_no, 'Normal' mtl_type, '' mtl_group, '' parts_group, '' mtl_parts, '' part_type,
                                                decode(ismodify, 'Y', substr(b.partnumber_child, 0, 2), b.partnumber_child) as part_no,
                                                b.part_desc, b.part_level, b.english_name, '' maker_source, '' maker_part_no, '' part_spec,
                                                '' spec_def, b.release_date, b.part_quantity as usage, b.part_unit, '' eol_status,
                                                '' uni_spec_status, '' remark, decode(ismodify, 'Y', 'U', null) as modify_type, 0 sn, 0 parent_sn, '' file_status, '' phase_id,
                                                b.partnumber_top, decode(ismodify, 'Y', substr(b.partnumber_child, 0, 2), b.partnumber_child) as partnumber_child,
                                                b.partnumber_parent, decode(ismodify, 'Y', substr(b.partnumber_child, 0, 2), b.partnumber_child) as DisplayPartNo,
                                                0 bom_level
                                                from gpo.rsi_h_bom_all b
                                                where rsi_no = :rsi_no
                                                and bom_level = 0
                                                --and not exists (select 1 from rsi_h_product_detail d where d.rsi_no = :rsi_no)
                                                union all
                                                select *
                                                from (
                                                    select d.*, LPAD(' ', (Level) * 4) || nvl(d.part_no, d.part_level) as DisplayPartNo, Level bom_level
                                                    from (
                                                        select distinct d.rsi_no,
                                                        nvl(d.mtl_type, decode(s.active, 'Y', 'Special', 'Normal')) mtl_type,
                                                        d.mtl_group,
                                                        d.parts_group,
                                                        d.mtl_parts,
                                                        d.part_type, 
                                                        d.part_no,
                                                        d.part_desc,
                                                        d.part_level,
                                                        d.english_name,
                                                        d.maker_source,
                                                        d.maker_part_no,
                                                        d.part_spec,
                                                        c.SPEC_DEF,
                                                        d.release_date,
                                                        d.usage,
                                                        d.part_unit,
                                                        d.eol_status eol_status,
                                                        d.uni_spec_status uni_spec_status,
                                                        d.remark,
                                                        d.modify_type,
                                                        d.sn,
                                                        d.parent_sn,
                                                        decode(nvl(f.cnt,0),0,'N','Y') as file_status,
                                                        d.phase_id,
                                                        i.ref_product partnumber_top,
                                                        nvl(d.part_no, d.part_level) partnumber_child, 
                                                        d.partnumber_parent
                                                        from gpo.rsi_h_product_detail d
                                                        join gpo.rsi_h_product_info i on d.rsi_no = i.rsi_no
                                                        left join gpo.rsi_c_mtl_special_parts s on s.mtl_parts = d.mtl_parts and s.active = 'Y'
                                                        left join (select distinct mtl_parts, spec_def
                                                                     from gpo.rsi_c_mtl_spec_def
                                                                    where active = 'Y') c
                                                          on d.mtl_parts = c.mtl_parts
                                                        left join (SELECT Biz_Id,count(1) AS cnt FROM GPO.RSI_H_FILELIST GROUP BY Biz_Id) f
                                                          on f.BIZ_ID = d.RSI_NO||'_'||d.SN
                                                        where nvl(d.mtl_type, decode(s.active, 'Y', 'Special', 'Normal')) <> 'Special' 
                                                        and (d.modify_type is null or d.modify_type <> 'D')
                                                        and nvl(d.mtl_group,'-') not like 'MOH%'
                                                        and d.rsi_no = :rsi_no
                                                    ) d
                                                    start with partnumber_top = partnumber_parent
                                                    connect by nocycle prior partnumber_top = partnumber_top
                                                                    and prior sn = parent_sn
                                                                   --and prior partnumber_child = partnumber_parent
                                                    order siblings by part_level desc
                                                ) a 

2021-10-12 14:12:10,828 [15] INFO  --End:取得Group_ID資訊 - Completed
2021-10-12 14:12:10,859 [14] INFO  --End:取得Normal Parts資訊 - Completed
2021-10-12 14:12:11,234 [13] INFO   --End: - Completed
2021-10-12 14:12:11,250 [11] INFO   --End: - Completed
2021-10-12 14:20:36,324 [25] INFO  --Begin: - 【Auto_Identify】:select count(*) as count
                                                from RSI_TO_DO_LIST_V a
                                                where a.APP_ASSIGNER = :emp_no
                                                and a.rsi_no = :rsi_no
                                                and a.phase_id = :phase_id 

2021-10-12 14:20:36,324 [25] INFO   --End: - Completed
2021-10-12 14:20:36,324 [25] INFO  --Begin:GetMCAConrol - 【RSI_ConfigEntityDAL】:select * from RSI_C_PARAMETER t
                                 where t.function='MAC_CONTROL'
                                 and t.attribute1='Y' 

2021-10-12 14:20:36,324 [25] INFO  --End:GetMCAConrol - Completed
2021-10-12 14:20:36,324 [25] INFO  --Begin:取得H_Product_Info資訊 - 【GetH_Product_InfoEntities】:SELECT 
                    RSI_NO, BU, PROJECT_NAME, RFQ_NO, RFQ_VER, APPLY_TYPE, LCM, TP, MODEL, REF_PRODUCT, APPLY_REASON, RFQ_TYPE, BL_NIT, POWER,
                    PM, (SELECT DISTINCT PM ||'-'|| EMP_NAME FROM GFIN.EMP_DATA_ALL E WHERE E.EMP_NO = P.PM) AS PM_NAME,
                    PL_RD, (SELECT DISTINCT PL_RD ||'-'|| EMP_NAME FROM GFIN.EMP_DATA_ALL E WHERE E.EMP_NO = P.PL_RD) AS PLRD_NAME,
                    ACD_RD, (SELECT DISTINCT ACD_RD ||'-'|| EMP_NAME FROM GFIN.EMP_DATA_ALL E WHERE E.EMP_NO = P.ACD_RD) AS ACDRD_NAME,
                    EE_RD, (SELECT DISTINCT EE_RD ||'-'|| EMP_NAME FROM GFIN.EMP_DATA_ALL E WHERE E.EMP_NO = P.EE_RD) AS EERD_NAME,
                    OM_RD, (SELECT DISTINCT OM_RD ||'-'|| EMP_NAME FROM GFIN.EMP_DATA_ALL E WHERE E.EMP_NO = P.OM_RD) AS OMRD_NAME,
                    PACKING_RD, (SELECT DISTINCT PACKING_RD ||'-'|| EMP_NAME FROM GFIN.EMP_DATA_ALL E WHERE E.EMP_NO = P.PACKING_RD) AS PACKINGRD_NAME,
                    TP_ACD_RD, (SELECT DISTINCT TP_ACD_RD ||'-'|| EMP_NAME FROM GFIN.EMP_DATA_ALL E WHERE E.EMP_NO = P.TP_ACD_RD) AS TP_ACDRD_NAME,
                    TP_EE_RD, (SELECT DISTINCT TP_EE_RD ||'-'|| EMP_NAME FROM GFIN.EMP_DATA_ALL E WHERE E.EMP_NO = P.TP_EE_RD) AS TP_EERD_NAME,
                    TP_OM_RD, (SELECT DISTINCT TP_OM_RD ||'-'|| EMP_NAME FROM GFIN.EMP_DATA_ALL E WHERE E.EMP_NO = P.TP_OM_RD) AS TP_OMRD_NAME,
                    REQUEST_DATE,  :part_type PartType, REF_PRODUCT_RFQ, BIDDING_PROJECT, SOURCING_POOL_NAME, 
                    ARRAY_FAB, JI_FAB, MODULE_FAB, SIZE_INCH, SURFACE_TREATMENT, SOP_YEAR, SOP_QUARTERLY, SOP_MONTH, RESOLUTION, PM_LCD_TYPE, PM_BRIGHTNESS,
                    FCST_QTY, SAMPLE_REQUEST, SAMPLE_REQUEST_DATE, SAMPLE_REQUEST_QTY
                    FROM gpo.RSI_H_PRODUCT_INFO P 
                    WHERE P.RSI_NO =:rsi_no 

2021-10-12 14:20:36,324 [25] INFO  --End:取得H_Product_Info資訊 - Completed
2021-10-12 14:20:36,339 [25] INFO  --Begin:獲取Site Name資訊 - 【GetSiteName】:SELECT DISTINCT PHASE_ID, PHASE FROM GPO.RSI_C_FLOW_DEF WHERE PHASE_ID = :phase_id and BU = :bu 

2021-10-12 14:20:36,339 [25] INFO  --End:獲取Site Name資訊 - Completed
2021-10-12 14:20:40,011 [25] INFO  --Begin: - 【GetFCSTPage】:select attribute1 as bu from RSI_C_PARAMETER where function='FCST_PAGE'  

2021-10-12 14:20:40,011 [25] INFO   --End: - Completed
2021-10-12 14:20:40,011 [25] INFO  --Begin: - 【GetExportExcelConfig】:select * 
                                 from gpo.rsi_c_parameter
                                 where function = 'ExportExcel_Authority'
                                 and decode(:BU, upper(attribute1), 1, instr(attribute1, 'ALL')) > 0   and decode(:Part_Type, upper(attribute2), 1, INSTR(attribute2, 'ALL')) > 0  and attribute3 = :Phase_ID
                                  order by attribute3

2021-10-12 14:20:40,011 [25] INFO   --End: - Completed
2021-10-12 14:20:40,011 [25] INFO  --Begin:Upload_Flag - 【RSI_ConfigEntityDAL】:select attribute3 from RSI_C_PARAMETER
                                 where function='BULK_UPLOAD' and attribute2 = :phase_id  

2021-10-12 14:20:40,011 [25] INFO  --End:Upload_Flag - Completed
2021-10-12 14:20:40,011 [25] INFO  --Begin:取得H_Product_Info資訊 - 【GetH_Product_InfoEntities】:SELECT 
                    RSI_NO, BU, PROJECT_NAME, RFQ_NO, RFQ_VER, APPLY_TYPE, LCM, TP, MODEL, REF_PRODUCT, APPLY_REASON, RFQ_TYPE, BL_NIT, POWER,
                    PM, (SELECT DISTINCT PM ||'-'|| EMP_NAME FROM GFIN.EMP_DATA_ALL E WHERE E.EMP_NO = P.PM) AS PM_NAME,
                    PL_RD, (SELECT DISTINCT PL_RD ||'-'|| EMP_NAME FROM GFIN.EMP_DATA_ALL E WHERE E.EMP_NO = P.PL_RD) AS PLRD_NAME,
                    ACD_RD, (SELECT DISTINCT ACD_RD ||'-'|| EMP_NAME FROM GFIN.EMP_DATA_ALL E WHERE E.EMP_NO = P.ACD_RD) AS ACDRD_NAME,
                    EE_RD, (SELECT DISTINCT EE_RD ||'-'|| EMP_NAME FROM GFIN.EMP_DATA_ALL E WHERE E.EMP_NO = P.EE_RD) AS EERD_NAME,
                    OM_RD, (SELECT DISTINCT OM_RD ||'-'|| EMP_NAME FROM GFIN.EMP_DATA_ALL E WHERE E.EMP_NO = P.OM_RD) AS OMRD_NAME,
                    PACKING_RD, (SELECT DISTINCT PACKING_RD ||'-'|| EMP_NAME FROM GFIN.EMP_DATA_ALL E WHERE E.EMP_NO = P.PACKING_RD) AS PACKINGRD_NAME,
                    TP_ACD_RD, (SELECT DISTINCT TP_ACD_RD ||'-'|| EMP_NAME FROM GFIN.EMP_DATA_ALL E WHERE E.EMP_NO = P.TP_ACD_RD) AS TP_ACDRD_NAME,
                    TP_EE_RD, (SELECT DISTINCT TP_EE_RD ||'-'|| EMP_NAME FROM GFIN.EMP_DATA_ALL E WHERE E.EMP_NO = P.TP_EE_RD) AS TP_EERD_NAME,
                    TP_OM_RD, (SELECT DISTINCT TP_OM_RD ||'-'|| EMP_NAME FROM GFIN.EMP_DATA_ALL E WHERE E.EMP_NO = P.TP_OM_RD) AS TP_OMRD_NAME,
                    REQUEST_DATE,  :part_type PartType, REF_PRODUCT_RFQ, BIDDING_PROJECT, SOURCING_POOL_NAME, 
                    ARRAY_FAB, JI_FAB, MODULE_FAB, SIZE_INCH, SURFACE_TREATMENT, SOP_YEAR, SOP_QUARTERLY, SOP_MONTH, RESOLUTION, PM_LCD_TYPE, PM_BRIGHTNESS,
                    FCST_QTY, SAMPLE_REQUEST, SAMPLE_REQUEST_DATE, SAMPLE_REQUEST_QTY
                    FROM gpo.RSI_H_PRODUCT_INFO P 
                    WHERE P.RSI_NO =:rsi_no 

2021-10-12 14:20:40,027 [25] INFO  --End:取得H_Product_Info資訊 - Completed
2021-10-12 14:20:40,027 [25] INFO  --Begin:取得Price_Group資訊 - 【GetPrice_Group】:SELECT *
                                   FROM GPO.RSI_C_PARAMETER 
                                  WHERE FUNCTION = :price_type
                                    AND ATTRIBUTE1 = :bu
                                    AND DECODE( :part_type, UPPER(ATTRIBUTE2), 1, INSTR(ATTRIBUTE2, 'ALL')) > 0
                                  ORDER BY DECODE(UPPER(ATTRIBUTE3), 'MATERIAL_GROUP', 0, 'PARTS_GROUP', 1, 'MATERIAL_PARTS', 2, 'PART_NO', 3, 4)  

2021-10-12 14:20:40,027 [25] INFO  --End:取得Price_Group資訊 - Completed
2021-10-12 14:20:40,027 [25] INFO  --Begin: - 【GetDetailApprove】:  SELECT A.RSI_NO, A.FORM_NO, A.PART_TYPE, A.PHASE_ID, A.PHASE, A.APP_SERIAL, 
                                          A.APP_ASSIGNER, A.APP_ASSIGNER_NAME, A.APP_ACTOR, A.APP_ACTOR_NAME,
                                          A.STATUS, A.BEGIN_DATE, A.END_DATE,
                                          A.APP_CONTENT, A.DIF_DAY
                                          FROM RSI_APPROVAL_LIST_V A
                                          WHERE A.RSI_NO = :rsi_no
                                          AND A.PART_TYPE = :part_type 

2021-10-12 14:20:40,027 [25] INFO   --End: - Completed
2021-10-12 14:20:40,027 [25] INFO  --Begin:GetVersion - 【RSI_ConfigEntityDAL】:select attribute1 from RSI_C_PARAMETER where function='VERSION_CONTROL' 

2021-10-12 14:20:40,027 [25] INFO  --End:GetVersion - Completed
2021-10-12 14:20:40,027 [25] INFO  --Begin:獲取To_Do_List_V資訊 - 【GetTo_Do_List_VEntities】:SELECT * FROM RSI_TO_DO_LIST_V 
                                                WHERE ( :emp_no is null or APP_ASSIGNER = :emp_no) 
                                                ORDER BY PHASE_ID, HELDDAYS 

2021-10-12 14:20:40,761 [25] INFO  --End:獲取To_Do_List_V資訊 - Completed
2021-10-12 14:20:40,761 [25] INFO  --Begin:獲取To_Do_List_V資訊 - 【GetTo_Do_List_VEntities】:SELECT * FROM RSI_TO_DO_LIST_V 
                                                WHERE ( :emp_no is null or APP_ASSIGNER = :emp_no) 
                                                ORDER BY PHASE_ID, HELDDAYS 

2021-10-12 14:20:40,777 [25] INFO  --End:獲取To_Do_List_V資訊 - Completed
2021-10-12 14:20:40,777 [25] INFO  --Begin:獲取Department Name資訊 - 【GetDepartmentName】: SELECT * 
                                                FROM GFIN.EMP_DATA_ALL E, GFIN.ORG_DATA_ALL O
                                                WHERE E.ORG_ID = O.ORG_ID
                                                AND E.EMP_NO = :emp_no 

2021-10-12 14:20:40,777 [25] INFO  --End:獲取Department Name資訊 - Completed
2021-10-12 14:20:42,109 [13] INFO  --Begin: - 【GetPartLevelEnglish】:select distinct m.mtl_group,
                                                 m.parts_group,
                                                 m.mtl_parts,
                                                 p.part_kind_key as part_level,
                                                 p.english_name
                                  from rsi_r_part_info p
                                  left join gpo.rsi_c_mtl_parts m
                                    on p.part_kind_key = m.part_level
                                   and p.english_name = m.english_name
                                   and m.active = 'Y'
                                 --where p.part_kind_key not like '9%'
                                   where p.english_name is not null
                                 order by p.part_kind_key 

2021-10-12 14:20:42,109 [15] INFO  --Begin:取得Normal Parts資訊 - 【GetRDReviewNormalParts】: select b.rsi_no, 'Normal' mtl_type, '' mtl_group, '' parts_group, '' mtl_parts, '' part_type,
                                                decode(ismodify, 'Y', substr(b.partnumber_child, 0, 2), b.partnumber_child) as part_no,
                                                b.part_desc, b.part_level, b.english_name, '' maker_source, '' maker_part_no, '' part_spec,
                                                '' spec_def, b.release_date, b.part_quantity as usage, b.part_unit, '' eol_status,
                                                '' uni_spec_status, '' remark, decode(ismodify, 'Y', 'U', null) as modify_type, 0 sn, 0 parent_sn, '' file_status, '' phase_id,
                                                b.partnumber_top, decode(ismodify, 'Y', substr(b.partnumber_child, 0, 2), b.partnumber_child) as partnumber_child,
                                                b.partnumber_parent, decode(ismodify, 'Y', substr(b.partnumber_child, 0, 2), b.partnumber_child) as DisplayPartNo,
                                                0 bom_level
                                                from gpo.rsi_h_bom_all b
                                                where rsi_no = :rsi_no
                                                and bom_level = 0
                                                --and not exists (select 1 from rsi_h_product_detail d where d.rsi_no = :rsi_no)
                                                union all
                                                select *
                                                from (
                                                    select d.*, LPAD(' ', (Level) * 4) || nvl(d.part_no, d.part_level) as DisplayPartNo, Level bom_level
                                                    from (
                                                        select distinct d.rsi_no,
                                                        nvl(d.mtl_type, decode(s.active, 'Y', 'Special', 'Normal')) mtl_type,
                                                        d.mtl_group,
                                                        d.parts_group,
                                                        d.mtl_parts,
                                                        d.part_type, 
                                                        d.part_no,
                                                        d.part_desc,
                                                        d.part_level,
                                                        d.english_name,
                                                        d.maker_source,
                                                        d.maker_part_no,
                                                        d.part_spec,
                                                        c.SPEC_DEF,
                                                        d.release_date,
                                                        d.usage,
                                                        d.part_unit,
                                                        d.eol_status eol_status,
                                                        d.uni_spec_status uni_spec_status,
                                                        d.remark,
                                                        d.modify_type,
                                                        d.sn,
                                                        d.parent_sn,
                                                        decode(nvl(f.cnt,0),0,'N','Y') as file_status,
                                                        d.phase_id,
                                                        i.ref_product partnumber_top,
                                                        nvl(d.part_no, d.part_level) partnumber_child, 
                                                        d.partnumber_parent
                                                        from gpo.rsi_h_product_detail d
                                                        join gpo.rsi_h_product_info i on d.rsi_no = i.rsi_no
                                                        left join gpo.rsi_c_mtl_special_parts s on s.mtl_parts = d.mtl_parts and s.active = 'Y'
                                                        left join (select distinct mtl_parts, spec_def
                                                                     from gpo.rsi_c_mtl_spec_def
                                                                    where active = 'Y') c
                                                          on d.mtl_parts = c.mtl_parts
                                                        left join (SELECT Biz_Id,count(1) AS cnt FROM GPO.RSI_H_FILELIST GROUP BY Biz_Id) f
                                                          on f.BIZ_ID = d.RSI_NO||'_'||d.SN
                                                        where nvl(d.mtl_type, decode(s.active, 'Y', 'Special', 'Normal')) <> 'Special' 
                                                        and (d.modify_type is null or d.modify_type <> 'D')
                                                        and nvl(d.mtl_group,'-') not like 'MOH%'
                                                        and d.rsi_no = :rsi_no
                                                    ) d
                                                    start with partnumber_top = partnumber_parent
                                                    connect by nocycle prior partnumber_top = partnumber_top
                                                                    and prior sn = parent_sn
                                                                   --and prior partnumber_child = partnumber_parent
                                                    order siblings by part_level desc
                                                ) a 

2021-10-12 14:20:42,109 [25] INFO  --Begin: - 【GetUnit】:select distinct upper(unit) unit
                                               from rsi_r_part_info
                                               order by unit 

2021-10-12 14:20:42,124 [38] INFO  --Begin:取得Group_ID資訊 - 【GetGroupID】:SELECT DISTINCT GROUP_ID
                                                FROM GPO.RSI_H_PRODUCT_DETAIL D 
                                                WHERE RSI_NO = :rsi_no   --querystring取的
                                                AND GROUP_ID IS NOT NULL
                                                AND (MODIFY_TYPE IS NULL OR MODIFY_TYPE <> 'D')
                                                ORDER BY GROUP_ID ASC 

2021-10-12 14:20:42,140 [38] INFO  --End:取得Group_ID資訊 - Completed
2021-10-12 14:20:42,140 [15] INFO  --End:取得Normal Parts資訊 - Completed
2021-10-12 14:20:42,234 [13] INFO   --End: - Completed
2021-10-12 14:20:42,249 [25] INFO   --End: - Completed
2021-10-12 14:21:48,088 [36] INFO  --Begin: - 【Auto_Identify】:select count(*) as count
                                                from RSI_TO_DO_LIST_V a
                                                where a.APP_ASSIGNER = :emp_no
                                                and a.rsi_no = :rsi_no
                                                and a.phase_id = :phase_id 

2021-10-12 14:21:48,103 [36] INFO   --End: - Completed
2021-10-12 14:21:48,103 [36] INFO  --Begin:GetMCAConrol - 【RSI_ConfigEntityDAL】:select * from RSI_C_PARAMETER t
                                 where t.function='MAC_CONTROL'
                                 and t.attribute1='Y' 

2021-10-12 14:21:48,103 [36] INFO  --End:GetMCAConrol - Completed
2021-10-12 14:21:48,103 [36] INFO  --Begin:取得H_Product_Info資訊 - 【GetH_Product_InfoEntities】:SELECT 
                    RSI_NO, BU, PROJECT_NAME, RFQ_NO, RFQ_VER, APPLY_TYPE, LCM, TP, MODEL, REF_PRODUCT, APPLY_REASON, RFQ_TYPE, BL_NIT, POWER,
                    PM, (SELECT DISTINCT PM ||'-'|| EMP_NAME FROM GFIN.EMP_DATA_ALL E WHERE E.EMP_NO = P.PM) AS PM_NAME,
                    PL_RD, (SELECT DISTINCT PL_RD ||'-'|| EMP_NAME FROM GFIN.EMP_DATA_ALL E WHERE E.EMP_NO = P.PL_RD) AS PLRD_NAME,
                    ACD_RD, (SELECT DISTINCT ACD_RD ||'-'|| EMP_NAME FROM GFIN.EMP_DATA_ALL E WHERE E.EMP_NO = P.ACD_RD) AS ACDRD_NAME,
                    EE_RD, (SELECT DISTINCT EE_RD ||'-'|| EMP_NAME FROM GFIN.EMP_DATA_ALL E WHERE E.EMP_NO = P.EE_RD) AS EERD_NAME,
                    OM_RD, (SELECT DISTINCT OM_RD ||'-'|| EMP_NAME FROM GFIN.EMP_DATA_ALL E WHERE E.EMP_NO = P.OM_RD) AS OMRD_NAME,
                    PACKING_RD, (SELECT DISTINCT PACKING_RD ||'-'|| EMP_NAME FROM GFIN.EMP_DATA_ALL E WHERE E.EMP_NO = P.PACKING_RD) AS PACKINGRD_NAME,
                    TP_ACD_RD, (SELECT DISTINCT TP_ACD_RD ||'-'|| EMP_NAME FROM GFIN.EMP_DATA_ALL E WHERE E.EMP_NO = P.TP_ACD_RD) AS TP_ACDRD_NAME,
                    TP_EE_RD, (SELECT DISTINCT TP_EE_RD ||'-'|| EMP_NAME FROM GFIN.EMP_DATA_ALL E WHERE E.EMP_NO = P.TP_EE_RD) AS TP_EERD_NAME,
                    TP_OM_RD, (SELECT DISTINCT TP_OM_RD ||'-'|| EMP_NAME FROM GFIN.EMP_DATA_ALL E WHERE E.EMP_NO = P.TP_OM_RD) AS TP_OMRD_NAME,
                    REQUEST_DATE,  :part_type PartType, REF_PRODUCT_RFQ, BIDDING_PROJECT, SOURCING_POOL_NAME, 
                    ARRAY_FAB, JI_FAB, MODULE_FAB, SIZE_INCH, SURFACE_TREATMENT, SOP_YEAR, SOP_QUARTERLY, SOP_MONTH, RESOLUTION, PM_LCD_TYPE, PM_BRIGHTNESS,
                    FCST_QTY, SAMPLE_REQUEST, SAMPLE_REQUEST_DATE, SAMPLE_REQUEST_QTY
                    FROM gpo.RSI_H_PRODUCT_INFO P 
                    WHERE P.RSI_NO =:rsi_no 

2021-10-12 14:21:48,103 [36] INFO  --End:取得H_Product_Info資訊 - Completed
2021-10-12 14:21:48,103 [36] INFO  --Begin:獲取Site Name資訊 - 【GetSiteName】:SELECT DISTINCT PHASE_ID, PHASE FROM GPO.RSI_C_FLOW_DEF WHERE PHASE_ID = :phase_id and BU = :bu 

2021-10-12 14:21:48,103 [36] INFO  --End:獲取Site Name資訊 - Completed
2021-10-12 14:21:51,103 [36] INFO  --Begin: - 【GetFCSTPage】:select attribute1 as bu from RSI_C_PARAMETER where function='FCST_PAGE'  

2021-10-12 14:21:51,119 [36] INFO   --End: - Completed
2021-10-12 14:21:51,119 [36] INFO  --Begin: - 【GetExportExcelConfig】:select * 
                                 from gpo.rsi_c_parameter
                                 where function = 'ExportExcel_Authority'
                                 and decode(:BU, upper(attribute1), 1, instr(attribute1, 'ALL')) > 0   and decode(:Part_Type, upper(attribute2), 1, INSTR(attribute2, 'ALL')) > 0  and attribute3 = :Phase_ID
                                  order by attribute3

2021-10-12 14:21:51,119 [36] INFO   --End: - Completed
2021-10-12 14:21:51,119 [36] INFO  --Begin:Upload_Flag - 【RSI_ConfigEntityDAL】:select attribute3 from RSI_C_PARAMETER
                                 where function='BULK_UPLOAD' and attribute2 = :phase_id  

2021-10-12 14:21:51,119 [36] INFO  --End:Upload_Flag - Completed
2021-10-12 14:21:51,119 [36] INFO  --Begin:取得H_Product_Info資訊 - 【GetH_Product_InfoEntities】:SELECT 
                    RSI_NO, BU, PROJECT_NAME, RFQ_NO, RFQ_VER, APPLY_TYPE, LCM, TP, MODEL, REF_PRODUCT, APPLY_REASON, RFQ_TYPE, BL_NIT, POWER,
                    PM, (SELECT DISTINCT PM ||'-'|| EMP_NAME FROM GFIN.EMP_DATA_ALL E WHERE E.EMP_NO = P.PM) AS PM_NAME,
                    PL_RD, (SELECT DISTINCT PL_RD ||'-'|| EMP_NAME FROM GFIN.EMP_DATA_ALL E WHERE E.EMP_NO = P.PL_RD) AS PLRD_NAME,
                    ACD_RD, (SELECT DISTINCT ACD_RD ||'-'|| EMP_NAME FROM GFIN.EMP_DATA_ALL E WHERE E.EMP_NO = P.ACD_RD) AS ACDRD_NAME,
                    EE_RD, (SELECT DISTINCT EE_RD ||'-'|| EMP_NAME FROM GFIN.EMP_DATA_ALL E WHERE E.EMP_NO = P.EE_RD) AS EERD_NAME,
                    OM_RD, (SELECT DISTINCT OM_RD ||'-'|| EMP_NAME FROM GFIN.EMP_DATA_ALL E WHERE E.EMP_NO = P.OM_RD) AS OMRD_NAME,
                    PACKING_RD, (SELECT DISTINCT PACKING_RD ||'-'|| EMP_NAME FROM GFIN.EMP_DATA_ALL E WHERE E.EMP_NO = P.PACKING_RD) AS PACKINGRD_NAME,
                    TP_ACD_RD, (SELECT DISTINCT TP_ACD_RD ||'-'|| EMP_NAME FROM GFIN.EMP_DATA_ALL E WHERE E.EMP_NO = P.TP_ACD_RD) AS TP_ACDRD_NAME,
                    TP_EE_RD, (SELECT DISTINCT TP_EE_RD ||'-'|| EMP_NAME FROM GFIN.EMP_DATA_ALL E WHERE E.EMP_NO = P.TP_EE_RD) AS TP_EERD_NAME,
                    TP_OM_RD, (SELECT DISTINCT TP_OM_RD ||'-'|| EMP_NAME FROM GFIN.EMP_DATA_ALL E WHERE E.EMP_NO = P.TP_OM_RD) AS TP_OMRD_NAME,
                    REQUEST_DATE,  :part_type PartType, REF_PRODUCT_RFQ, BIDDING_PROJECT, SOURCING_POOL_NAME, 
                    ARRAY_FAB, JI_FAB, MODULE_FAB, SIZE_INCH, SURFACE_TREATMENT, SOP_YEAR, SOP_QUARTERLY, SOP_MONTH, RESOLUTION, PM_LCD_TYPE, PM_BRIGHTNESS,
                    FCST_QTY, SAMPLE_REQUEST, SAMPLE_REQUEST_DATE, SAMPLE_REQUEST_QTY
                    FROM gpo.RSI_H_PRODUCT_INFO P 
                    WHERE P.RSI_NO =:rsi_no 

2021-10-12 14:21:51,119 [36] INFO  --End:取得H_Product_Info資訊 - Completed
2021-10-12 14:21:51,119 [36] INFO  --Begin:取得Price_Group資訊 - 【GetPrice_Group】:SELECT *
                                   FROM GPO.RSI_C_PARAMETER 
                                  WHERE FUNCTION = :price_type
                                    AND ATTRIBUTE1 = :bu
                                    AND DECODE( :part_type, UPPER(ATTRIBUTE2), 1, INSTR(ATTRIBUTE2, 'ALL')) > 0
                                  ORDER BY DECODE(UPPER(ATTRIBUTE3), 'MATERIAL_GROUP', 0, 'PARTS_GROUP', 1, 'MATERIAL_PARTS', 2, 'PART_NO', 3, 4)  

2021-10-12 14:21:51,119 [36] INFO  --End:取得Price_Group資訊 - Completed
2021-10-12 14:21:51,119 [36] INFO  --Begin: - 【GetDetailApprove】:  SELECT A.RSI_NO, A.FORM_NO, A.PART_TYPE, A.PHASE_ID, A.PHASE, A.APP_SERIAL, 
                                          A.APP_ASSIGNER, A.APP_ASSIGNER_NAME, A.APP_ACTOR, A.APP_ACTOR_NAME,
                                          A.STATUS, A.BEGIN_DATE, A.END_DATE,
                                          A.APP_CONTENT, A.DIF_DAY
                                          FROM RSI_APPROVAL_LIST_V A
                                          WHERE A.RSI_NO = :rsi_no
                                          AND A.PART_TYPE = :part_type 

2021-10-12 14:21:51,119 [36] INFO   --End: - Completed
2021-10-12 14:21:51,119 [36] INFO  --Begin:GetVersion - 【RSI_ConfigEntityDAL】:select attribute1 from RSI_C_PARAMETER where function='VERSION_CONTROL' 

2021-10-12 14:21:51,119 [36] INFO  --End:GetVersion - Completed
2021-10-12 14:21:51,119 [36] INFO  --Begin:獲取To_Do_List_V資訊 - 【GetTo_Do_List_VEntities】:SELECT * FROM RSI_TO_DO_LIST_V 
                                                WHERE ( :emp_no is null or APP_ASSIGNER = :emp_no) 
                                                ORDER BY PHASE_ID, HELDDAYS 

2021-10-12 14:21:51,135 [36] INFO  --End:獲取To_Do_List_V資訊 - Completed
2021-10-12 14:21:51,135 [36] INFO  --Begin:獲取To_Do_List_V資訊 - 【GetTo_Do_List_VEntities】:SELECT * FROM RSI_TO_DO_LIST_V 
                                                WHERE ( :emp_no is null or APP_ASSIGNER = :emp_no) 
                                                ORDER BY PHASE_ID, HELDDAYS 

2021-10-12 14:21:51,135 [36] INFO  --End:獲取To_Do_List_V資訊 - Completed
2021-10-12 14:21:51,135 [36] INFO  --Begin:獲取Department Name資訊 - 【GetDepartmentName】: SELECT * 
                                                FROM GFIN.EMP_DATA_ALL E, GFIN.ORG_DATA_ALL O
                                                WHERE E.ORG_ID = O.ORG_ID
                                                AND E.EMP_NO = :emp_no 

2021-10-12 14:21:51,150 [36] INFO  --End:獲取Department Name資訊 - Completed
2021-10-12 14:21:51,619 [40] INFO  --Begin: - 【GetPartLevelEnglish】:select distinct m.mtl_group,
                                                 m.parts_group,
                                                 m.mtl_parts,
                                                 p.part_kind_key as part_level,
                                                 p.english_name
                                  from rsi_r_part_info p
                                  left join gpo.rsi_c_mtl_parts m
                                    on p.part_kind_key = m.part_level
                                   and p.english_name = m.english_name
                                   and m.active = 'Y'
                                 --where p.part_kind_key not like '9%'
                                   where p.english_name is not null
                                 order by p.part_kind_key 

2021-10-12 14:21:51,619 [15] INFO  --Begin:取得Normal Parts資訊 - 【GetRDReviewNormalParts】: select b.rsi_no, 'Normal' mtl_type, '' mtl_group, '' parts_group, '' mtl_parts, '' part_type,
                                                decode(ismodify, 'Y', substr(b.partnumber_child, 0, 2), b.partnumber_child) as part_no,
                                                b.part_desc, b.part_level, b.english_name, '' maker_source, '' maker_part_no, '' part_spec,
                                                '' spec_def, b.release_date, b.part_quantity as usage, b.part_unit, '' eol_status,
                                                '' uni_spec_status, '' remark, decode(ismodify, 'Y', 'U', null) as modify_type, 0 sn, 0 parent_sn, '' file_status, '' phase_id,
                                                b.partnumber_top, decode(ismodify, 'Y', substr(b.partnumber_child, 0, 2), b.partnumber_child) as partnumber_child,
                                                b.partnumber_parent, decode(ismodify, 'Y', substr(b.partnumber_child, 0, 2), b.partnumber_child) as DisplayPartNo,
                                                0 bom_level
                                                from gpo.rsi_h_bom_all b
                                                where rsi_no = :rsi_no
                                                and bom_level = 0
                                                --and not exists (select 1 from rsi_h_product_detail d where d.rsi_no = :rsi_no)
                                                union all
                                                select *
                                                from (
                                                    select d.*, LPAD(' ', (Level) * 4) || nvl(d.part_no, d.part_level) as DisplayPartNo, Level bom_level
                                                    from (
                                                        select distinct d.rsi_no,
                                                        nvl(d.mtl_type, decode(s.active, 'Y', 'Special', 'Normal')) mtl_type,
                                                        d.mtl_group,
                                                        d.parts_group,
                                                        d.mtl_parts,
                                                        d.part_type, 
                                                        d.part_no,
                                                        d.part_desc,
                                                        d.part_level,
                                                        d.english_name,
                                                        d.maker_source,
                                                        d.maker_part_no,
                                                        d.part_spec,
                                                        c.SPEC_DEF,
                                                        d.release_date,
                                                        d.usage,
                                                        d.part_unit,
                                                        d.eol_status eol_status,
                                                        d.uni_spec_status uni_spec_status,
                                                        d.remark,
                                                        d.modify_type,
                                                        d.sn,
                                                        d.parent_sn,
                                                        decode(nvl(f.cnt,0),0,'N','Y') as file_status,
                                                        d.phase_id,
                                                        i.ref_product partnumber_top,
                                                        nvl(d.part_no, d.part_level) partnumber_child, 
                                                        d.partnumber_parent
                                                        from gpo.rsi_h_product_detail d
                                                        join gpo.rsi_h_product_info i on d.rsi_no = i.rsi_no
                                                        left join gpo.rsi_c_mtl_special_parts s on s.mtl_parts = d.mtl_parts and s.active = 'Y'
                                                        left join (select distinct mtl_parts, spec_def
                                                                     from gpo.rsi_c_mtl_spec_def
                                                                    where active = 'Y') c
                                                          on d.mtl_parts = c.mtl_parts
                                                        left join (SELECT Biz_Id,count(1) AS cnt FROM GPO.RSI_H_FILELIST GROUP BY Biz_Id) f
                                                          on f.BIZ_ID = d.RSI_NO||'_'||d.SN
                                                        where nvl(d.mtl_type, decode(s.active, 'Y', 'Special', 'Normal')) <> 'Special' 
                                                        and (d.modify_type is null or d.modify_type <> 'D')
                                                        and nvl(d.mtl_group,'-') not like 'MOH%'
                                                        and d.rsi_no = :rsi_no
                                                    ) d
                                                    start with partnumber_top = partnumber_parent
                                                    connect by nocycle prior partnumber_top = partnumber_top
                                                                    and prior sn = parent_sn
                                                                   --and prior partnumber_child = partnumber_parent
                                                    order siblings by part_level desc
                                                ) a 

2021-10-12 14:21:51,619 [34] INFO  --Begin: - 【GetUnit】:select distinct upper(unit) unit
                                               from rsi_r_part_info
                                               order by unit 

2021-10-12 14:21:51,635 [39] INFO  --Begin:取得Group_ID資訊 - 【GetGroupID】:SELECT DISTINCT GROUP_ID
                                                FROM GPO.RSI_H_PRODUCT_DETAIL D 
                                                WHERE RSI_NO = :rsi_no   --querystring取的
                                                AND GROUP_ID IS NOT NULL
                                                AND (MODIFY_TYPE IS NULL OR MODIFY_TYPE <> 'D')
                                                ORDER BY GROUP_ID ASC 

2021-10-12 14:21:51,635 [15] INFO  --End:取得Normal Parts資訊 - Completed
2021-10-12 14:21:51,650 [39] INFO  --End:取得Group_ID資訊 - Completed
2021-10-12 14:21:51,728 [40] INFO   --End: - Completed
2021-10-12 14:21:51,760 [34] INFO   --End: - Completed
2021-10-12 14:28:00,994 [ 8] INFO  --Begin: - 【Auto_Identify】:select count(*) as count
                                                from RSI_TO_DO_LIST_V a
                                                where a.APP_ASSIGNER = :emp_no
                                                and a.rsi_no = :rsi_no
                                                and a.phase_id = :phase_id 

2021-10-12 14:28:00,994 [ 8] INFO   --End: - Completed
2021-10-12 14:28:00,994 [ 8] INFO  --Begin:GetMCAConrol - 【RSI_ConfigEntityDAL】:select * from RSI_C_PARAMETER t
                                 where t.function='MAC_CONTROL'
                                 and t.attribute1='Y' 

2021-10-12 14:28:00,994 [ 8] INFO  --End:GetMCAConrol - Completed
2021-10-12 14:28:00,994 [ 8] INFO  --Begin:取得H_Product_Info資訊 - 【GetH_Product_InfoEntities】:SELECT 
                    RSI_NO, BU, PROJECT_NAME, RFQ_NO, RFQ_VER, APPLY_TYPE, LCM, TP, MODEL, REF_PRODUCT, APPLY_REASON, RFQ_TYPE, BL_NIT, POWER,
                    PM, (SELECT DISTINCT PM ||'-'|| EMP_NAME FROM GFIN.EMP_DATA_ALL E WHERE E.EMP_NO = P.PM) AS PM_NAME,
                    PL_RD, (SELECT DISTINCT PL_RD ||'-'|| EMP_NAME FROM GFIN.EMP_DATA_ALL E WHERE E.EMP_NO = P.PL_RD) AS PLRD_NAME,
                    ACD_RD, (SELECT DISTINCT ACD_RD ||'-'|| EMP_NAME FROM GFIN.EMP_DATA_ALL E WHERE E.EMP_NO = P.ACD_RD) AS ACDRD_NAME,
                    EE_RD, (SELECT DISTINCT EE_RD ||'-'|| EMP_NAME FROM GFIN.EMP_DATA_ALL E WHERE E.EMP_NO = P.EE_RD) AS EERD_NAME,
                    OM_RD, (SELECT DISTINCT OM_RD ||'-'|| EMP_NAME FROM GFIN.EMP_DATA_ALL E WHERE E.EMP_NO = P.OM_RD) AS OMRD_NAME,
                    PACKING_RD, (SELECT DISTINCT PACKING_RD ||'-'|| EMP_NAME FROM GFIN.EMP_DATA_ALL E WHERE E.EMP_NO = P.PACKING_RD) AS PACKINGRD_NAME,
                    TP_ACD_RD, (SELECT DISTINCT TP_ACD_RD ||'-'|| EMP_NAME FROM GFIN.EMP_DATA_ALL E WHERE E.EMP_NO = P.TP_ACD_RD) AS TP_ACDRD_NAME,
                    TP_EE_RD, (SELECT DISTINCT TP_EE_RD ||'-'|| EMP_NAME FROM GFIN.EMP_DATA_ALL E WHERE E.EMP_NO = P.TP_EE_RD) AS TP_EERD_NAME,
                    TP_OM_RD, (SELECT DISTINCT TP_OM_RD ||'-'|| EMP_NAME FROM GFIN.EMP_DATA_ALL E WHERE E.EMP_NO = P.TP_OM_RD) AS TP_OMRD_NAME,
                    REQUEST_DATE,  :part_type PartType, REF_PRODUCT_RFQ, BIDDING_PROJECT, SOURCING_POOL_NAME, 
                    ARRAY_FAB, JI_FAB, MODULE_FAB, SIZE_INCH, SURFACE_TREATMENT, SOP_YEAR, SOP_QUARTERLY, SOP_MONTH, RESOLUTION, PM_LCD_TYPE, PM_BRIGHTNESS,
                    FCST_QTY, SAMPLE_REQUEST, SAMPLE_REQUEST_DATE, SAMPLE_REQUEST_QTY
                    FROM gpo.RSI_H_PRODUCT_INFO P 
                    WHERE P.RSI_NO =:rsi_no 

2021-10-12 14:28:00,994 [ 8] INFO  --End:取得H_Product_Info資訊 - Completed
2021-10-12 14:28:00,994 [ 8] INFO  --Begin:獲取Site Name資訊 - 【GetSiteName】:SELECT DISTINCT PHASE_ID, PHASE FROM GPO.RSI_C_FLOW_DEF WHERE PHASE_ID = :phase_id and BU = :bu 

2021-10-12 14:28:00,994 [ 8] INFO  --End:獲取Site Name資訊 - Completed
2021-10-12 14:28:03,963 [ 8] INFO  --Begin: - 【GetFCSTPage】:select attribute1 as bu from RSI_C_PARAMETER where function='FCST_PAGE'  

2021-10-12 14:28:03,963 [ 8] INFO   --End: - Completed
2021-10-12 14:28:03,963 [ 8] INFO  --Begin: - 【GetExportExcelConfig】:select * 
                                 from gpo.rsi_c_parameter
                                 where function = 'ExportExcel_Authority'
                                 and decode(:BU, upper(attribute1), 1, instr(attribute1, 'ALL')) > 0   and decode(:Part_Type, upper(attribute2), 1, INSTR(attribute2, 'ALL')) > 0  and attribute3 = :Phase_ID
                                  order by attribute3

2021-10-12 14:28:03,963 [ 8] INFO   --End: - Completed
2021-10-12 14:28:03,963 [ 8] INFO  --Begin:Upload_Flag - 【RSI_ConfigEntityDAL】:select attribute3 from RSI_C_PARAMETER
                                 where function='BULK_UPLOAD' and attribute2 = :phase_id  

2021-10-12 14:28:03,963 [ 8] INFO  --End:Upload_Flag - Completed
2021-10-12 14:28:03,963 [ 8] INFO  --Begin:取得H_Product_Info資訊 - 【GetH_Product_InfoEntities】:SELECT 
                    RSI_NO, BU, PROJECT_NAME, RFQ_NO, RFQ_VER, APPLY_TYPE, LCM, TP, MODEL, REF_PRODUCT, APPLY_REASON, RFQ_TYPE, BL_NIT, POWER,
                    PM, (SELECT DISTINCT PM ||'-'|| EMP_NAME FROM GFIN.EMP_DATA_ALL E WHERE E.EMP_NO = P.PM) AS PM_NAME,
                    PL_RD, (SELECT DISTINCT PL_RD ||'-'|| EMP_NAME FROM GFIN.EMP_DATA_ALL E WHERE E.EMP_NO = P.PL_RD) AS PLRD_NAME,
                    ACD_RD, (SELECT DISTINCT ACD_RD ||'-'|| EMP_NAME FROM GFIN.EMP_DATA_ALL E WHERE E.EMP_NO = P.ACD_RD) AS ACDRD_NAME,
                    EE_RD, (SELECT DISTINCT EE_RD ||'-'|| EMP_NAME FROM GFIN.EMP_DATA_ALL E WHERE E.EMP_NO = P.EE_RD) AS EERD_NAME,
                    OM_RD, (SELECT DISTINCT OM_RD ||'-'|| EMP_NAME FROM GFIN.EMP_DATA_ALL E WHERE E.EMP_NO = P.OM_RD) AS OMRD_NAME,
                    PACKING_RD, (SELECT DISTINCT PACKING_RD ||'-'|| EMP_NAME FROM GFIN.EMP_DATA_ALL E WHERE E.EMP_NO = P.PACKING_RD) AS PACKINGRD_NAME,
                    TP_ACD_RD, (SELECT DISTINCT TP_ACD_RD ||'-'|| EMP_NAME FROM GFIN.EMP_DATA_ALL E WHERE E.EMP_NO = P.TP_ACD_RD) AS TP_ACDRD_NAME,
                    TP_EE_RD, (SELECT DISTINCT TP_EE_RD ||'-'|| EMP_NAME FROM GFIN.EMP_DATA_ALL E WHERE E.EMP_NO = P.TP_EE_RD) AS TP_EERD_NAME,
                    TP_OM_RD, (SELECT DISTINCT TP_OM_RD ||'-'|| EMP_NAME FROM GFIN.EMP_DATA_ALL E WHERE E.EMP_NO = P.TP_OM_RD) AS TP_OMRD_NAME,
                    REQUEST_DATE,  :part_type PartType, REF_PRODUCT_RFQ, BIDDING_PROJECT, SOURCING_POOL_NAME, 
                    ARRAY_FAB, JI_FAB, MODULE_FAB, SIZE_INCH, SURFACE_TREATMENT, SOP_YEAR, SOP_QUARTERLY, SOP_MONTH, RESOLUTION, PM_LCD_TYPE, PM_BRIGHTNESS,
                    FCST_QTY, SAMPLE_REQUEST, SAMPLE_REQUEST_DATE, SAMPLE_REQUEST_QTY
                    FROM gpo.RSI_H_PRODUCT_INFO P 
                    WHERE P.RSI_NO =:rsi_no 

2021-10-12 14:28:03,963 [ 8] INFO  --End:取得H_Product_Info資訊 - Completed
2021-10-12 14:28:03,963 [ 8] INFO  --Begin:取得Price_Group資訊 - 【GetPrice_Group】:SELECT *
                                   FROM GPO.RSI_C_PARAMETER 
                                  WHERE FUNCTION = :price_type
                                    AND ATTRIBUTE1 = :bu
                                    AND DECODE( :part_type, UPPER(ATTRIBUTE2), 1, INSTR(ATTRIBUTE2, 'ALL')) > 0
                                  ORDER BY DECODE(UPPER(ATTRIBUTE3), 'MATERIAL_GROUP', 0, 'PARTS_GROUP', 1, 'MATERIAL_PARTS', 2, 'PART_NO', 3, 4)  

2021-10-12 14:28:03,979 [ 8] INFO  --End:取得Price_Group資訊 - Completed
2021-10-12 14:28:03,979 [ 8] INFO  --Begin: - 【GetDetailApprove】:  SELECT A.RSI_NO, A.FORM_NO, A.PART_TYPE, A.PHASE_ID, A.PHASE, A.APP_SERIAL, 
                                          A.APP_ASSIGNER, A.APP_ASSIGNER_NAME, A.APP_ACTOR, A.APP_ACTOR_NAME,
                                          A.STATUS, A.BEGIN_DATE, A.END_DATE,
                                          A.APP_CONTENT, A.DIF_DAY
                                          FROM RSI_APPROVAL_LIST_V A
                                          WHERE A.RSI_NO = :rsi_no
                                          AND A.PART_TYPE = :part_type 

2021-10-12 14:28:03,979 [ 8] INFO   --End: - Completed
2021-10-12 14:28:03,979 [ 8] INFO  --Begin:GetVersion - 【RSI_ConfigEntityDAL】:select attribute1 from RSI_C_PARAMETER where function='VERSION_CONTROL' 

2021-10-12 14:28:03,979 [ 8] INFO  --End:GetVersion - Completed
2021-10-12 14:28:03,979 [ 8] INFO  --Begin:獲取To_Do_List_V資訊 - 【GetTo_Do_List_VEntities】:SELECT * FROM RSI_TO_DO_LIST_V 
                                                WHERE ( :emp_no is null or APP_ASSIGNER = :emp_no) 
                                                ORDER BY PHASE_ID, HELDDAYS 

2021-10-12 14:28:03,979 [ 8] INFO  --End:獲取To_Do_List_V資訊 - Completed
2021-10-12 14:28:03,979 [ 8] INFO  --Begin:獲取To_Do_List_V資訊 - 【GetTo_Do_List_VEntities】:SELECT * FROM RSI_TO_DO_LIST_V 
                                                WHERE ( :emp_no is null or APP_ASSIGNER = :emp_no) 
                                                ORDER BY PHASE_ID, HELDDAYS 

2021-10-12 14:28:03,994 [ 8] INFO  --End:獲取To_Do_List_V資訊 - Completed
2021-10-12 14:28:03,994 [ 8] INFO  --Begin:獲取Department Name資訊 - 【GetDepartmentName】: SELECT * 
                                                FROM GFIN.EMP_DATA_ALL E, GFIN.ORG_DATA_ALL O
                                                WHERE E.ORG_ID = O.ORG_ID
                                                AND E.EMP_NO = :emp_no 

2021-10-12 14:28:03,994 [ 8] INFO  --End:獲取Department Name資訊 - Completed
2021-10-12 14:28:04,494 [42] INFO  --Begin: - 【GetPartLevelEnglish】:select distinct m.mtl_group,
                                                 m.parts_group,
                                                 m.mtl_parts,
                                                 p.part_kind_key as part_level,
                                                 p.english_name
                                  from rsi_r_part_info p
                                  left join gpo.rsi_c_mtl_parts m
                                    on p.part_kind_key = m.part_level
                                   and p.english_name = m.english_name
                                   and m.active = 'Y'
                                 --where p.part_kind_key not like '9%'
                                   where p.english_name is not null
                                 order by p.part_kind_key 

2021-10-12 14:28:04,494 [ 8] INFO  --Begin:取得Normal Parts資訊 - 【GetRDReviewNormalParts】: select b.rsi_no, 'Normal' mtl_type, '' mtl_group, '' parts_group, '' mtl_parts, '' part_type,
                                                decode(ismodify, 'Y', substr(b.partnumber_child, 0, 2), b.partnumber_child) as part_no,
                                                b.part_desc, b.part_level, b.english_name, '' maker_source, '' maker_part_no, '' part_spec,
                                                '' spec_def, b.release_date, b.part_quantity as usage, b.part_unit, '' eol_status,
                                                '' uni_spec_status, '' remark, decode(ismodify, 'Y', 'U', null) as modify_type, 0 sn, 0 parent_sn, '' file_status, '' phase_id,
                                                b.partnumber_top, decode(ismodify, 'Y', substr(b.partnumber_child, 0, 2), b.partnumber_child) as partnumber_child,
                                                b.partnumber_parent, decode(ismodify, 'Y', substr(b.partnumber_child, 0, 2), b.partnumber_child) as DisplayPartNo,
                                                0 bom_level
                                                from gpo.rsi_h_bom_all b
                                                where rsi_no = :rsi_no
                                                and bom_level = 0
                                                --and not exists (select 1 from rsi_h_product_detail d where d.rsi_no = :rsi_no)
                                                union all
                                                select *
                                                from (
                                                    select d.*, LPAD(' ', (Level) * 4) || nvl(d.part_no, d.part_level) as DisplayPartNo, Level bom_level
                                                    from (
                                                        select distinct d.rsi_no,
                                                        nvl(d.mtl_type, decode(s.active, 'Y', 'Special', 'Normal')) mtl_type,
                                                        d.mtl_group,
                                                        d.parts_group,
                                                        d.mtl_parts,
                                                        d.part_type, 
                                                        d.part_no,
                                                        d.part_desc,
                                                        d.part_level,
                                                        d.english_name,
                                                        d.maker_source,
                                                        d.maker_part_no,
                                                        d.part_spec,
                                                        c.SPEC_DEF,
                                                        d.release_date,
                                                        d.usage,
                                                        d.part_unit,
                                                        d.eol_status eol_status,
                                                        d.uni_spec_status uni_spec_status,
                                                        d.remark,
                                                        d.modify_type,
                                                        d.sn,
                                                        d.parent_sn,
                                                        decode(nvl(f.cnt,0),0,'N','Y') as file_status,
                                                        d.phase_id,
                                                        i.ref_product partnumber_top,
                                                        nvl(d.part_no, d.part_level) partnumber_child, 
                                                        d.partnumber_parent
                                                        from gpo.rsi_h_product_detail d
                                                        join gpo.rsi_h_product_info i on d.rsi_no = i.rsi_no
                                                        left join gpo.rsi_c_mtl_special_parts s on s.mtl_parts = d.mtl_parts and s.active = 'Y'
                                                        left join (select distinct mtl_parts, spec_def
                                                                     from gpo.rsi_c_mtl_spec_def
                                                                    where active = 'Y') c
                                                          on d.mtl_parts = c.mtl_parts
                                                        left join (SELECT Biz_Id,count(1) AS cnt FROM GPO.RSI_H_FILELIST GROUP BY Biz_Id) f
                                                          on f.BIZ_ID = d.RSI_NO||'_'||d.SN
                                                        where nvl(d.mtl_type, decode(s.active, 'Y', 'Special', 'Normal')) <> 'Special' 
                                                        and (d.modify_type is null or d.modify_type <> 'D')
                                                        and nvl(d.mtl_group,'-') not like 'MOH%'
                                                        and d.rsi_no = :rsi_no
                                                    ) d
                                                    start with partnumber_top = partnumber_parent
                                                    connect by nocycle prior partnumber_top = partnumber_top
                                                                    and prior sn = parent_sn
                                                                   --and prior partnumber_child = partnumber_parent
                                                    order siblings by part_level desc
                                                ) a 

2021-10-12 14:28:04,494 [36] INFO  --Begin: - 【GetUnit】:select distinct upper(unit) unit
                                               from rsi_r_part_info
                                               order by unit 

2021-10-12 14:28:04,494 [34] INFO  --Begin:取得Group_ID資訊 - 【GetGroupID】:SELECT DISTINCT GROUP_ID
                                                FROM GPO.RSI_H_PRODUCT_DETAIL D 
                                                WHERE RSI_NO = :rsi_no   --querystring取的
                                                AND GROUP_ID IS NOT NULL
                                                AND (MODIFY_TYPE IS NULL OR MODIFY_TYPE <> 'D')
                                                ORDER BY GROUP_ID ASC 

2021-10-12 14:28:04,510 [34] INFO  --End:取得Group_ID資訊 - Completed
2021-10-12 14:28:04,526 [ 8] INFO  --End:取得Normal Parts資訊 - Completed
2021-10-12 14:28:04,619 [42] INFO   --End: - Completed
2021-10-12 14:28:04,635 [36] INFO   --End: - Completed
2021-10-12 15:04:21,094 [ 7] INFO  --Begin:getCurrentHandler方法 - 【RSIWebServiceDAL】:SELECT bu,project_name,listagg(part_type || ':' || phase || '-' || assigner, '/') within group(ORDER BY part_type) AS rsi_status
                                FROM (SELECT DISTINCT a.bu,a.Project_Name,a.PART_TYPE,DECODE(a.part_type_v,NULL,'Pending on ' || t.phase || ' for other RSI',t.phase) AS phase,
                                                    e.eng_name as assigner
                                        FROM (SELECT H.bu,P.Project_Name,H.RSI_NO,H.PART_TYPE,V.PART_TYPE AS part_type_v,A.FORM_NO,
                                                    decode(A.PHASE_ID, '40', '45', A.Phase_Id) AS phase_id,
                                                    CASE
                                                        WHEN A.PHASE_ID IN ('40', '45') THEN
                                                        H.Product_Sourcer
                                                        ELSE
                                                        A.APP_ASSIGNER
                                                    END AS APP_ASSIGNER,
                                                    A.APP_STATUS
                                                FROM RSI_H_PRODUCT_INFO P
                                                JOIN RSI_H_FORM_HEADER H
                                                ON P.Rsi_No = H.RSI_NO
                                                JOIN RSI_H_FORM_APPROVE A
                                                ON H.FORM_NO = A.FORM_NO
                                                LEFT JOIN RSI_TO_DO_LIST_V v
                                                ON v.RSI_NO = p.rsi_no
                                                AND v.phase_id = a.phase_id
                                                WHERE P.RSI_STATUS = 'RSI'
                                                AND (A.FORM_NO, A.APP_SERIAL) IN
                                                    (SELECT FORM_NO, MAX(APP_SERIAL) AS APP_SERIAL
                                                        FROM GPO.RSI_H_FORM_APPROVE
                                                        WHERE APP_STATUS = 'U'
                                                        GROUP BY FORM_NO)
                                                AND A.App_Status = 'U') a
                                        JOIN gfin.emp_data_all e
                                        ON e.emp_no = a.app_assigner
                                        JOIN (select DISTINCT bu, phase_id, phase from rsi_c_flow_def) t
                                        ON t.bu = a.bu
                                        AND t.phase_id = a.phase_id)
                               where 1=1  and bu = :bu     group by bu, project_name 

2021-10-12 15:04:22,828 [ 7] INFO  --End:getCurrentHandler方法 - Completed
