2021-09-01 10:39:00,032 [13] INFO  --Begin:LoginLog - 【RSI_ConfigEntityDAL】:INSERT INTO rsi_h_func_log(attribute1,created_by,created_date)
                                 VALUES('Login',:emp_no,SYSDATE) 

2021-09-01 10:39:00,610 [13] INFO  --End:LoginLog - Completed
2021-09-01 10:39:00,610 [13] INFO  --Begin:獲取To_Do_List_V資訊 - 【GetTo_Do_List_VEntities】:SELECT * FROM RSI_TO_DO_LIST_V 
                                                WHERE ( :emp_no is null or APP_ASSIGNER = :emp_no) 
                                                ORDER BY PHASE_ID, HELDDAYS 

2021-09-01 10:39:01,532 [13] INFO  --End:獲取To_Do_List_V資訊 - Completed
2021-09-01 10:39:04,766 [13] INFO  --Begin:GetBulletin - 【RSI_ConfigEntityDAL】:select t.*,dbms_lob.substr(t.note) as sys_note from RSI_C_PARAMETER t
                                 where t.function='BULLETIN' 

2021-09-01 10:39:04,797 [13] INFO  --End:GetBulletin - Completed
2021-09-01 10:39:04,797 [13] INFO  --Begin:獲取FAQ資訊 - 【GetFAQ】:SELECT * FROM RSI_C_PARAMETER WHERE FUNCTION = 'FAQ' 

2021-09-01 10:39:04,797 [13] INFO  --End:獲取FAQ資訊 - Completed
2021-09-01 10:39:04,797 [13] INFO  --Begin:獲取ContactWindow資訊 - 【GetContactWindow】:SELECT DISTINCT ATTRIBUTE1, ATTRIBUTE2 FROM RSI_C_PARAMETER WHERE FUNCTION = 'Contact_Windows' 

2021-09-01 10:39:04,797 [13] INFO  --End:獲取ContactWindow資訊 - Completed
2021-09-01 10:39:05,375 [13] INFO  --Begin:獲取To_Do_List_V資訊 - 【GetTo_Do_List_VEntities】:SELECT * FROM RSI_TO_DO_LIST_V 
                                                WHERE ( :emp_no is null or APP_ASSIGNER = :emp_no) 
                                                ORDER BY PHASE_ID, HELDDAYS 

2021-09-01 10:39:05,375 [13] INFO  --End:獲取To_Do_List_V資訊 - Completed
2021-09-01 10:39:05,375 [13] INFO  --Begin:獲取To_Do_List_V資訊 - 【GetTo_Do_List_VEntities】:SELECT * FROM RSI_TO_DO_LIST_V 
                                                WHERE ( :emp_no is null or APP_ASSIGNER = :emp_no) 
                                                ORDER BY PHASE_ID, HELDDAYS 

2021-09-01 10:39:05,391 [13] INFO  --End:獲取To_Do_List_V資訊 - Completed
2021-09-01 10:39:05,391 [13] INFO  --Begin:獲取Department Name資訊 - 【GetDepartmentName】: SELECT * 
                                                FROM GFIN.EMP_DATA_ALL E, GFIN.ORG_DATA_ALL O
                                                WHERE E.ORG_ID = O.ORG_ID
                                                AND E.EMP_NO = :emp_no 

2021-09-01 10:39:05,407 [13] INFO  --End:獲取Department Name資訊 - Completed
2021-09-01 10:57:40,161 [38] INFO  --Begin: - 【Auto_Identify】:select count(*) as count
                                                from RSI_TO_DO_LIST_V a
                                                where a.APP_ASSIGNER = :emp_no
                                                and a.rsi_no = :rsi_no
                                                and a.phase_id = :phase_id 

2021-09-01 10:57:40,926 [38] INFO   --End: - Completed
2021-09-01 10:57:40,926 [38] INFO  --Begin:GetMCAConrol - 【RSI_ConfigEntityDAL】:select * from RSI_C_PARAMETER t
                                 where t.function='MAC_CONTROL'
                                 and t.attribute1='Y' 

2021-09-01 10:57:40,926 [38] INFO  --End:GetMCAConrol - Completed
2021-09-01 10:57:40,926 [38] INFO  --Begin:取得H_Product_Info資訊 - 【GetH_Product_InfoEntities】:SELECT 
                    RSI_NO, BU, PROJECT_NAME, RFQ_NO, RFQ_VER, APPLY_TYPE, LCM, TP, MODEL, REF_PRODUCT, APPLY_REASON, RFQ_TYPE, BL_NIT, POWER,
                    PM, (SELECT DISTINCT PM ||'-'|| EMP_NAME FROM GFIN.EMP_DATA_ALL E WHERE E.EMP_NO = P.PM) AS PM_NAME,
                    PL_RD, (SELECT DISTINCT PL_RD ||'-'|| EMP_NAME FROM GFIN.EMP_DATA_ALL E WHERE E.EMP_NO = P.PL_RD) AS PLRD_NAME,
                    ACD_RD, (SELECT DISTINCT ACD_RD ||'-'|| EMP_NAME FROM GFIN.EMP_DATA_ALL E WHERE E.EMP_NO = P.ACD_RD) AS ACDRD_NAME,
                    EE_RD, (SELECT DISTINCT EE_RD ||'-'|| EMP_NAME FROM GFIN.EMP_DATA_ALL E WHERE E.EMP_NO = P.EE_RD) AS EERD_NAME,
                    OM_RD, (SELECT DISTINCT OM_RD ||'-'|| EMP_NAME FROM GFIN.EMP_DATA_ALL E WHERE E.EMP_NO = P.OM_RD) AS OMRD_NAME,
                    PACKING_RD, (SELECT DISTINCT PACKING_RD ||'-'|| EMP_NAME FROM GFIN.EMP_DATA_ALL E WHERE E.EMP_NO = P.PACKING_RD) AS PACKINGRD_NAME,
                    TP_ACD_RD, (SELECT DISTINCT TP_ACD_RD ||'-'|| EMP_NAME FROM GFIN.EMP_DATA_ALL E WHERE E.EMP_NO = P.TP_ACD_RD) AS TP_ACDRD_NAME,
                    TP_EE_RD, (SELECT DISTINCT TP_EE_RD ||'-'|| EMP_NAME FROM GFIN.EMP_DATA_ALL E WHERE E.EMP_NO = P.TP_EE_RD) AS TP_EERD_NAME,
                    TP_OM_RD, (SELECT DISTINCT TP_OM_RD ||'-'|| EMP_NAME FROM GFIN.EMP_DATA_ALL E WHERE E.EMP_NO = P.TP_OM_RD) AS TP_OMRD_NAME,
                    REQUEST_DATE,  :part_type PartType, REF_PRODUCT_RFQ, BIDDING_PROJECT, SOURCING_POOL_NAME, 
                    ARRAY_FAB, JI_FAB, MODULE_FAB, SIZE_INCH, SURFACE_TREATMENT, SOP_YEAR, SOP_QUARTERLY, SOP_MONTH
                    FROM gpo.RSI_H_PRODUCT_INFO P 
                    WHERE P.RSI_NO =:rsi_no 

2021-09-01 10:57:40,926 [38] INFO  --End:取得H_Product_Info資訊 - Completed
2021-09-01 10:57:43,770 [38] INFO  --Begin:獲取Site Name資訊 - 【GetSiteName】:SELECT DISTINCT PHASE_ID, PHASE FROM GPO.RSI_C_FLOW_DEF WHERE PHASE_ID = :phase_id and BU = :bu 

2021-09-01 10:57:43,770 [38] INFO  --End:獲取Site Name資訊 - Completed
2021-09-01 10:57:44,317 [38] INFO  --Begin: - 【GetFCSTPage】:select attribute1 as bu from RSI_C_PARAMETER where function='FCST_PAGE'  

2021-09-01 10:57:44,317 [38] INFO   --End: - Completed
2021-09-01 10:57:44,317 [38] INFO  --Begin: - 【GetExportExcelConfig】:select * 
                                 from gpo.rsi_c_parameter
                                 where function = 'ExportExcel_Authority'
                                 and decode(:BU, upper(attribute1), 1, instr(attribute1, 'ALL')) > 0   and decode(:Part_Type, upper(attribute2), 1, INSTR(attribute2, 'ALL')) > 0  and attribute3 = :Phase_ID
                                  order by attribute3

2021-09-01 10:57:44,317 [38] INFO   --End: - Completed
2021-09-01 10:57:44,348 [38] INFO  --Begin: - 【GetDetailApprove】:  SELECT A.RSI_NO, A.FORM_NO, A.PART_TYPE, A.PHASE_ID, A.PHASE, A.APP_SERIAL, 
                                          A.APP_ASSIGNER, A.APP_ASSIGNER_NAME, A.APP_ACTOR, A.APP_ACTOR_NAME,
                                          A.STATUS, A.BEGIN_DATE, A.END_DATE,
                                          A.APP_CONTENT, A.DIF_DAY
                                          FROM RSI_APPROVAL_LIST_V A
                                          WHERE A.RSI_NO = :rsi_no
                                          AND A.PART_TYPE = :part_type 

2021-09-01 10:57:44,411 [38] INFO   --End: - Completed
2021-09-01 10:57:44,551 [38] INFO  --Begin:取得H_Product_Info資訊 - 【GetH_Product_InfoEntities】:SELECT 
                    RSI_NO, BU, PROJECT_NAME, RFQ_NO, RFQ_VER, APPLY_TYPE, LCM, TP, MODEL, REF_PRODUCT, APPLY_REASON, RFQ_TYPE, BL_NIT, POWER,
                    PM, (SELECT DISTINCT PM ||'-'|| EMP_NAME FROM GFIN.EMP_DATA_ALL E WHERE E.EMP_NO = P.PM) AS PM_NAME,
                    PL_RD, (SELECT DISTINCT PL_RD ||'-'|| EMP_NAME FROM GFIN.EMP_DATA_ALL E WHERE E.EMP_NO = P.PL_RD) AS PLRD_NAME,
                    ACD_RD, (SELECT DISTINCT ACD_RD ||'-'|| EMP_NAME FROM GFIN.EMP_DATA_ALL E WHERE E.EMP_NO = P.ACD_RD) AS ACDRD_NAME,
                    EE_RD, (SELECT DISTINCT EE_RD ||'-'|| EMP_NAME FROM GFIN.EMP_DATA_ALL E WHERE E.EMP_NO = P.EE_RD) AS EERD_NAME,
                    OM_RD, (SELECT DISTINCT OM_RD ||'-'|| EMP_NAME FROM GFIN.EMP_DATA_ALL E WHERE E.EMP_NO = P.OM_RD) AS OMRD_NAME,
                    PACKING_RD, (SELECT DISTINCT PACKING_RD ||'-'|| EMP_NAME FROM GFIN.EMP_DATA_ALL E WHERE E.EMP_NO = P.PACKING_RD) AS PACKINGRD_NAME,
                    TP_ACD_RD, (SELECT DISTINCT TP_ACD_RD ||'-'|| EMP_NAME FROM GFIN.EMP_DATA_ALL E WHERE E.EMP_NO = P.TP_ACD_RD) AS TP_ACDRD_NAME,
                    TP_EE_RD, (SELECT DISTINCT TP_EE_RD ||'-'|| EMP_NAME FROM GFIN.EMP_DATA_ALL E WHERE E.EMP_NO = P.TP_EE_RD) AS TP_EERD_NAME,
                    TP_OM_RD, (SELECT DISTINCT TP_OM_RD ||'-'|| EMP_NAME FROM GFIN.EMP_DATA_ALL E WHERE E.EMP_NO = P.TP_OM_RD) AS TP_OMRD_NAME,
                    REQUEST_DATE,  :part_type PartType, REF_PRODUCT_RFQ, BIDDING_PROJECT, SOURCING_POOL_NAME, 
                    ARRAY_FAB, JI_FAB, MODULE_FAB, SIZE_INCH, SURFACE_TREATMENT, SOP_YEAR, SOP_QUARTERLY, SOP_MONTH
                    FROM gpo.RSI_H_PRODUCT_INFO P 
                    WHERE P.RSI_NO =:rsi_no 

2021-09-01 10:57:44,551 [38] INFO  --End:取得H_Product_Info資訊 - Completed
2021-09-01 10:57:44,551 [38] INFO  --Begin:取得Price_Group資訊 - 【GetPrice_Group】:SELECT *
                                   FROM GPO.RSI_C_PARAMETER 
                                  WHERE FUNCTION = :price_type
                                    AND ATTRIBUTE1 = :bu
                                    AND DECODE( :part_type, UPPER(ATTRIBUTE2), 1, INSTR(ATTRIBUTE2, 'ALL')) > 0
                                  ORDER BY DECODE(UPPER(ATTRIBUTE3), 'MATERIAL_GROUP', 0, 'PARTS_GROUP', 1, 'MATERIAL_PARTS', 2, 'PART_NO', 3, 4)  

2021-09-01 10:57:44,551 [38] INFO  --End:取得Price_Group資訊 - Completed
2021-09-01 10:57:44,551 [38] INFO  --Begin:GetVersion - 【RSI_ConfigEntityDAL】:select attribute1 from RSI_C_PARAMETER where function='VERSION_CONTROL' 

2021-09-01 10:57:44,551 [38] INFO  --End:GetVersion - Completed
2021-09-01 10:57:44,551 [38] INFO  --Begin:獲取To_Do_List_V資訊 - 【GetTo_Do_List_VEntities】:SELECT * FROM RSI_TO_DO_LIST_V 
                                                WHERE ( :emp_no is null or APP_ASSIGNER = :emp_no) 
                                                ORDER BY PHASE_ID, HELDDAYS 

2021-09-01 10:57:44,551 [38] INFO  --End:獲取To_Do_List_V資訊 - Completed
2021-09-01 10:57:44,551 [38] INFO  --Begin:獲取To_Do_List_V資訊 - 【GetTo_Do_List_VEntities】:SELECT * FROM RSI_TO_DO_LIST_V 
                                                WHERE ( :emp_no is null or APP_ASSIGNER = :emp_no) 
                                                ORDER BY PHASE_ID, HELDDAYS 

2021-09-01 10:57:44,567 [38] INFO  --End:獲取To_Do_List_V資訊 - Completed
2021-09-01 10:57:44,567 [38] INFO  --Begin:獲取Department Name資訊 - 【GetDepartmentName】: SELECT * 
                                                FROM GFIN.EMP_DATA_ALL E, GFIN.ORG_DATA_ALL O
                                                WHERE E.ORG_ID = O.ORG_ID
                                                AND E.EMP_NO = :emp_no 

2021-09-01 10:57:44,567 [38] INFO  --End:獲取Department Name資訊 - Completed
2021-09-01 10:57:44,895 [41] INFO  --Begin:取得Normal Parts資訊 - 【GetRDReviewNormalParts】: select b.rsi_no, 'Normal' mtl_type, '' mtl_group, '' parts_group, '' mtl_parts, '' part_type,
                                                decode(ismodify, 'Y', substr(b.partnumber_child, 0, 2), b.partnumber_child) as part_no,
                                                b.part_desc, b.part_level, b.english_name, '' maker_source, '' maker_part_no, '' part_spec,
                                                '' spec_def, b.release_date, b.part_quantity as usage, b.part_unit, '' eol_status,
                                                '' uni_spec_status, '' remark, decode(ismodify, 'Y', 'U', null) as modify_type, 0 sn, 0 parent_sn, '' file_status, '' phase_id,
                                                b.partnumber_top, decode(ismodify, 'Y', substr(b.partnumber_child, 0, 2), b.partnumber_child) as partnumber_child,
                                                b.partnumber_parent, decode(ismodify, 'Y', substr(b.partnumber_child, 0, 2), b.partnumber_child) as DisplayPartNo,
                                                0 bom_level
                                                from gpo.rsi_h_bom_all b
                                                where rsi_no = :rsi_no
                                                and bom_level = 0
                                                --and not exists (select 1 from rsi_h_product_detail d where d.rsi_no = :rsi_no)
                                                union all
                                                select *
                                                from (
                                                    select d.*, LPAD(' ', (Level) * 4) || nvl(d.part_no, d.part_level) as DisplayPartNo, Level bom_level
                                                    from (
                                                        select distinct d.rsi_no,
                                                        nvl(d.mtl_type, decode(s.active, 'Y', 'Special', 'Normal')) mtl_type,
                                                        d.mtl_group,
                                                        d.parts_group,
                                                        d.mtl_parts,
                                                        d.part_type, 
                                                        d.part_no,
                                                        d.part_desc,
                                                        d.part_level,
                                                        d.english_name,
                                                        d.maker_source,
                                                        d.maker_part_no,
                                                        d.part_spec,
                                                        c.SPEC_DEF,
                                                        d.release_date,
                                                        d.usage,
                                                        d.part_unit,
                                                        d.eol_status eol_status,
                                                        d.uni_spec_status uni_spec_status,
                                                        d.remark,
                                                        d.modify_type,
                                                        d.sn,
                                                        d.parent_sn,
                                                        decode(nvl(f.cnt,0),0,'N','Y') as file_status,
                                                        d.phase_id,
                                                        i.ref_product partnumber_top,
                                                        nvl(d.part_no, d.part_level) partnumber_child, 
                                                        d.partnumber_parent
                                                        from gpo.rsi_h_product_detail d
                                                        join gpo.rsi_h_product_info i on d.rsi_no = i.rsi_no
                                                        left join gpo.rsi_c_mtl_special_parts s on s.mtl_parts = d.mtl_parts and s.active = 'Y'
                                                        left join (select distinct mtl_parts, spec_def
                                                                     from gpo.rsi_c_mtl_spec_def
                                                                    where active = 'Y') c
                                                          on d.mtl_parts = c.mtl_parts
                                                        left join (SELECT Biz_Id,count(1) AS cnt FROM GPO.RSI_H_FILELIST GROUP BY Biz_Id) f
                                                          on f.BIZ_ID = d.RSI_NO||'_'||d.SN
                                                        where nvl(d.mtl_type, decode(s.active, 'Y', 'Special', 'Normal')) <> 'Special' 
                                                        and (d.modify_type is null or d.modify_type <> 'D')
                                                        and nvl(d.mtl_group,'-') not like 'MOH%'
                                                        and d.rsi_no = :rsi_no
                                                    ) d
                                                    start with partnumber_top = partnumber_parent
                                                    connect by nocycle prior partnumber_top = partnumber_top
                                                                    and prior sn = parent_sn
                                                                   --and prior partnumber_child = partnumber_parent
                                                    order siblings by part_level desc
                                                ) a 

2021-09-01 10:57:44,911 [28] INFO  --Begin:取得Group_ID資訊 - 【GetGroupID】:SELECT DISTINCT GROUP_ID
                                                FROM GPO.RSI_H_PRODUCT_DETAIL D 
                                                WHERE RSI_NO = :rsi_no   --querystring取的
                                                AND GROUP_ID IS NOT NULL
                                                AND (MODIFY_TYPE IS NULL OR MODIFY_TYPE <> 'D')
                                                ORDER BY GROUP_ID ASC 

2021-09-01 10:57:44,926 [28] INFO  --End:取得Group_ID資訊 - Completed
2021-09-01 10:57:44,958 [41] INFO  --End:取得Normal Parts資訊 - Completed
2021-09-01 10:57:53,188 [45] INFO  --Begin:Update方法 - 【Approve】:
                    update RSI_H_FORM_APPROVE a
                    set a.app_status = 'A', a.end_date= sysdate, 
                    a.app_assigner = decode(a.app_assigner, NULL, :emp_no, a.app_assigner),
                    a.app_actor= :emp_no, a.app_content= :p_comment
                    where a.form_no = (select form_no from RSI_H_FORM_HEADER where rsi_no = :rsi_no and part_type = :part_type)
                    and a.phase_id = :phase_id 
                    and a.app_status = 'U' 

2021-09-01 10:57:53,203 [45] INFO  --End:Update方法 - Completed
2021-09-01 10:57:53,203 [45] INFO  --Begin:Update方法 - 【count_Approve】: select count(*) from gpo.rsi_h_form_approve
                                                where (form_no, app_serial) in (select form_no, max(app_serial)
                                                                              from gpo.rsi_h_form_header
                                                                             where rsi_no = :rsi_no
                                                                             and part_type = :part_type group by form_no)
                                                and app_status = 'U' 

2021-09-01 10:57:53,203 [45] INFO  --End:Update方法 - Completed
2021-09-01 10:57:53,203 [45] INFO  --Begin:Insert方法 - 【insert_Approve】:
                                    insert into RSI_H_FORM_APPROVE(form_no, phase_id, app_serial, app_status, begin_Date)
                                    select fh.form_no, fd.next_phase_id, max(fa.app_serial)+1, 'U', sysdate 
                                    from RSI_H_FORM_HEADER fh, RSI_H_FORM_APPROVE fa, RSI_C_FLOW_DEF fd
                                    where fh.rsi_no = :rsi_no and fh.part_type = :part_type
                                    and fh.form_no = fa.form_no
                                    and fa.phase_id = fd.phase_id
                                    and fh.bu = fd.bu
                                    and fa.phase_id = :phase_id
                                    group by fh.form_no, fd.next_phase_id
                                    order by fd.next_phase_id
                                

2021-09-01 10:57:53,235 [45] INFO  --End:Insert方法 - Completed
2021-09-01 10:57:53,235 [45] INFO  --Begin:Update_Assigner方法 - 【Update_Assigner】:
                    update RSI_H_FORM_APPROVE fa
                    set fa.app_assigner = (
					--select case fa.phase_id when '10' then fh.rd when '20' then fh.rd_boss when '30' then fh.pm when '40' then fh.sourcer when '50' then fh.sourcer_boss when '60' then fh.sourcer_manager when '70' then fh.pm else null end from RSI_H_FORM_HEADER fh where fh.form_no = fa.form_no
					select case
					 when (fa.phase_id = '10') then fh.rd 
					 when (fa.phase_id = '20') then fh.rd_boss 
                     when (fa.phase_id = '25') then fh.rd_manager 
					 when (fa.phase_id = '30' and fh.bu not in ('TV','PD')) then fh.pm 
					 when (fa.phase_id = '30' and fh.bu in ('TV','PD')) then fh.pl_rd
					 --when (fa.phase_id = '30' and m.bg = 'MS') then fh.pm 
					 --when (fa.phase_id = '30' and m.bg = 'VS') then fh.pl_rd
					 --when (fa.phase_id = '40') then fh.sourcer 
                     when (fa.phase_id = '45') then fh.product_sourcer 
					 when (fa.phase_id = '50') then fh.sourcer_boss 
					 when (fa.phase_id = '60') then fh.sourcer_manager
					 when (fa.phase_id = '70') then fh.pm else null end 
					 from RSI_H_FORM_HEADER fh
					 join gpo.c_pms_bgbu_mapping m on fh.bu = m.bu and m.active = 'Y'
					 where fh.form_no = fa.form_no
					 )
                     where fa.form_no = (select form_no from RSI_H_FORM_HEADER where rsi_no = :rsi_no and part_type = :part_type)
                     and fa.app_status='U' 

2021-09-01 10:57:53,235 [45] INFO  --End:Update_Assigner方法 - Completed
2021-09-01 10:57:53,235 [45] INFO  --Begin: - 【GetSourcerPhase】:select * from RSI_H_FORM_APPROVE
                                  where phase_id = '40'
                                    and app_status = 'U'
                                    and (form_no, app_serial) in (select form_no, max(app_serial) from RSI_H_FORM_HEADER where rsi_no = :rsi_no and part_type = :part_type group by form_no) 

2021-09-01 10:57:53,250 [45] INFO   --End: - Completed
2021-09-01 10:57:53,250 [45] INFO  --Begin:GetSigningNotice - 【RSI_ConfigEntityDAL】:select distinct t.attribute1,t.attribute2,t.attribute3,t.attribute4,t.attribute5,t.attribute6,t.attribute7
                                 from RSI_C_PARAMETER t
                                 join RSI_C_FLOW_DEF d
                                 on t.attribute3 = decode(:attribute1, 'RESEND', d.phase_id, 'APPROVE', d.next_phase_id, d.last_phase_id)
                                 where t.function = 'SIGNING_NOTICE' 
                                 and t.attribute1 = :attribute1 
                                 and d.phase_id = :phase_id
                                 and d.bu = :bu 
                                 and t.attribute2 = 'Y' 

2021-09-01 10:57:53,250 [45] INFO  --End:GetSigningNotice - Completed
2021-09-01 10:57:53,250 [45] INFO  --Begin: - 【GetDetailApprove】:  SELECT A.RSI_NO, A.FORM_NO, A.PART_TYPE, A.PHASE_ID, A.PHASE, A.APP_SERIAL, 
                                          A.APP_ASSIGNER, A.APP_ASSIGNER_NAME, A.APP_ACTOR, A.APP_ACTOR_NAME,
                                          A.STATUS, A.BEGIN_DATE, A.END_DATE,
                                          A.APP_CONTENT, A.DIF_DAY
                                          FROM RSI_APPROVAL_LIST_V A
                                          WHERE A.RSI_NO = :rsi_no
                                          AND A.PART_TYPE = :part_type 

2021-09-01 10:57:53,266 [45] INFO   --End: - Completed
2021-09-01 10:57:53,266 [45] INFO  --Begin:GetCCMail - 【RSI_ConfigEntityDAL】:select a.phase, a.phase_id, a.app_assigner,a.e_mail as mailto, decode( :attr4, 'Y', listagg(a.boss_email,';') WITHIN GROUP (ORDER BY a.seq desc), null) AS mailcc   
                                 from (
                                 select fd.phase,fa.phase_id,fa.app_assigner,ee.e_mail,r.seq,e.e_mail as boss_email
                                 from RSI_H_FORM_HEADER fh
                                 join RSI_H_FORM_APPROVE fa
                                 on fh.form_no = fa.form_no
                                 join RSI_H_PRODUCT_INFO p
                                 on p.rsi_no = fh.rsi_no
                                 join (select distinct bu, phase_id, phase from RSI_C_FLOW_DEF) fd
                                 on fd.phase_id = fa.phase_id
                                 and fh.bu = fd.bu
                                 join rsi_to_do_list_v s
                                 on s.rsi_no = fh.rsi_no and s.form_no = fh.form_no and s.APP_ASSIGNER = fa.app_assigner
                                 and s.phase_id = fa.phase_id
                                 left join au_dw.auo_person_reportline r
                                 on r.emp_no = fa.app_assigner
                                 and r.seq <= :attr5
                                 and r.boss_level >= 20
                                 left join gfin.emp_data_all ee
                                 on ee.emp_no = fa.app_assigner
                                 left join gfin.emp_data_all e
                                 on e.emp_no = trim(r.boss_emp_no)
                                 where fh.rsi_no = :rsi_no and fh.part_type = :part_type
                                 and fa.app_status = 'U'
                                 and fa.phase_id = :attr3
                                 ) a
                                 GROUP BY a.phase, a.phase_id, a.app_assigner, a.e_mail

2021-09-01 10:57:54,016 [45] INFO  --End:GetCCMail - Completed
2021-09-01 10:57:54,203 [45] INFO  --Begin:GetSigningNotice - 【RSI_ConfigEntityDAL】:select t.* from RSI_C_PARAMETER t
                                 where t.function='SIGNING_NOTICE' and t.attribute1= :attribute1 and t.attribute3= :phase_id 

2021-09-01 10:57:54,203 [45] INFO  --End:GetSigningNotice - Completed
2021-09-01 10:57:54,219 [44] INFO  --Begin:LoginLog - 【RSI_ConfigEntityDAL】:INSERT INTO rsi_h_func_log(attribute1,created_by,created_date)
                                 VALUES('Login',:emp_no,SYSDATE) 

2021-09-01 10:57:54,235 [44] INFO  --End:LoginLog - Completed
2021-09-01 10:57:54,235 [44] INFO  --Begin:獲取To_Do_List_V資訊 - 【GetTo_Do_List_VEntities】:SELECT * FROM RSI_TO_DO_LIST_V 
                                                WHERE ( :emp_no is null or APP_ASSIGNER = :emp_no) 
                                                ORDER BY PHASE_ID, HELDDAYS 

2021-09-01 10:57:54,953 [44] INFO  --End:獲取To_Do_List_V資訊 - Completed
2021-09-01 10:57:54,953 [44] INFO  --Begin:GetBulletin - 【RSI_ConfigEntityDAL】:select t.*,dbms_lob.substr(t.note) as sys_note from RSI_C_PARAMETER t
                                 where t.function='BULLETIN' 

2021-09-01 10:57:54,953 [44] INFO  --End:GetBulletin - Completed
2021-09-01 10:57:54,953 [44] INFO  --Begin:獲取FAQ資訊 - 【GetFAQ】:SELECT * FROM RSI_C_PARAMETER WHERE FUNCTION = 'FAQ' 

2021-09-01 10:57:54,953 [44] INFO  --End:獲取FAQ資訊 - Completed
2021-09-01 10:57:54,953 [44] INFO  --Begin:獲取ContactWindow資訊 - 【GetContactWindow】:SELECT DISTINCT ATTRIBUTE1, ATTRIBUTE2 FROM RSI_C_PARAMETER WHERE FUNCTION = 'Contact_Windows' 

2021-09-01 10:57:54,953 [44] INFO  --End:獲取ContactWindow資訊 - Completed
2021-09-01 10:57:54,953 [44] INFO  --Begin:獲取To_Do_List_V資訊 - 【GetTo_Do_List_VEntities】:SELECT * FROM RSI_TO_DO_LIST_V 
                                                WHERE ( :emp_no is null or APP_ASSIGNER = :emp_no) 
                                                ORDER BY PHASE_ID, HELDDAYS 

2021-09-01 10:57:54,953 [44] INFO  --End:獲取To_Do_List_V資訊 - Completed
2021-09-01 10:57:54,953 [44] INFO  --Begin:獲取To_Do_List_V資訊 - 【GetTo_Do_List_VEntities】:SELECT * FROM RSI_TO_DO_LIST_V 
                                                WHERE ( :emp_no is null or APP_ASSIGNER = :emp_no) 
                                                ORDER BY PHASE_ID, HELDDAYS 

2021-09-01 10:57:54,970 [44] INFO  --End:獲取To_Do_List_V資訊 - Completed
2021-09-01 10:57:54,970 [44] INFO  --Begin:獲取Department Name資訊 - 【GetDepartmentName】: SELECT * 
                                                FROM GFIN.EMP_DATA_ALL E, GFIN.ORG_DATA_ALL O
                                                WHERE E.ORG_ID = O.ORG_ID
                                                AND E.EMP_NO = :emp_no 

2021-09-01 10:57:54,970 [44] INFO  --End:獲取Department Name資訊 - Completed
2021-09-01 10:58:23,323 [45] INFO  --Begin:獲取DashBoard UA資訊 - 【GetDashBoardUA】:SELECT * FROM GPO.RSI_DASHBOARD_LIST_V A
                                                   JOIN (
                                                        SELECT DISTINCT B.RSI_NO FROM GPO.RSI_H_FORM_HEADER B
                                                        WHERE FORM_NO IN
                                                        (SELECT A.FORM_NO    --自己簽核過表單
                                                         FROM GPO.RSI_H_FORM_APPROVE A
                                                         LEFT JOIN GPO.RSI_H_DETAIL_APP_LOG L ON A.FORM_NO = L.FORM_NO
                                                         WHERE (A.APP_ASSIGNER = :emp_no OR A.APP_ACTOR = :emp_no OR L.APP_ACTOR = :emp_no)
                                                         UNION            --下轄人員簽核過表單
                                                         SELECT DISTINCT B.FORM_NO 
                                                         FROM au_dw.auo_person_reportline A
                                                         INNER JOIN GPO.RSI_H_FORM_APPROVE B ON A.EMP_NO = NVL(B.APP_ACTOR, B.APP_ASSIGNER)
                                                         LEFT JOIN GPO.RSI_H_DETAIL_APP_LOG L ON B.FORM_NO = L.FORM_NO AND A.EMP_NO = L.APP_ACTOR
                                                         WHERE (TRIM(A.BOSS_EMP_NO) = :emp_no)
                                                         AND A.ACTIVE = 'Y')                
                                                   ) B ON A.RSI_NO = B.RSI_NO 
                                                   WHERE DECODE(:contractStatus, 'ALL', 1, INSTR(:contractStatus, A.FORM_STATUS)) > 0 
                                                   AND ((:rsi_no is null or A.RSI_NO LIKE :rsi_no) 
                                                   OR (:bu is null or UPPER(A.BU) LIKE :bu) 
                                                   OR (:project_name is null or UPPER(A.PROJECT_NAME) LIKE :project_name) 
                                                   OR (:request_name is null or UPPER(A.REQUEST_NAME) LIKE :request_name)) 
                                                ORDER BY A.RSI_NO DESC, DECODE(A.PART_TYPE, '', 1 ,'ACD', 2, 'EE', 3, 'OM', 4, 'PACKING', 5, 6)   

2021-09-01 10:58:23,573 [45] INFO  --End:獲取DashBoard UA資訊 - Completed
2021-09-01 10:58:23,620 [45] INFO  --Begin:獲取Contract Status資訊 - 【GetContractStatus】:SELECT DISTINCT ATTRIBUTE3, ATTRIBUTE2 
                                   FROM GPO.RSI_C_PARAMETER 
                                  WHERE FUNCTION = 'FORM_STATUS' 
                                  ORDER BY DECODE(ATTRIBUTE2, 'UA', 0, 'AP', 1, 'CL', 2, 'RC', 3, 4) 

2021-09-01 10:58:23,620 [45] INFO  --End:獲取Contract Status資訊 - Completed
2021-09-01 10:58:23,635 [45] INFO  --Begin:獲取To_Do_List_V資訊 - 【GetTo_Do_List_VEntities】:SELECT * FROM RSI_TO_DO_LIST_V 
                                                WHERE ( :emp_no is null or APP_ASSIGNER = :emp_no) 
                                                ORDER BY PHASE_ID, HELDDAYS 

2021-09-01 10:58:23,635 [45] INFO  --End:獲取To_Do_List_V資訊 - Completed
2021-09-01 10:58:23,635 [45] INFO  --Begin:獲取To_Do_List_V資訊 - 【GetTo_Do_List_VEntities】:SELECT * FROM RSI_TO_DO_LIST_V 
                                                WHERE ( :emp_no is null or APP_ASSIGNER = :emp_no) 
                                                ORDER BY PHASE_ID, HELDDAYS 

2021-09-01 10:58:23,635 [45] INFO  --End:獲取To_Do_List_V資訊 - Completed
2021-09-01 10:58:23,635 [45] INFO  --Begin:獲取Department Name資訊 - 【GetDepartmentName】: SELECT * 
                                                FROM GFIN.EMP_DATA_ALL E, GFIN.ORG_DATA_ALL O
                                                WHERE E.ORG_ID = O.ORG_ID
                                                AND E.EMP_NO = :emp_no 

2021-09-01 10:58:23,651 [45] INFO  --End:獲取Department Name資訊 - Completed
2021-09-01 10:58:28,761 [24] INFO  --Begin:獲取DashBoard UA資訊 - 【GetDashBoardUA】:SELECT * FROM GPO.RSI_DASHBOARD_LIST_V 
                                                   WHERE DECODE(:contractStatus, 'ALL', 1, INSTR(:contractStatus, FORM_STATUS)) > 0  
                                                   AND ((:rsi_no is null or RSI_NO LIKE :rsi_no) 
                                                   OR (:bu is null or UPPER(BU) LIKE :bu) 
                                                   OR (:project_name is null or UPPER(PROJECT_NAME) LIKE :project_name) 
                                                   OR (:request_name is null or UPPER(REQUEST_NAME) LIKE :request_name)) 
                                                ORDER BY RSI_NO DESC, DECODE(PART_TYPE, '', 1 ,'ACD', 2, 'EE', 3, 'OM', 4, 'PACKING', 5, 6)  

2021-09-01 10:58:28,886 [24] INFO  --End:獲取DashBoard UA資訊 - Completed
2021-09-01 10:58:28,886 [24] INFO  --Begin:獲取Contract Status資訊 - 【GetContractStatus】:SELECT DISTINCT ATTRIBUTE3, ATTRIBUTE2 
                                   FROM GPO.RSI_C_PARAMETER 
                                  WHERE FUNCTION = 'FORM_STATUS' 
                                  ORDER BY DECODE(ATTRIBUTE2, 'UA', 0, 'AP', 1, 'CL', 2, 'RC', 3, 4) 

2021-09-01 10:58:28,886 [24] INFO  --End:獲取Contract Status資訊 - Completed
2021-09-01 10:58:28,886 [24] INFO  --Begin:獲取To_Do_List_V資訊 - 【GetTo_Do_List_VEntities】:SELECT * FROM RSI_TO_DO_LIST_V 
                                                WHERE ( :emp_no is null or APP_ASSIGNER = :emp_no) 
                                                ORDER BY PHASE_ID, HELDDAYS 

2021-09-01 10:58:28,901 [24] INFO  --End:獲取To_Do_List_V資訊 - Completed
2021-09-01 10:58:28,901 [24] INFO  --Begin:獲取To_Do_List_V資訊 - 【GetTo_Do_List_VEntities】:SELECT * FROM RSI_TO_DO_LIST_V 
                                                WHERE ( :emp_no is null or APP_ASSIGNER = :emp_no) 
                                                ORDER BY PHASE_ID, HELDDAYS 

2021-09-01 10:58:28,901 [24] INFO  --End:獲取To_Do_List_V資訊 - Completed
2021-09-01 10:58:28,901 [24] INFO  --Begin:獲取Department Name資訊 - 【GetDepartmentName】: SELECT * 
                                                FROM GFIN.EMP_DATA_ALL E, GFIN.ORG_DATA_ALL O
                                                WHERE E.ORG_ID = O.ORG_ID
                                                AND E.EMP_NO = :emp_no 

2021-09-01 10:58:28,901 [24] INFO  --End:獲取Department Name資訊 - Completed
