2021-12-15 10:01:07,384 [11] INFO  --Begin:LoginLog - 【RSI_ConfigEntityDAL】:INSERT INTO rsi_h_func_log(attribute1,created_by,created_date)
                                 VALUES('Login',:emp_no,SYSDATE) 

2021-12-15 10:01:08,025 [11] INFO  --End:LoginLog - Completed
2021-12-15 10:01:08,040 [11] INFO  --Begin:獲取To_Do_List_V資訊 - 【GetTo_Do_List_VEntities】:SELECT * FROM RSI_TO_DO_LIST_V 
                                                WHERE ( :emp_no is null or APP_ASSIGNER = :emp_no) 
                                                ORDER BY PHASE_ID, HELDDAYS 

2021-12-15 10:01:08,150 [11] INFO  --End:獲取To_Do_List_V資訊 - Completed
2021-12-15 10:01:08,228 [11] INFO  --Begin:GetBulletin - 【RSI_ConfigEntityDAL】:select t.*,dbms_lob.substr(t.note) as sys_note from RSI_C_PARAMETER t
                                 where t.function='BULLETIN' 

2021-12-15 10:01:08,259 [11] INFO  --End:GetBulletin - Completed
2021-12-15 10:01:08,259 [11] INFO  --Begin:獲取FAQ資訊 - 【GetFAQ】:SELECT * FROM RSI_C_PARAMETER WHERE FUNCTION = 'FAQ' 

2021-12-15 10:01:08,259 [11] INFO  --End:獲取FAQ資訊 - Completed
2021-12-15 10:01:08,275 [11] INFO  --Begin:獲取ContactWindow資訊 - 【GetContactWindow】:SELECT DISTINCT ATTRIBUTE1, ATTRIBUTE2 FROM RSI_C_PARAMETER WHERE FUNCTION = 'Contact_Windows' 

2021-12-15 10:01:08,275 [11] INFO  --End:獲取ContactWindow資訊 - Completed
2021-12-15 10:01:08,509 [11] INFO  --Begin:獲取To_Do_List_V資訊 - 【GetTo_Do_List_VEntities】:SELECT * FROM RSI_TO_DO_LIST_V 
                                                WHERE ( :emp_no is null or APP_ASSIGNER = :emp_no) 
                                                ORDER BY PHASE_ID, HELDDAYS 

2021-12-15 10:01:08,509 [11] INFO  --End:獲取To_Do_List_V資訊 - Completed
2021-12-15 10:01:08,509 [11] INFO  --Begin:獲取To_Do_List_V資訊 - 【GetTo_Do_List_VEntities】:SELECT * FROM RSI_TO_DO_LIST_V 
                                                WHERE ( :emp_no is null or APP_ASSIGNER = :emp_no) 
                                                ORDER BY PHASE_ID, HELDDAYS 

2021-12-15 10:01:08,525 [11] INFO  --End:獲取To_Do_List_V資訊 - Completed
2021-12-15 10:01:08,525 [11] INFO  --Begin:獲取Department Name資訊 - 【GetDepartmentName】: SELECT * 
                                                FROM GFIN.EMP_DATA_ALL E, GFIN.ORG_DATA_ALL O
                                                WHERE E.ORG_ID = O.ORG_ID
                                                AND E.EMP_NO = :emp_no 

2021-12-15 10:01:08,540 [11] INFO  --End:獲取Department Name資訊 - Completed
2021-12-15 10:01:10,806 [15] INFO  --Begin:獲取DashBoard UA資訊1 - 【GetDashBoardUA】:SELECT * FROM GPO.RSI_DASHBOARD_LIST_V A
                                                   JOIN (
                                                        SELECT DISTINCT B.RSI_NO FROM GPO.RSI_H_FORM_HEADER B
                                                        WHERE FORM_NO IN
                                                        (SELECT A.FORM_NO    --自己簽核過表單
                                                         FROM GPO.RSI_H_FORM_APPROVE A
                                                         LEFT JOIN GPO.RSI_H_DETAIL_APP_LOG L ON A.FORM_NO = L.FORM_NO
                                                         WHERE (A.APP_ASSIGNER = :emp_no OR A.APP_ACTOR = :emp_no OR L.APP_ACTOR = :emp_no)
                                                         UNION            --下轄人員簽核過表單
                                                         SELECT DISTINCT B.FORM_NO 
                                                         FROM au_dw.auo_person_reportline A
                                                         INNER JOIN GPO.RSI_H_FORM_APPROVE B ON A.EMP_NO = NVL(B.APP_ACTOR, B.APP_ASSIGNER)
                                                         LEFT JOIN GPO.RSI_H_DETAIL_APP_LOG L ON B.FORM_NO = L.FORM_NO AND A.EMP_NO = L.APP_ACTOR
                                                         WHERE (TRIM(A.BOSS_EMP_NO) = :emp_no)
                                                         AND A.ACTIVE = 'Y')                
                                                   ) B ON A.RSI_NO = B.RSI_NO 
                                                   WHERE DECODE(:contractStatus, 'ALL', 1, INSTR(:contractStatus, A.FORM_STATUS)) > 0 
                                                   AND ((:rsi_no is null or A.RSI_NO LIKE :rsi_no) 
                                                   OR (:bu is null or UPPER(A.BU) LIKE :bu) 
                                                   OR (:project_name is null or UPPER(A.PROJECT_NAME) LIKE :project_name) 
                                                   OR (:request_name is null or UPPER(A.REQUEST_NAME) LIKE :request_name)) 
                                                ORDER BY A.RSI_NO DESC, DECODE(A.PART_TYPE, '', 1 ,'ACD', 2, 'EE', 3, 'OM', 4, 'PACKING', 5, 6)   

2021-12-15 10:01:10,806 [15] INFO  --End:獲取DashBoard UA資訊1 - Completed
2021-12-15 10:01:10,868 [15] INFO  --Begin:獲取Contract Status資訊 - 【GetContractStatus】:SELECT DISTINCT ATTRIBUTE3, ATTRIBUTE2 
                                   FROM GPO.RSI_C_PARAMETER 
                                  WHERE FUNCTION = 'FORM_STATUS' 
                                  ORDER BY DECODE(ATTRIBUTE2, 'UA', 0, 'AP', 1, 'CL', 2, 'RC', 3, 4) 

2021-12-15 10:01:10,868 [15] INFO  --End:獲取Contract Status資訊 - Completed
2021-12-15 10:01:10,868 [15] INFO  --Begin:獲取To_Do_List_V資訊 - 【GetTo_Do_List_VEntities】:SELECT * FROM RSI_TO_DO_LIST_V 
                                                WHERE ( :emp_no is null or APP_ASSIGNER = :emp_no) 
                                                ORDER BY PHASE_ID, HELDDAYS 

2021-12-15 10:01:10,884 [15] INFO  --End:獲取To_Do_List_V資訊 - Completed
2021-12-15 10:01:10,884 [15] INFO  --Begin:獲取To_Do_List_V資訊 - 【GetTo_Do_List_VEntities】:SELECT * FROM RSI_TO_DO_LIST_V 
                                                WHERE ( :emp_no is null or APP_ASSIGNER = :emp_no) 
                                                ORDER BY PHASE_ID, HELDDAYS 

2021-12-15 10:01:10,884 [15] INFO  --End:獲取To_Do_List_V資訊 - Completed
2021-12-15 10:01:10,884 [15] INFO  --Begin:獲取Department Name資訊 - 【GetDepartmentName】: SELECT * 
                                                FROM GFIN.EMP_DATA_ALL E, GFIN.ORG_DATA_ALL O
                                                WHERE E.ORG_ID = O.ORG_ID
                                                AND E.EMP_NO = :emp_no 

2021-12-15 10:01:10,884 [15] INFO  --End:獲取Department Name資訊 - Completed
2021-12-15 10:01:14,509 [18] INFO  --Begin:獲取DashBoard UA資訊2 - 【GetDashBoardUA】:SELECT * FROM GPO.RSI_DASHBOARD_LIST_V 
                                                   WHERE DECODE(:contractStatus, 'ALL', 1, INSTR(:contractStatus, FORM_STATUS)) > 0  
                                                   AND ((:rsi_no is null or RSI_NO LIKE :rsi_no) 
                                                   OR (:bu is null or UPPER(BU) LIKE :bu) 
                                                   OR (:project_name is null or UPPER(PROJECT_NAME) LIKE :project_name) 
                                                   OR (:request_name is null or UPPER(REQUEST_NAME) LIKE :request_name)) 
                                                ORDER BY RSI_NO DESC, DECODE(PART_TYPE, '', 1 ,'ACD', 2, 'EE', 3, 'OM', 4, 'PACKING', 5, 6)  

2021-12-15 10:01:14,525 [18] INFO  --End:獲取DashBoard UA資訊2 - Completed
2021-12-15 10:01:14,525 [18] INFO  --Begin:獲取Contract Status資訊 - 【GetContractStatus】:SELECT DISTINCT ATTRIBUTE3, ATTRIBUTE2 
                                   FROM GPO.RSI_C_PARAMETER 
                                  WHERE FUNCTION = 'FORM_STATUS' 
                                  ORDER BY DECODE(ATTRIBUTE2, 'UA', 0, 'AP', 1, 'CL', 2, 'RC', 3, 4) 

2021-12-15 10:01:14,525 [18] INFO  --End:獲取Contract Status資訊 - Completed
2021-12-15 10:01:14,525 [18] INFO  --Begin:獲取To_Do_List_V資訊 - 【GetTo_Do_List_VEntities】:SELECT * FROM RSI_TO_DO_LIST_V 
                                                WHERE ( :emp_no is null or APP_ASSIGNER = :emp_no) 
                                                ORDER BY PHASE_ID, HELDDAYS 

2021-12-15 10:01:14,540 [18] INFO  --End:獲取To_Do_List_V資訊 - Completed
2021-12-15 10:01:14,540 [18] INFO  --Begin:獲取To_Do_List_V資訊 - 【GetTo_Do_List_VEntities】:SELECT * FROM RSI_TO_DO_LIST_V 
                                                WHERE ( :emp_no is null or APP_ASSIGNER = :emp_no) 
                                                ORDER BY PHASE_ID, HELDDAYS 

2021-12-15 10:01:14,540 [18] INFO  --End:獲取To_Do_List_V資訊 - Completed
2021-12-15 10:01:14,540 [18] INFO  --Begin:獲取Department Name資訊 - 【GetDepartmentName】: SELECT * 
                                                FROM GFIN.EMP_DATA_ALL E, GFIN.ORG_DATA_ALL O
                                                WHERE E.ORG_ID = O.ORG_ID
                                                AND E.EMP_NO = :emp_no 

2021-12-15 10:01:14,540 [18] INFO  --End:獲取Department Name資訊 - Completed
2021-12-15 10:01:20,572 [11] INFO  --Begin: - 【GetDetailApprove】:  SELECT A.RSI_NO, A.FORM_NO, A.PART_TYPE, A.PHASE_ID, A.PHASE, A.APP_SERIAL, 
                                          A.APP_ASSIGNER, A.APP_ASSIGNER_NAME, A.APP_ACTOR, A.APP_ACTOR_NAME,
                                          A.STATUS, A.BEGIN_DATE, A.END_DATE,
                                          A.APP_CONTENT, A.DIF_DAY
                                          FROM RSI_APPROVAL_LIST_V A
                                          WHERE A.RSI_NO = :rsi_no
                                          AND A.PART_TYPE = :part_type 

2021-12-15 10:01:20,572 [11] INFO   --End: - Completed
2021-12-15 10:01:38,228 [15] INFO  --Begin: - 【GetDetailApprove】:  SELECT A.RSI_NO, A.FORM_NO, A.PART_TYPE, A.PHASE_ID, A.PHASE, A.APP_SERIAL, 
                                          A.APP_ASSIGNER, A.APP_ASSIGNER_NAME, A.APP_ACTOR, A.APP_ACTOR_NAME,
                                          A.STATUS, A.BEGIN_DATE, A.END_DATE,
                                          A.APP_CONTENT, A.DIF_DAY
                                          FROM RSI_APPROVAL_LIST_V A
                                          WHERE A.RSI_NO = :rsi_no
                                          AND A.PART_TYPE = :part_type 

2021-12-15 10:01:38,228 [15] INFO   --End: - Completed
2021-12-15 10:01:43,010 [11] INFO  --Begin: - 【GetDetailApprove】:  SELECT A.RSI_NO, A.FORM_NO, A.PART_TYPE, A.PHASE_ID, A.PHASE, A.APP_SERIAL, 
                                          A.APP_ASSIGNER, A.APP_ASSIGNER_NAME, A.APP_ACTOR, A.APP_ACTOR_NAME,
                                          A.STATUS, A.BEGIN_DATE, A.END_DATE,
                                          A.APP_CONTENT, A.DIF_DAY
                                          FROM RSI_APPROVAL_LIST_V A
                                          WHERE A.RSI_NO = :rsi_no
                                          AND A.PART_TYPE = :part_type 

2021-12-15 10:01:43,025 [11] INFO   --End: - Completed
2021-12-15 10:01:48,291 [16] INFO  --Begin: - 【GetDetailApprove】:  SELECT A.RSI_NO, A.FORM_NO, A.PART_TYPE, A.PHASE_ID, A.PHASE, A.APP_SERIAL, 
                                          A.APP_ASSIGNER, A.APP_ASSIGNER_NAME, A.APP_ACTOR, A.APP_ACTOR_NAME,
                                          A.STATUS, A.BEGIN_DATE, A.END_DATE,
                                          A.APP_CONTENT, A.DIF_DAY
                                          FROM RSI_APPROVAL_LIST_V A
                                          WHERE A.RSI_NO = :rsi_no
                                          AND A.PART_TYPE = :part_type 

2021-12-15 10:01:48,291 [16] INFO   --End: - Completed
2021-12-15 10:01:51,150 [11] INFO  --Begin: - 【GetDetailApprove】:  SELECT A.RSI_NO, A.FORM_NO, A.PART_TYPE, A.PHASE_ID, A.PHASE, A.APP_SERIAL, 
                                          A.APP_ASSIGNER, A.APP_ASSIGNER_NAME, A.APP_ACTOR, A.APP_ACTOR_NAME,
                                          A.STATUS, A.BEGIN_DATE, A.END_DATE,
                                          A.APP_CONTENT, A.DIF_DAY
                                          FROM RSI_APPROVAL_LIST_V A
                                          WHERE A.RSI_NO = :rsi_no
                                          AND A.PART_TYPE = :part_type 

2021-12-15 10:01:51,150 [11] INFO   --End: - Completed
2021-12-15 10:10:17,258 [11] INFO  --Begin: - 【GetDetailApprove】:  SELECT A.RSI_NO, A.FORM_NO, A.PART_TYPE, A.PHASE_ID, A.PHASE, A.APP_SERIAL, 
                                          A.APP_ASSIGNER, A.APP_ASSIGNER_NAME, A.APP_ACTOR, A.APP_ACTOR_NAME,
                                          A.STATUS, A.BEGIN_DATE, A.END_DATE,
                                          A.APP_CONTENT, A.DIF_DAY
                                          FROM RSI_APPROVAL_LIST_V A
                                          WHERE A.RSI_NO = :rsi_no
                                          AND A.PART_TYPE = :part_type 

2021-12-15 10:10:17,258 [11] INFO   --End: - Completed
