2021-12-13 13:49:44,030 [11] INFO  --Begin:getCurrentHandler方法 - 【RSIWebServiceDAL】:SELECT bu,project_name,listagg(part_type || ':' || phase || '-' || assigner, '/') within group(ORDER BY part_type) AS rsi_status
                                FROM (SELECT DISTINCT a.bu,a.Project_Name,a.PART_TYPE,DECODE(a.part_type_v,NULL,'Pending on ' || t.phase || ' for other RSI',t.phase) AS phase,
                                                    e.eng_name as assigner
                                        FROM (SELECT H.bu,P.Project_Name,H.RSI_NO,H.PART_TYPE,V.PART_TYPE AS part_type_v,A.FORM_NO,
                                                    decode(A.PHASE_ID, '40', '45', A.Phase_Id) AS phase_id,
                                                    CASE
                                                        WHEN A.PHASE_ID IN ('40', '45') THEN
                                                        H.Product_Sourcer
                                                        ELSE
                                                        A.APP_ASSIGNER
                                                    END AS APP_ASSIGNER,
                                                    A.APP_STATUS
                                                FROM RSI_H_PRODUCT_INFO P
                                                JOIN RSI_H_FORM_HEADER H
                                                ON P.Rsi_No = H.RSI_NO
                                                JOIN RSI_H_FORM_APPROVE A
                                                ON H.FORM_NO = A.FORM_NO
                                                LEFT JOIN RSI_TO_DO_LIST_V v
                                                ON v.RSI_NO = p.rsi_no
                                                AND v.phase_id = a.phase_id
                                                WHERE P.RSI_STATUS = 'RSI'
                                                AND (A.FORM_NO, A.APP_SERIAL) IN
                                                    (SELECT FORM_NO, MAX(APP_SERIAL) AS APP_SERIAL
                                                        FROM GPO.RSI_H_FORM_APPROVE
                                                        WHERE APP_STATUS = 'U'
                                                        GROUP BY FORM_NO)
                                                AND A.App_Status = 'U') a
                                        JOIN gfin.emp_data_all e
                                        ON e.emp_no = a.app_assigner
                                        JOIN (select DISTINCT bu, phase_id, phase from rsi_c_flow_def) t
                                        ON t.bu = a.bu
                                        AND t.phase_id = a.phase_id)
                               where 1=1  and bu = :bu     group by bu, project_name 

2021-12-13 13:49:44,452 [11] INFO  --End:getCurrentHandler方法 - Completed
2021-12-13 13:51:09,671 [ 5] INFO  --Begin:getCurrentHandler方法 - 【RSIWebServiceDAL】:SELECT bu,project_name,listagg(part_type || ':' || phase || '-' || assigner, '/') within group(ORDER BY part_type) AS rsi_status
                                FROM (SELECT DISTINCT a.bu,a.Project_Name,a.PART_TYPE,DECODE(a.part_type_v,NULL,'Pending on ' || t.phase || ' for other RSI',t.phase) AS phase,
                                                    e.eng_name as assigner
                                        FROM (SELECT H.bu,P.Project_Name,H.RSI_NO,H.PART_TYPE,V.PART_TYPE AS part_type_v,A.FORM_NO,
                                                    decode(A.PHASE_ID, '40', '45', A.Phase_Id) AS phase_id,
                                                    CASE
                                                        WHEN A.PHASE_ID IN ('40', '45') THEN
                                                        H.Product_Sourcer
                                                        ELSE
                                                        A.APP_ASSIGNER
                                                    END AS APP_ASSIGNER,
                                                    A.APP_STATUS
                                                FROM RSI_H_PRODUCT_INFO P
                                                JOIN RSI_H_FORM_HEADER H
                                                ON P.Rsi_No = H.RSI_NO
                                                JOIN RSI_H_FORM_APPROVE A
                                                ON H.FORM_NO = A.FORM_NO
                                                LEFT JOIN RSI_TO_DO_LIST_V v
                                                ON v.RSI_NO = p.rsi_no
                                                AND v.phase_id = a.phase_id
                                                WHERE P.RSI_STATUS = 'RSI'
                                                AND (A.FORM_NO, A.APP_SERIAL) IN
                                                    (SELECT FORM_NO, MAX(APP_SERIAL) AS APP_SERIAL
                                                        FROM GPO.RSI_H_FORM_APPROVE
                                                        WHERE APP_STATUS = 'U'
                                                        GROUP BY FORM_NO)
                                                AND A.App_Status = 'U') a
                                        JOIN gfin.emp_data_all e
                                        ON e.emp_no = a.app_assigner
                                        JOIN (select DISTINCT bu, phase_id, phase from rsi_c_flow_def) t
                                        ON t.bu = a.bu
                                        AND t.phase_id = a.phase_id)
                               where 1=1  and bu = :bu     group by bu, project_name 

2021-12-13 13:51:09,671 [ 5] INFO  --End:getCurrentHandler方法 - Completed
2021-12-13 13:55:13,120 [13] INFO  --Begin:LoginLog - 【RSI_ConfigEntityDAL】:INSERT INTO rsi_h_func_log(attribute1,created_by,created_date)
                                 VALUES('Login',:emp_no,SYSDATE) 

2021-12-13 13:55:13,120 [13] INFO  --End:LoginLog - Completed
2021-12-13 13:55:13,120 [13] INFO  --Begin:獲取To_Do_List_V資訊 - 【GetTo_Do_List_VEntities】:SELECT * FROM RSI_TO_DO_LIST_V 
                                                WHERE ( :emp_no is null or APP_ASSIGNER = :emp_no) 
                                                ORDER BY PHASE_ID, HELDDAYS 

2021-12-13 13:55:13,136 [13] INFO  --End:獲取To_Do_List_V資訊 - Completed
2021-12-13 13:55:13,183 [13] INFO  --Begin:GetBulletin - 【RSI_ConfigEntityDAL】:select t.*,dbms_lob.substr(t.note) as sys_note from RSI_C_PARAMETER t
                                 where t.function='BULLETIN' 

2021-12-13 13:55:13,199 [13] INFO  --End:GetBulletin - Completed
2021-12-13 13:55:13,199 [13] INFO  --Begin:獲取FAQ資訊 - 【GetFAQ】:SELECT * FROM RSI_C_PARAMETER WHERE FUNCTION = 'FAQ' 

2021-12-13 13:55:13,199 [13] INFO  --End:獲取FAQ資訊 - Completed
2021-12-13 13:55:13,214 [13] INFO  --Begin:獲取ContactWindow資訊 - 【GetContactWindow】:SELECT DISTINCT ATTRIBUTE1, ATTRIBUTE2 FROM RSI_C_PARAMETER WHERE FUNCTION = 'Contact_Windows' 

2021-12-13 13:55:13,214 [13] INFO  --End:獲取ContactWindow資訊 - Completed
2021-12-13 13:55:13,449 [13] INFO  --Begin:獲取To_Do_List_V資訊 - 【GetTo_Do_List_VEntities】:SELECT * FROM RSI_TO_DO_LIST_V 
                                                WHERE ( :emp_no is null or APP_ASSIGNER = :emp_no) 
                                                ORDER BY PHASE_ID, HELDDAYS 

2021-12-13 13:55:13,464 [13] INFO  --End:獲取To_Do_List_V資訊 - Completed
2021-12-13 13:55:13,464 [13] INFO  --Begin:獲取To_Do_List_V資訊 - 【GetTo_Do_List_VEntities】:SELECT * FROM RSI_TO_DO_LIST_V 
                                                WHERE ( :emp_no is null or APP_ASSIGNER = :emp_no) 
                                                ORDER BY PHASE_ID, HELDDAYS 

2021-12-13 13:55:13,464 [13] INFO  --End:獲取To_Do_List_V資訊 - Completed
2021-12-13 13:55:13,480 [13] INFO  --Begin:獲取Department Name資訊 - 【GetDepartmentName】: SELECT * 
                                                FROM GFIN.EMP_DATA_ALL E, GFIN.ORG_DATA_ALL O
                                                WHERE E.ORG_ID = O.ORG_ID
                                                AND E.EMP_NO = :emp_no 

2021-12-13 13:55:13,511 [13] INFO  --End:獲取Department Name資訊 - Completed
2021-12-13 14:55:08,046 [10] INFO  --Begin:LoginLog - 【RSI_ConfigEntityDAL】:INSERT INTO rsi_h_func_log(attribute1,created_by,created_date)
                                 VALUES('Login',:emp_no,SYSDATE) 

2021-12-13 14:55:08,640 [10] INFO  --End:LoginLog - Completed
2021-12-13 14:55:08,656 [10] INFO  --Begin:獲取To_Do_List_V資訊 - 【GetTo_Do_List_VEntities】:SELECT * FROM RSI_TO_DO_LIST_V 
                                                WHERE ( :emp_no is null or APP_ASSIGNER = :emp_no) 
                                                ORDER BY PHASE_ID, HELDDAYS 

2021-12-13 14:55:08,765 [10] INFO  --End:獲取To_Do_List_V資訊 - Completed
2021-12-13 14:55:12,171 [10] INFO  --Begin:GetBulletin - 【RSI_ConfigEntityDAL】:select t.*,dbms_lob.substr(t.note) as sys_note from RSI_C_PARAMETER t
                                 where t.function='BULLETIN' 

2021-12-13 14:55:12,202 [10] INFO  --End:GetBulletin - Completed
2021-12-13 14:55:12,218 [10] INFO  --Begin:獲取FAQ資訊 - 【GetFAQ】:SELECT * FROM RSI_C_PARAMETER WHERE FUNCTION = 'FAQ' 

2021-12-13 14:55:12,218 [10] INFO  --End:獲取FAQ資訊 - Completed
2021-12-13 14:55:12,218 [10] INFO  --Begin:獲取ContactWindow資訊 - 【GetContactWindow】:SELECT DISTINCT ATTRIBUTE1, ATTRIBUTE2 FROM RSI_C_PARAMETER WHERE FUNCTION = 'Contact_Windows' 

2021-12-13 14:55:12,234 [10] INFO  --End:獲取ContactWindow資訊 - Completed
2021-12-13 14:55:12,796 [10] INFO  --Begin:獲取To_Do_List_V資訊 - 【GetTo_Do_List_VEntities】:SELECT * FROM RSI_TO_DO_LIST_V 
                                                WHERE ( :emp_no is null or APP_ASSIGNER = :emp_no) 
                                                ORDER BY PHASE_ID, HELDDAYS 

2021-12-13 14:55:12,796 [10] INFO  --End:獲取To_Do_List_V資訊 - Completed
2021-12-13 14:55:12,796 [10] INFO  --Begin:獲取To_Do_List_V資訊 - 【GetTo_Do_List_VEntities】:SELECT * FROM RSI_TO_DO_LIST_V 
                                                WHERE ( :emp_no is null or APP_ASSIGNER = :emp_no) 
                                                ORDER BY PHASE_ID, HELDDAYS 

2021-12-13 14:55:12,812 [10] INFO  --End:獲取To_Do_List_V資訊 - Completed
2021-12-13 14:55:12,812 [10] INFO  --Begin:獲取Department Name資訊 - 【GetDepartmentName】: SELECT * 
                                                FROM GFIN.EMP_DATA_ALL E, GFIN.ORG_DATA_ALL O
                                                WHERE E.ORG_ID = O.ORG_ID
                                                AND E.EMP_NO = :emp_no 

2021-12-13 14:55:12,827 [10] INFO  --End:獲取Department Name資訊 - Completed
2021-12-13 14:56:00,962 [12] INFO  --Begin:LoginLog - 【RSI_ConfigEntityDAL】:INSERT INTO rsi_h_func_log(attribute1,created_by,created_date)
                                 VALUES('Login',:emp_no,SYSDATE) 

2021-12-13 14:56:00,978 [12] INFO  --End:LoginLog - Completed
2021-12-13 14:56:00,978 [12] INFO  --Begin:獲取To_Do_List_V資訊 - 【GetTo_Do_List_VEntities】:SELECT * FROM RSI_TO_DO_LIST_V 
                                                WHERE ( :emp_no is null or APP_ASSIGNER = :emp_no) 
                                                ORDER BY PHASE_ID, HELDDAYS 

2021-12-13 14:56:00,978 [12] INFO  --End:獲取To_Do_List_V資訊 - Completed
2021-12-13 14:56:00,978 [12] INFO  --Begin:GetBulletin - 【RSI_ConfigEntityDAL】:select t.*,dbms_lob.substr(t.note) as sys_note from RSI_C_PARAMETER t
                                 where t.function='BULLETIN' 

2021-12-13 14:56:00,978 [12] INFO  --End:GetBulletin - Completed
2021-12-13 14:56:00,978 [12] INFO  --Begin:獲取FAQ資訊 - 【GetFAQ】:SELECT * FROM RSI_C_PARAMETER WHERE FUNCTION = 'FAQ' 

2021-12-13 14:56:00,978 [12] INFO  --End:獲取FAQ資訊 - Completed
2021-12-13 14:56:00,978 [12] INFO  --Begin:獲取ContactWindow資訊 - 【GetContactWindow】:SELECT DISTINCT ATTRIBUTE1, ATTRIBUTE2 FROM RSI_C_PARAMETER WHERE FUNCTION = 'Contact_Windows' 

2021-12-13 14:56:00,978 [12] INFO  --End:獲取ContactWindow資訊 - Completed
2021-12-13 14:56:00,978 [12] INFO  --Begin:獲取To_Do_List_V資訊 - 【GetTo_Do_List_VEntities】:SELECT * FROM RSI_TO_DO_LIST_V 
                                                WHERE ( :emp_no is null or APP_ASSIGNER = :emp_no) 
                                                ORDER BY PHASE_ID, HELDDAYS 

2021-12-13 14:56:00,994 [12] INFO  --End:獲取To_Do_List_V資訊 - Completed
2021-12-13 14:56:00,994 [12] INFO  --Begin:獲取To_Do_List_V資訊 - 【GetTo_Do_List_VEntities】:SELECT * FROM RSI_TO_DO_LIST_V 
                                                WHERE ( :emp_no is null or APP_ASSIGNER = :emp_no) 
                                                ORDER BY PHASE_ID, HELDDAYS 

2021-12-13 14:56:00,994 [12] INFO  --End:獲取To_Do_List_V資訊 - Completed
2021-12-13 14:56:00,994 [12] INFO  --Begin:獲取Department Name資訊 - 【GetDepartmentName】: SELECT * 
                                                FROM GFIN.EMP_DATA_ALL E, GFIN.ORG_DATA_ALL O
                                                WHERE E.ORG_ID = O.ORG_ID
                                                AND E.EMP_NO = :emp_no 

2021-12-13 14:56:00,994 [12] INFO  --End:獲取Department Name資訊 - Completed
2021-12-13 14:57:09,430 [ 8] INFO  --Begin:獲取DashBoard UA資訊1 - 【GetDashBoardUA】:SELECT * FROM GPO.RSI_DASHBOARD_LIST_V A
                                                   JOIN (
                                                        SELECT DISTINCT B.RSI_NO FROM GPO.RSI_H_FORM_HEADER B
                                                        WHERE FORM_NO IN
                                                        (SELECT A.FORM_NO    --自己簽核過表單
                                                         FROM GPO.RSI_H_FORM_APPROVE A
                                                         LEFT JOIN GPO.RSI_H_DETAIL_APP_LOG L ON A.FORM_NO = L.FORM_NO
                                                         WHERE (A.APP_ASSIGNER = :emp_no OR A.APP_ACTOR = :emp_no OR L.APP_ACTOR = :emp_no)
                                                         UNION            --下轄人員簽核過表單
                                                         SELECT DISTINCT B.FORM_NO 
                                                         FROM au_dw.auo_person_reportline A
                                                         INNER JOIN GPO.RSI_H_FORM_APPROVE B ON A.EMP_NO = NVL(B.APP_ACTOR, B.APP_ASSIGNER)
                                                         LEFT JOIN GPO.RSI_H_DETAIL_APP_LOG L ON B.FORM_NO = L.FORM_NO AND A.EMP_NO = L.APP_ACTOR
                                                         WHERE (TRIM(A.BOSS_EMP_NO) = :emp_no)
                                                         AND A.ACTIVE = 'Y')                
                                                   ) B ON A.RSI_NO = B.RSI_NO 
                                                   WHERE DECODE(:contractStatus, 'ALL', 1, INSTR(:contractStatus, A.FORM_STATUS)) > 0 
                                                   AND ((:rsi_no is null or A.RSI_NO LIKE :rsi_no) 
                                                   OR (:bu is null or UPPER(A.BU) LIKE :bu) 
                                                   OR (:project_name is null or UPPER(A.PROJECT_NAME) LIKE :project_name) 
                                                   OR (:request_name is null or UPPER(A.REQUEST_NAME) LIKE :request_name)) 
                                                ORDER BY A.RSI_NO DESC, DECODE(A.PART_TYPE, '', 1 ,'ACD', 2, 'EE', 3, 'OM', 4, 'PACKING', 5, 6)   

2021-12-13 14:57:09,430 [ 8] INFO  --End:獲取DashBoard UA資訊1 - Completed
2021-12-13 14:57:12,493 [ 8] INFO  --Begin:獲取Contract Status資訊 - 【GetContractStatus】:SELECT DISTINCT ATTRIBUTE3, ATTRIBUTE2 
                                   FROM GPO.RSI_C_PARAMETER 
                                  WHERE FUNCTION = 'FORM_STATUS' 
                                  ORDER BY DECODE(ATTRIBUTE2, 'UA', 0, 'AP', 1, 'CL', 2, 'RC', 3, 4) 

2021-12-13 14:57:12,493 [ 8] INFO  --End:獲取Contract Status資訊 - Completed
2021-12-13 14:57:12,493 [ 8] INFO  --Begin:獲取To_Do_List_V資訊 - 【GetTo_Do_List_VEntities】:SELECT * FROM RSI_TO_DO_LIST_V 
                                                WHERE ( :emp_no is null or APP_ASSIGNER = :emp_no) 
                                                ORDER BY PHASE_ID, HELDDAYS 

2021-12-13 14:57:12,508 [ 8] INFO  --End:獲取To_Do_List_V資訊 - Completed
2021-12-13 14:57:12,508 [ 8] INFO  --Begin:獲取To_Do_List_V資訊 - 【GetTo_Do_List_VEntities】:SELECT * FROM RSI_TO_DO_LIST_V 
                                                WHERE ( :emp_no is null or APP_ASSIGNER = :emp_no) 
                                                ORDER BY PHASE_ID, HELDDAYS 

2021-12-13 14:57:12,508 [ 8] INFO  --End:獲取To_Do_List_V資訊 - Completed
2021-12-13 14:57:12,508 [ 8] INFO  --Begin:獲取Department Name資訊 - 【GetDepartmentName】: SELECT * 
                                                FROM GFIN.EMP_DATA_ALL E, GFIN.ORG_DATA_ALL O
                                                WHERE E.ORG_ID = O.ORG_ID
                                                AND E.EMP_NO = :emp_no 

2021-12-13 14:57:12,508 [ 8] INFO  --End:獲取Department Name資訊 - Completed
2021-12-13 14:57:32,384 [12] INFO  --Begin: - 【GetDashBoardRSINO】:select rsi_no from RSI_H_PRODUCT_INFO where 1=1 and project_name = :project_name  order by rsi_no desc 

2021-12-13 14:57:32,399 [12] INFO   --End: - Completed
2021-12-13 14:57:32,399 [12] INFO  --Begin:獲取DashBoard UA資訊2 - 【GetDashBoardUA】:SELECT * FROM GPO.RSI_DASHBOARD_LIST_V 
                                                   WHERE DECODE(:contractStatus, 'ALL', 1, INSTR(:contractStatus, FORM_STATUS)) > 0  
                                                   AND ((:rsi_no is null or RSI_NO LIKE :rsi_no) 
                                                   OR (:bu is null or UPPER(BU) LIKE :bu) 
                                                   OR (:project_name is null or UPPER(PROJECT_NAME) LIKE :project_name) 
                                                   OR (:request_name is null or UPPER(REQUEST_NAME) LIKE :request_name)) 
                                                ORDER BY RSI_NO DESC, DECODE(PART_TYPE, '', 1 ,'ACD', 2, 'EE', 3, 'OM', 4, 'PACKING', 5, 6)  

2021-12-13 14:57:32,555 [12] INFO  --End:獲取DashBoard UA資訊2 - Completed
2021-12-13 14:57:32,555 [12] INFO  --Begin:獲取Contract Status資訊 - 【GetContractStatus】:SELECT DISTINCT ATTRIBUTE3, ATTRIBUTE2 
                                   FROM GPO.RSI_C_PARAMETER 
                                  WHERE FUNCTION = 'FORM_STATUS' 
                                  ORDER BY DECODE(ATTRIBUTE2, 'UA', 0, 'AP', 1, 'CL', 2, 'RC', 3, 4) 

2021-12-13 14:57:32,555 [12] INFO  --End:獲取Contract Status資訊 - Completed
2021-12-13 14:57:32,555 [12] INFO  --Begin:獲取To_Do_List_V資訊 - 【GetTo_Do_List_VEntities】:SELECT * FROM RSI_TO_DO_LIST_V 
                                                WHERE ( :emp_no is null or APP_ASSIGNER = :emp_no) 
                                                ORDER BY PHASE_ID, HELDDAYS 

2021-12-13 14:57:32,571 [12] INFO  --End:獲取To_Do_List_V資訊 - Completed
2021-12-13 14:57:32,571 [12] INFO  --Begin:獲取To_Do_List_V資訊 - 【GetTo_Do_List_VEntities】:SELECT * FROM RSI_TO_DO_LIST_V 
                                                WHERE ( :emp_no is null or APP_ASSIGNER = :emp_no) 
                                                ORDER BY PHASE_ID, HELDDAYS 

2021-12-13 14:57:32,571 [12] INFO  --End:獲取To_Do_List_V資訊 - Completed
2021-12-13 14:57:32,571 [12] INFO  --Begin:獲取Department Name資訊 - 【GetDepartmentName】: SELECT * 
                                                FROM GFIN.EMP_DATA_ALL E, GFIN.ORG_DATA_ALL O
                                                WHERE E.ORG_ID = O.ORG_ID
                                                AND E.EMP_NO = :emp_no 

2021-12-13 14:57:32,571 [12] INFO  --End:獲取Department Name資訊 - Completed
