2021-09-02 13:54:09,846 [22] INFO  --Begin:獲取DashBoard UA資訊 - 【GetDashBoardUA】:SELECT * FROM GPO.RSI_DASHBOARD_LIST_V A
                                                   JOIN (
                                                        SELECT DISTINCT B.RSI_NO FROM GPO.RSI_H_FORM_HEADER B
                                                        WHERE FORM_NO IN
                                                        (SELECT A.FORM_NO    --自己簽核過表單
                                                         FROM GPO.RSI_H_FORM_APPROVE A
                                                         LEFT JOIN GPO.RSI_H_DETAIL_APP_LOG L ON A.FORM_NO = L.FORM_NO
                                                         WHERE (A.APP_ASSIGNER = :emp_no OR A.APP_ACTOR = :emp_no OR L.APP_ACTOR = :emp_no)
                                                         UNION            --下轄人員簽核過表單
                                                         SELECT DISTINCT B.FORM_NO 
                                                         FROM au_dw.auo_person_reportline A
                                                         INNER JOIN GPO.RSI_H_FORM_APPROVE B ON A.EMP_NO = NVL(B.APP_ACTOR, B.APP_ASSIGNER)
                                                         LEFT JOIN GPO.RSI_H_DETAIL_APP_LOG L ON B.FORM_NO = L.FORM_NO AND A.EMP_NO = L.APP_ACTOR
                                                         WHERE (TRIM(A.BOSS_EMP_NO) = :emp_no)
                                                         AND A.ACTIVE = 'Y')                
                                                   ) B ON A.RSI_NO = B.RSI_NO 
                                                   WHERE DECODE(:contractStatus, 'ALL', 1, INSTR(:contractStatus, A.FORM_STATUS)) > 0 
                                                   AND ((:rsi_no is null or A.RSI_NO LIKE :rsi_no) 
                                                   OR (:bu is null or UPPER(A.BU) LIKE :bu) 
                                                   OR (:project_name is null or UPPER(A.PROJECT_NAME) LIKE :project_name) 
                                                   OR (:request_name is null or UPPER(A.REQUEST_NAME) LIKE :request_name)) 
                                                ORDER BY A.RSI_NO DESC, DECODE(A.PART_TYPE, '', 1 ,'ACD', 2, 'EE', 3, 'OM', 4, 'PACKING', 5, 6)   

2021-09-02 13:54:09,862 [22] INFO  --End:獲取DashBoard UA資訊 - Completed
2021-09-02 13:54:09,862 [22] INFO  --Begin:獲取Contract Status資訊 - 【GetContractStatus】:SELECT DISTINCT ATTRIBUTE3, ATTRIBUTE2 
                                   FROM GPO.RSI_C_PARAMETER 
                                  WHERE FUNCTION = 'FORM_STATUS' 
                                  ORDER BY DECODE(ATTRIBUTE2, 'UA', 0, 'AP', 1, 'CL', 2, 'RC', 3, 4) 

2021-09-02 13:54:09,862 [22] INFO  --End:獲取Contract Status資訊 - Completed
2021-09-02 13:54:09,862 [22] INFO  --Begin:獲取To_Do_List_V資訊 - 【GetTo_Do_List_VEntities】:SELECT * FROM RSI_TO_DO_LIST_V 
                                                WHERE ( :emp_no is null or APP_ASSIGNER = :emp_no) 
                                                ORDER BY PHASE_ID, HELDDAYS 

2021-09-02 13:54:09,862 [22] INFO  --End:獲取To_Do_List_V資訊 - Completed
2021-09-02 13:54:09,862 [22] INFO  --Begin:獲取To_Do_List_V資訊 - 【GetTo_Do_List_VEntities】:SELECT * FROM RSI_TO_DO_LIST_V 
                                                WHERE ( :emp_no is null or APP_ASSIGNER = :emp_no) 
                                                ORDER BY PHASE_ID, HELDDAYS 

2021-09-02 13:54:09,862 [22] INFO  --End:獲取To_Do_List_V資訊 - Completed
2021-09-02 13:54:09,862 [22] INFO  --Begin:獲取Department Name資訊 - 【GetDepartmentName】: SELECT * 
                                                FROM GFIN.EMP_DATA_ALL E, GFIN.ORG_DATA_ALL O
                                                WHERE E.ORG_ID = O.ORG_ID
                                                AND E.EMP_NO = :emp_no 

2021-09-02 13:54:09,862 [22] INFO  --End:獲取Department Name資訊 - Completed
2021-09-02 13:54:12,274 [ 9] INFO  --Begin:獲取DashBoard UA資訊 - 【GetDashBoardUA】:SELECT * FROM GPO.RSI_DASHBOARD_LIST_V A
                                                   JOIN (
                                                        SELECT DISTINCT B.RSI_NO FROM GPO.RSI_H_FORM_HEADER B
                                                        WHERE FORM_NO IN
                                                        (SELECT A.FORM_NO    --自己簽核過表單
                                                         FROM GPO.RSI_H_FORM_APPROVE A
                                                         LEFT JOIN GPO.RSI_H_DETAIL_APP_LOG L ON A.FORM_NO = L.FORM_NO
                                                         WHERE (A.APP_ASSIGNER = :emp_no OR A.APP_ACTOR = :emp_no OR L.APP_ACTOR = :emp_no)
                                                         UNION            --下轄人員簽核過表單
                                                         SELECT DISTINCT B.FORM_NO 
                                                         FROM au_dw.auo_person_reportline A
                                                         INNER JOIN GPO.RSI_H_FORM_APPROVE B ON A.EMP_NO = NVL(B.APP_ACTOR, B.APP_ASSIGNER)
                                                         LEFT JOIN GPO.RSI_H_DETAIL_APP_LOG L ON B.FORM_NO = L.FORM_NO AND A.EMP_NO = L.APP_ACTOR
                                                         WHERE (TRIM(A.BOSS_EMP_NO) = :emp_no)
                                                         AND A.ACTIVE = 'Y')                
                                                   ) B ON A.RSI_NO = B.RSI_NO 
                                                   WHERE DECODE(:contractStatus, 'ALL', 1, INSTR(:contractStatus, A.FORM_STATUS)) > 0 
                                                   AND ((:rsi_no is null or A.RSI_NO LIKE :rsi_no) 
                                                   OR (:bu is null or UPPER(A.BU) LIKE :bu) 
                                                   OR (:project_name is null or UPPER(A.PROJECT_NAME) LIKE :project_name) 
                                                   OR (:request_name is null or UPPER(A.REQUEST_NAME) LIKE :request_name)) 
                                                ORDER BY A.RSI_NO DESC, DECODE(A.PART_TYPE, '', 1 ,'ACD', 2, 'EE', 3, 'OM', 4, 'PACKING', 5, 6)   

2021-09-02 13:54:12,290 [ 9] INFO  --End:獲取DashBoard UA資訊 - Completed
2021-09-02 13:54:12,290 [ 9] INFO  --Begin:獲取Contract Status資訊 - 【GetContractStatus】:SELECT DISTINCT ATTRIBUTE3, ATTRIBUTE2 
                                   FROM GPO.RSI_C_PARAMETER 
                                  WHERE FUNCTION = 'FORM_STATUS' 
                                  ORDER BY DECODE(ATTRIBUTE2, 'UA', 0, 'AP', 1, 'CL', 2, 'RC', 3, 4) 

2021-09-02 13:54:12,290 [ 9] INFO  --End:獲取Contract Status資訊 - Completed
2021-09-02 13:57:59,996 [43] INFO  --Begin:獲取DashBoard UA資訊1 - 【GetDashBoardUA】:SELECT * FROM GPO.RSI_DASHBOARD_LIST_V A
                                                   JOIN (
                                                        SELECT DISTINCT B.RSI_NO FROM GPO.RSI_H_FORM_HEADER B
                                                        WHERE FORM_NO IN
                                                        (SELECT A.FORM_NO    --自己簽核過表單
                                                         FROM GPO.RSI_H_FORM_APPROVE A
                                                         LEFT JOIN GPO.RSI_H_DETAIL_APP_LOG L ON A.FORM_NO = L.FORM_NO
                                                         WHERE (A.APP_ASSIGNER = :emp_no OR A.APP_ACTOR = :emp_no OR L.APP_ACTOR = :emp_no)
                                                         UNION            --下轄人員簽核過表單
                                                         SELECT DISTINCT B.FORM_NO 
                                                         FROM au_dw.auo_person_reportline A
                                                         INNER JOIN GPO.RSI_H_FORM_APPROVE B ON A.EMP_NO = NVL(B.APP_ACTOR, B.APP_ASSIGNER)
                                                         LEFT JOIN GPO.RSI_H_DETAIL_APP_LOG L ON B.FORM_NO = L.FORM_NO AND A.EMP_NO = L.APP_ACTOR
                                                         WHERE (TRIM(A.BOSS_EMP_NO) = :emp_no)
                                                         AND A.ACTIVE = 'Y')                
                                                   ) B ON A.RSI_NO = B.RSI_NO 
                                                   WHERE DECODE(:contractStatus, 'ALL', 1, INSTR(:contractStatus, A.FORM_STATUS)) > 0 
                                                   AND ((:rsi_no is null or A.RSI_NO LIKE :rsi_no) 
                                                   OR (:bu is null or UPPER(A.BU) LIKE :bu) 
                                                   OR (:project_name is null or UPPER(A.PROJECT_NAME) LIKE :project_name) 
                                                   OR (:request_name is null or UPPER(A.REQUEST_NAME) LIKE :request_name)) 
                                                ORDER BY A.RSI_NO DESC, DECODE(A.PART_TYPE, '', 1 ,'ACD', 2, 'EE', 3, 'OM', 4, 'PACKING', 5, 6)   

2021-09-02 13:58:00,700 [43] INFO  --End:獲取DashBoard UA資訊1 - Completed
2021-09-02 13:58:01,965 [43] INFO  --Begin:獲取Contract Status資訊 - 【GetContractStatus】:SELECT DISTINCT ATTRIBUTE3, ATTRIBUTE2 
                                   FROM GPO.RSI_C_PARAMETER 
                                  WHERE FUNCTION = 'FORM_STATUS' 
                                  ORDER BY DECODE(ATTRIBUTE2, 'UA', 0, 'AP', 1, 'CL', 2, 'RC', 3, 4) 

2021-09-02 13:58:01,981 [43] INFO  --End:獲取Contract Status資訊 - Completed
2021-09-02 13:58:02,481 [43] INFO  --Begin:獲取To_Do_List_V資訊 - 【GetTo_Do_List_VEntities】:SELECT * FROM RSI_TO_DO_LIST_V 
                                                WHERE ( :emp_no is null or APP_ASSIGNER = :emp_no) 
                                                ORDER BY PHASE_ID, HELDDAYS 

2021-09-02 13:58:02,481 [43] INFO  --End:獲取To_Do_List_V資訊 - Completed
2021-09-02 13:58:02,481 [43] INFO  --Begin:獲取To_Do_List_V資訊 - 【GetTo_Do_List_VEntities】:SELECT * FROM RSI_TO_DO_LIST_V 
                                                WHERE ( :emp_no is null or APP_ASSIGNER = :emp_no) 
                                                ORDER BY PHASE_ID, HELDDAYS 

2021-09-02 13:58:02,481 [43] INFO  --End:獲取To_Do_List_V資訊 - Completed
2021-09-02 13:58:02,481 [43] INFO  --Begin:獲取Department Name資訊 - 【GetDepartmentName】: SELECT * 
                                                FROM GFIN.EMP_DATA_ALL E, GFIN.ORG_DATA_ALL O
                                                WHERE E.ORG_ID = O.ORG_ID
                                                AND E.EMP_NO = :emp_no 

2021-09-02 13:58:02,497 [43] INFO  --End:獲取Department Name資訊 - Completed
2021-09-02 13:58:04,848 [44] INFO  --Begin:獲取DashBoard UA資訊1 - 【GetDashBoardUA】:SELECT * FROM GPO.RSI_DASHBOARD_LIST_V A
                                                   JOIN (
                                                        SELECT DISTINCT B.RSI_NO FROM GPO.RSI_H_FORM_HEADER B
                                                        WHERE FORM_NO IN
                                                        (SELECT A.FORM_NO    --自己簽核過表單
                                                         FROM GPO.RSI_H_FORM_APPROVE A
                                                         LEFT JOIN GPO.RSI_H_DETAIL_APP_LOG L ON A.FORM_NO = L.FORM_NO
                                                         WHERE (A.APP_ASSIGNER = :emp_no OR A.APP_ACTOR = :emp_no OR L.APP_ACTOR = :emp_no)
                                                         UNION            --下轄人員簽核過表單
                                                         SELECT DISTINCT B.FORM_NO 
                                                         FROM au_dw.auo_person_reportline A
                                                         INNER JOIN GPO.RSI_H_FORM_APPROVE B ON A.EMP_NO = NVL(B.APP_ACTOR, B.APP_ASSIGNER)
                                                         LEFT JOIN GPO.RSI_H_DETAIL_APP_LOG L ON B.FORM_NO = L.FORM_NO AND A.EMP_NO = L.APP_ACTOR
                                                         WHERE (TRIM(A.BOSS_EMP_NO) = :emp_no)
                                                         AND A.ACTIVE = 'Y')                
                                                   ) B ON A.RSI_NO = B.RSI_NO 
                                                   WHERE DECODE(:contractStatus, 'ALL', 1, INSTR(:contractStatus, A.FORM_STATUS)) > 0 
                                                   AND ((:rsi_no is null or A.RSI_NO LIKE :rsi_no) 
                                                   OR (:bu is null or UPPER(A.BU) LIKE :bu) 
                                                   OR (:project_name is null or UPPER(A.PROJECT_NAME) LIKE :project_name) 
                                                   OR (:request_name is null or UPPER(A.REQUEST_NAME) LIKE :request_name)) 
                                                ORDER BY A.RSI_NO DESC, DECODE(A.PART_TYPE, '', 1 ,'ACD', 2, 'EE', 3, 'OM', 4, 'PACKING', 5, 6)   

2021-09-02 13:58:04,864 [44] INFO  --End:獲取DashBoard UA資訊1 - Completed
2021-09-02 13:58:04,864 [44] INFO  --Begin:獲取Contract Status資訊 - 【GetContractStatus】:SELECT DISTINCT ATTRIBUTE3, ATTRIBUTE2 
                                   FROM GPO.RSI_C_PARAMETER 
                                  WHERE FUNCTION = 'FORM_STATUS' 
                                  ORDER BY DECODE(ATTRIBUTE2, 'UA', 0, 'AP', 1, 'CL', 2, 'RC', 3, 4) 

2021-09-02 13:58:04,864 [44] INFO  --End:獲取Contract Status資訊 - Completed
2021-09-02 14:13:36,989 [72] INFO  --Begin:獲取DashBoard UA資訊1 - 【GetDashBoardUA】:SELECT * FROM GPO.RSI_DASHBOARD_LIST_V A
                                                   JOIN (
                                                        SELECT DISTINCT B.RSI_NO FROM GPO.RSI_H_FORM_HEADER B
                                                        WHERE FORM_NO IN
                                                        (SELECT A.FORM_NO    --自己簽核過表單
                                                         FROM GPO.RSI_H_FORM_APPROVE A
                                                         LEFT JOIN GPO.RSI_H_DETAIL_APP_LOG L ON A.FORM_NO = L.FORM_NO
                                                         WHERE (A.APP_ASSIGNER = :emp_no OR A.APP_ACTOR = :emp_no OR L.APP_ACTOR = :emp_no)
                                                         UNION            --下轄人員簽核過表單
                                                         SELECT DISTINCT B.FORM_NO 
                                                         FROM au_dw.auo_person_reportline A
                                                         INNER JOIN GPO.RSI_H_FORM_APPROVE B ON A.EMP_NO = NVL(B.APP_ACTOR, B.APP_ASSIGNER)
                                                         LEFT JOIN GPO.RSI_H_DETAIL_APP_LOG L ON B.FORM_NO = L.FORM_NO AND A.EMP_NO = L.APP_ACTOR
                                                         WHERE (TRIM(A.BOSS_EMP_NO) = :emp_no)
                                                         AND A.ACTIVE = 'Y')                
                                                   ) B ON A.RSI_NO = B.RSI_NO 
                                                   WHERE DECODE(:contractStatus, 'ALL', 1, INSTR(:contractStatus, A.FORM_STATUS)) > 0 
                                                   AND ((:rsi_no is null or A.RSI_NO LIKE :rsi_no) 
                                                   OR (:bu is null or UPPER(A.BU) LIKE :bu) 
                                                   OR (:project_name is null or UPPER(A.PROJECT_NAME) LIKE :project_name) 
                                                   OR (:request_name is null or UPPER(A.REQUEST_NAME) LIKE :request_name)) 
                                                ORDER BY A.RSI_NO DESC, DECODE(A.PART_TYPE, '', 1 ,'ACD', 2, 'EE', 3, 'OM', 4, 'PACKING', 5, 6)   

2021-09-02 14:13:37,254 [72] INFO  --End:獲取DashBoard UA資訊1 - Completed
2021-09-02 14:13:37,254 [72] INFO  --Begin:獲取Contract Status資訊 - 【GetContractStatus】:SELECT DISTINCT ATTRIBUTE3, ATTRIBUTE2 
                                   FROM GPO.RSI_C_PARAMETER 
                                  WHERE FUNCTION = 'FORM_STATUS' 
                                  ORDER BY DECODE(ATTRIBUTE2, 'UA', 0, 'AP', 1, 'CL', 2, 'RC', 3, 4) 

2021-09-02 14:13:37,254 [72] INFO  --End:獲取Contract Status資訊 - Completed
2021-09-02 14:13:37,254 [72] INFO  --Begin:獲取To_Do_List_V資訊 - 【GetTo_Do_List_VEntities】:SELECT * FROM RSI_TO_DO_LIST_V 
                                                WHERE ( :emp_no is null or APP_ASSIGNER = :emp_no) 
                                                ORDER BY PHASE_ID, HELDDAYS 

2021-09-02 14:13:37,254 [72] INFO  --End:獲取To_Do_List_V資訊 - Completed
2021-09-02 14:13:37,254 [72] INFO  --Begin:獲取To_Do_List_V資訊 - 【GetTo_Do_List_VEntities】:SELECT * FROM RSI_TO_DO_LIST_V 
                                                WHERE ( :emp_no is null or APP_ASSIGNER = :emp_no) 
                                                ORDER BY PHASE_ID, HELDDAYS 

2021-09-02 14:13:37,254 [72] INFO  --End:獲取To_Do_List_V資訊 - Completed
2021-09-02 14:13:37,254 [72] INFO  --Begin:獲取Department Name資訊 - 【GetDepartmentName】: SELECT * 
                                                FROM GFIN.EMP_DATA_ALL E, GFIN.ORG_DATA_ALL O
                                                WHERE E.ORG_ID = O.ORG_ID
                                                AND E.EMP_NO = :emp_no 

2021-09-02 14:13:37,270 [72] INFO  --End:獲取Department Name資訊 - Completed
2021-09-02 14:13:39,780 [76] INFO  --Begin:獲取DashBoard UA資訊1 - 【GetDashBoardUA】:SELECT * FROM GPO.RSI_DASHBOARD_LIST_V A
                                                   JOIN (
                                                        SELECT DISTINCT B.RSI_NO FROM GPO.RSI_H_FORM_HEADER B
                                                        WHERE FORM_NO IN
                                                        (SELECT A.FORM_NO    --自己簽核過表單
                                                         FROM GPO.RSI_H_FORM_APPROVE A
                                                         LEFT JOIN GPO.RSI_H_DETAIL_APP_LOG L ON A.FORM_NO = L.FORM_NO
                                                         WHERE (A.APP_ASSIGNER = :emp_no OR A.APP_ACTOR = :emp_no OR L.APP_ACTOR = :emp_no)
                                                         UNION            --下轄人員簽核過表單
                                                         SELECT DISTINCT B.FORM_NO 
                                                         FROM au_dw.auo_person_reportline A
                                                         INNER JOIN GPO.RSI_H_FORM_APPROVE B ON A.EMP_NO = NVL(B.APP_ACTOR, B.APP_ASSIGNER)
                                                         LEFT JOIN GPO.RSI_H_DETAIL_APP_LOG L ON B.FORM_NO = L.FORM_NO AND A.EMP_NO = L.APP_ACTOR
                                                         WHERE (TRIM(A.BOSS_EMP_NO) = :emp_no)
                                                         AND A.ACTIVE = 'Y')                
                                                   ) B ON A.RSI_NO = B.RSI_NO 
                                                   WHERE DECODE(:contractStatus, 'ALL', 1, INSTR(:contractStatus, A.FORM_STATUS)) > 0 
                                                   AND ((:rsi_no is null or A.RSI_NO LIKE :rsi_no) 
                                                   OR (:bu is null or UPPER(A.BU) LIKE :bu) 
                                                   OR (:project_name is null or UPPER(A.PROJECT_NAME) LIKE :project_name) 
                                                   OR (:request_name is null or UPPER(A.REQUEST_NAME) LIKE :request_name)) 
                                                ORDER BY A.RSI_NO DESC, DECODE(A.PART_TYPE, '', 1 ,'ACD', 2, 'EE', 3, 'OM', 4, 'PACKING', 5, 6)   

2021-09-02 14:13:39,796 [76] INFO  --End:獲取DashBoard UA資訊1 - Completed
2021-09-02 14:13:39,796 [76] INFO  --Begin:獲取Contract Status資訊 - 【GetContractStatus】:SELECT DISTINCT ATTRIBUTE3, ATTRIBUTE2 
                                   FROM GPO.RSI_C_PARAMETER 
                                  WHERE FUNCTION = 'FORM_STATUS' 
                                  ORDER BY DECODE(ATTRIBUTE2, 'UA', 0, 'AP', 1, 'CL', 2, 'RC', 3, 4) 

2021-09-02 14:13:39,796 [76] INFO  --End:獲取Contract Status資訊 - Completed
2021-09-02 14:13:39,796 [76] INFO  --Begin:獲取To_Do_List_V資訊 - 【GetTo_Do_List_VEntities】:SELECT * FROM RSI_TO_DO_LIST_V 
                                                WHERE ( :emp_no is null or APP_ASSIGNER = :emp_no) 
                                                ORDER BY PHASE_ID, HELDDAYS 

2021-09-02 14:13:39,796 [76] INFO  --End:獲取To_Do_List_V資訊 - Completed
2021-09-02 14:13:39,796 [76] INFO  --Begin:獲取To_Do_List_V資訊 - 【GetTo_Do_List_VEntities】:SELECT * FROM RSI_TO_DO_LIST_V 
                                                WHERE ( :emp_no is null or APP_ASSIGNER = :emp_no) 
                                                ORDER BY PHASE_ID, HELDDAYS 

2021-09-02 14:13:39,796 [76] INFO  --End:獲取To_Do_List_V資訊 - Completed
2021-09-02 14:13:39,796 [76] INFO  --Begin:獲取Department Name資訊 - 【GetDepartmentName】: SELECT * 
                                                FROM GFIN.EMP_DATA_ALL E, GFIN.ORG_DATA_ALL O
                                                WHERE E.ORG_ID = O.ORG_ID
                                                AND E.EMP_NO = :emp_no 

2021-09-02 14:13:39,812 [76] INFO  --End:獲取Department Name資訊 - Completed
2021-09-02 14:13:44,778 [78] INFO  --Begin:獲取DashBoardLayer1資訊 - 【GetDashBoardLayer1】:SELECT * FROM
                                                (
                                                SELECT * FROM RSI_DASHBOARD_LAYER1_V 
                                                 WHERE RSI_NO = :rsi_no
                                                   AND STATUS = :form_status 
                                                   AND PHASE_ID = :phase_id
                                                   AND PART_TYPE = :part_type                 ) T
                                                ORDER BY T.RSI_NO, T.PHASE_ID DESC, DECODE(T.PART_TYPE, 'ACD', 0, 'EE', 1, 'OM', 2, 'PACKING', 3, 4) 

2021-09-02 14:13:46,981 [78] INFO  --End:獲取DashBoardLayer1資訊 - Completed
2021-09-02 14:13:46,997 [78] INFO  --Begin:phase_id=40、50、60 - 【GetViewIconShow】:select distinct trim(a.boss_emp_no) as boss_emp_no, a.boss_level, a.boss_title, h.rsi_no, h.form_no, h.part_type, d.app_assigner, c.app_actor 
                                                    from au_dw.auo_person_reportline a
                                                    join RSI_H_AUTHORITY b on a.emp_no = b.emp_no
                                                    join RSI_H_DETAIL_APP_LOG c on a.emp_no = c.app_actor
                                                    join RSI_H_FORM_HEADER h on c.rsi_no = h.rsi_no and c.form_no = h.form_no 
                                                    join RSI_H_FORM_APPROVE d on c.form_no = d.form_no
                                                    where trim(a.boss_emp_no) = :emp_no    -- EMP_NO
                                                    and a.active = 'Y'
                                                    and b.active = 'Y'
                                                    and sysdate >= b.start_date  
                                                    and b.end_date > =sysdate
                                                    and h.rsi_no = :rsi_no  --RSI_NO -- DashBoard傳入
                                                    and d.phase_id = :phase_id
                                                  order by h.rsi_no, h.form_no, h.part_type 

2021-09-02 14:13:46,997 [78] INFO  --End:phase_id=40、50、60 - Completed
2021-09-02 14:13:46,997 [78] INFO  --Begin:phase_id=40、50、60 - 【GetViewIconShow】:select distinct trim(a.boss_emp_no) as boss_emp_no, a.boss_level, a.boss_title, h.rsi_no, h.form_no, h.part_type, d.app_assigner, c.app_actor 
                                                    from au_dw.auo_person_reportline a
                                                    join RSI_H_AUTHORITY b on a.emp_no = b.emp_no
                                                    join RSI_H_DETAIL_APP_LOG c on a.emp_no = c.app_actor
                                                    join RSI_H_FORM_HEADER h on c.rsi_no = h.rsi_no and c.form_no = h.form_no 
                                                    join RSI_H_FORM_APPROVE d on c.form_no = d.form_no
                                                    where trim(a.boss_emp_no) = :emp_no    -- EMP_NO
                                                    and a.active = 'Y'
                                                    and b.active = 'Y'
                                                    and sysdate >= b.start_date  
                                                    and b.end_date > =sysdate
                                                    and h.rsi_no = :rsi_no  --RSI_NO -- DashBoard傳入
                                                    and d.phase_id = :phase_id
                                                  order by h.rsi_no, h.form_no, h.part_type 

2021-09-02 14:13:46,997 [78] INFO  --End:phase_id=40、50、60 - Completed
2021-09-02 14:13:48,745 [60] INFO  --Begin:獲取DashBoardLayer1資訊 - 【GetDashBoardLayer1】:SELECT * FROM
                                                (
                                                SELECT * FROM RSI_DASHBOARD_LAYER1_V 
                                                 WHERE RSI_NO = :rsi_no
                                                   AND STATUS = :form_status 
                                                   AND PHASE_ID = :phase_id
                                                   AND PART_TYPE = :part_type                 ) T
                                                ORDER BY T.RSI_NO, T.PHASE_ID DESC, DECODE(T.PART_TYPE, 'ACD', 0, 'EE', 1, 'OM', 2, 'PACKING', 3, 4) 

2021-09-02 14:13:48,761 [60] INFO  --End:獲取DashBoardLayer1資訊 - Completed
2021-09-02 14:13:48,761 [60] INFO  --Begin:phase_id=10、20、25、30、70 - 【GetViewIconShow】:select distinct trim(a.boss_emp_no) as boss_emp_no, a.boss_level, a.boss_title, c.rsi_no, c.form_no, c.part_type, b.app_assigner, b.app_actor
                                                    from au_dw.auo_person_reportline a
                                                    join RSI_H_FORM_APPROVE b on (a.emp_no = b.app_assigner or a.emp_no = b.app_actor) and (b.phase_id <= '30' or b.phase_id = '70')
                                                    join RSI_H_FORM_HEADER c on b.form_no = c.form_no
                                                    where (trim(a.boss_emp_no) = :emp_no) -- EMP_NO
                                                    -- or nvl(b.app_actor, b.app_assigner) = :emp_no)
                                                    and a.active = 'Y'
                                                    and c.rsi_no = :rsi_no  --RSI_NO -- DashBoard傳入
                                                    and b.phase_id = :phase_id
                                                  order by c.rsi_no, c.form_no, c.part_type 

2021-09-02 14:13:48,761 [60] INFO  --End:phase_id=10、20、25、30、70 - Completed
2021-09-02 14:13:50,095 [73] INFO  --Begin:取得Group_ID資訊 - 【GetGroupID】:SELECT DISTINCT GROUP_ID
                                                FROM GPO.RSI_H_PRODUCT_DETAIL D 
                                                WHERE RSI_NO = :rsi_no   --querystring取的
                                                AND GROUP_ID IS NOT NULL
                                                AND (MODIFY_TYPE IS NULL OR MODIFY_TYPE <> 'D')
                                                ORDER BY GROUP_ID ASC 

2021-09-02 14:13:50,111 [73] INFO  --End:取得Group_ID資訊 - Completed
2021-09-02 14:13:50,111 [73] INFO  --Begin:取得UNI_SPEC_STATUS資訊 - 【GetUNI_SPEC_STATUS】: SELECT DISTINCT D.MTL_GROUP, SUM(NVL(D.USAGE * NVL(D.PRICE_PM, 0), 0)) AS MTL_GROUP_TOTAL 
                                  FROM GPO.RSI_H_PRODUCT_DETAIL D 
                                  WHERE RSI_NO = :rsi_no
                                  AND (GROUP_ID IS NULL OR GROUP_ID = :group_id)
                                  AND NVL(MODIFY_TYPE,'-') <> 'D'
                                  AND NVL(D.ISCALCULATE, '-') = 'Y'
                                  AND exists (select 1 from rsi_h_product_detail t where (t.sn = d.parent_sn and nvl(t.modify_type, '-') <> 'D')
                                                             OR d.parent_sn = 0 OR d.parent_sn IS NULL) 
                                  GROUP BY D.MTL_GROUP
                                  ORDER BY D.MTL_GROUP

2021-09-02 14:13:50,111 [73] INFO  --End:取得UNI_SPEC_STATUS資訊 - Completed
2021-09-02 14:13:50,111 [73] INFO  --Begin:獲取Site Name資訊 - 【GetSiteName】:SELECT DISTINCT PHASE_ID, PHASE FROM GPO.RSI_C_FLOW_DEF WHERE PHASE_ID = :phase_id and BU = :bu 

2021-09-02 14:13:50,111 [73] INFO  --End:獲取Site Name資訊 - Completed
2021-09-02 14:13:50,126 [73] INFO  --Begin:取得H_Product_Info資訊 - 【GetH_Product_InfoEntities】:SELECT 
                    RSI_NO, BU, PROJECT_NAME, RFQ_NO, RFQ_VER, APPLY_TYPE, LCM, TP, MODEL, REF_PRODUCT, APPLY_REASON, RFQ_TYPE, BL_NIT, POWER,
                    PM, (SELECT DISTINCT PM ||'-'|| EMP_NAME FROM GFIN.EMP_DATA_ALL E WHERE E.EMP_NO = P.PM) AS PM_NAME,
                    PL_RD, (SELECT DISTINCT PL_RD ||'-'|| EMP_NAME FROM GFIN.EMP_DATA_ALL E WHERE E.EMP_NO = P.PL_RD) AS PLRD_NAME,
                    ACD_RD, (SELECT DISTINCT ACD_RD ||'-'|| EMP_NAME FROM GFIN.EMP_DATA_ALL E WHERE E.EMP_NO = P.ACD_RD) AS ACDRD_NAME,
                    EE_RD, (SELECT DISTINCT EE_RD ||'-'|| EMP_NAME FROM GFIN.EMP_DATA_ALL E WHERE E.EMP_NO = P.EE_RD) AS EERD_NAME,
                    OM_RD, (SELECT DISTINCT OM_RD ||'-'|| EMP_NAME FROM GFIN.EMP_DATA_ALL E WHERE E.EMP_NO = P.OM_RD) AS OMRD_NAME,
                    PACKING_RD, (SELECT DISTINCT PACKING_RD ||'-'|| EMP_NAME FROM GFIN.EMP_DATA_ALL E WHERE E.EMP_NO = P.PACKING_RD) AS PACKINGRD_NAME,
                    TP_ACD_RD, (SELECT DISTINCT TP_ACD_RD ||'-'|| EMP_NAME FROM GFIN.EMP_DATA_ALL E WHERE E.EMP_NO = P.TP_ACD_RD) AS TP_ACDRD_NAME,
                    TP_EE_RD, (SELECT DISTINCT TP_EE_RD ||'-'|| EMP_NAME FROM GFIN.EMP_DATA_ALL E WHERE E.EMP_NO = P.TP_EE_RD) AS TP_EERD_NAME,
                    TP_OM_RD, (SELECT DISTINCT TP_OM_RD ||'-'|| EMP_NAME FROM GFIN.EMP_DATA_ALL E WHERE E.EMP_NO = P.TP_OM_RD) AS TP_OMRD_NAME,
                    REQUEST_DATE,  :part_type PartType, REF_PRODUCT_RFQ, BIDDING_PROJECT, SOURCING_POOL_NAME, 
                    ARRAY_FAB, JI_FAB, MODULE_FAB, SIZE_INCH, SURFACE_TREATMENT, SOP_YEAR, SOP_QUARTERLY, SOP_MONTH
                    FROM gpo.RSI_H_PRODUCT_INFO P 
                    WHERE P.RSI_NO =:rsi_no 

2021-09-02 14:13:50,126 [73] INFO  --End:取得H_Product_Info資訊 - Completed
2021-09-02 14:13:50,204 [73] INFO  --Begin: - 【GetFCSTPage】:select attribute1 as bu from RSI_C_PARAMETER where function='FCST_PAGE'  

2021-09-02 14:13:50,204 [73] INFO   --End: - Completed
2021-09-02 14:15:55,020 [71] INFO  --Begin:獲取DashBoard UA資訊1 - 【GetDashBoardUA】:SELECT * FROM GPO.RSI_DASHBOARD_LIST_V A
                                                   JOIN (
                                                        SELECT DISTINCT B.RSI_NO FROM GPO.RSI_H_FORM_HEADER B
                                                        WHERE FORM_NO IN
                                                        (SELECT A.FORM_NO    --自己簽核過表單
                                                         FROM GPO.RSI_H_FORM_APPROVE A
                                                         LEFT JOIN GPO.RSI_H_DETAIL_APP_LOG L ON A.FORM_NO = L.FORM_NO
                                                         WHERE (A.APP_ASSIGNER = :emp_no OR A.APP_ACTOR = :emp_no OR L.APP_ACTOR = :emp_no)
                                                         UNION            --下轄人員簽核過表單
                                                         SELECT DISTINCT B.FORM_NO 
                                                         FROM au_dw.auo_person_reportline A
                                                         INNER JOIN GPO.RSI_H_FORM_APPROVE B ON A.EMP_NO = NVL(B.APP_ACTOR, B.APP_ASSIGNER)
                                                         LEFT JOIN GPO.RSI_H_DETAIL_APP_LOG L ON B.FORM_NO = L.FORM_NO AND A.EMP_NO = L.APP_ACTOR
                                                         WHERE (TRIM(A.BOSS_EMP_NO) = :emp_no)
                                                         AND A.ACTIVE = 'Y')                
                                                   ) B ON A.RSI_NO = B.RSI_NO 
                                                   WHERE DECODE(:contractStatus, 'ALL', 1, INSTR(:contractStatus, A.FORM_STATUS)) > 0 
                                                   AND ((:rsi_no is null or A.RSI_NO LIKE :rsi_no) 
                                                   OR (:bu is null or UPPER(A.BU) LIKE :bu) 
                                                   OR (:project_name is null or UPPER(A.PROJECT_NAME) LIKE :project_name) 
                                                   OR (:request_name is null or UPPER(A.REQUEST_NAME) LIKE :request_name)) 
                                                ORDER BY A.RSI_NO DESC, DECODE(A.PART_TYPE, '', 1 ,'ACD', 2, 'EE', 3, 'OM', 4, 'PACKING', 5, 6)   

2021-09-02 14:15:55,020 [71] INFO  --End:獲取DashBoard UA資訊1 - Completed
2021-09-02 14:15:58,223 [71] INFO  --Begin:獲取Contract Status資訊 - 【GetContractStatus】:SELECT DISTINCT ATTRIBUTE3, ATTRIBUTE2 
                                   FROM GPO.RSI_C_PARAMETER 
                                  WHERE FUNCTION = 'FORM_STATUS' 
                                  ORDER BY DECODE(ATTRIBUTE2, 'UA', 0, 'AP', 1, 'CL', 2, 'RC', 3, 4) 

2021-09-02 14:15:58,223 [71] INFO  --End:獲取Contract Status資訊 - Completed
2021-09-02 14:15:58,223 [71] INFO  --Begin:獲取To_Do_List_V資訊 - 【GetTo_Do_List_VEntities】:SELECT * FROM RSI_TO_DO_LIST_V 
                                                WHERE ( :emp_no is null or APP_ASSIGNER = :emp_no) 
                                                ORDER BY PHASE_ID, HELDDAYS 

2021-09-02 14:15:58,223 [71] INFO  --End:獲取To_Do_List_V資訊 - Completed
2021-09-02 14:15:58,223 [71] INFO  --Begin:獲取To_Do_List_V資訊 - 【GetTo_Do_List_VEntities】:SELECT * FROM RSI_TO_DO_LIST_V 
                                                WHERE ( :emp_no is null or APP_ASSIGNER = :emp_no) 
                                                ORDER BY PHASE_ID, HELDDAYS 

2021-09-02 14:15:58,223 [71] INFO  --End:獲取To_Do_List_V資訊 - Completed
2021-09-02 14:15:58,223 [71] INFO  --Begin:獲取Department Name資訊 - 【GetDepartmentName】: SELECT * 
                                                FROM GFIN.EMP_DATA_ALL E, GFIN.ORG_DATA_ALL O
                                                WHERE E.ORG_ID = O.ORG_ID
                                                AND E.EMP_NO = :emp_no 

2021-09-02 14:15:58,239 [71] INFO  --End:獲取Department Name資訊 - Completed
2021-09-02 14:15:59,364 [65] INFO  --Begin:獲取DashBoard UA資訊1 - 【GetDashBoardUA】:SELECT * FROM GPO.RSI_DASHBOARD_LIST_V A
                                                   JOIN (
                                                        SELECT DISTINCT B.RSI_NO FROM GPO.RSI_H_FORM_HEADER B
                                                        WHERE FORM_NO IN
                                                        (SELECT A.FORM_NO    --自己簽核過表單
                                                         FROM GPO.RSI_H_FORM_APPROVE A
                                                         LEFT JOIN GPO.RSI_H_DETAIL_APP_LOG L ON A.FORM_NO = L.FORM_NO
                                                         WHERE (A.APP_ASSIGNER = :emp_no OR A.APP_ACTOR = :emp_no OR L.APP_ACTOR = :emp_no)
                                                         UNION            --下轄人員簽核過表單
                                                         SELECT DISTINCT B.FORM_NO 
                                                         FROM au_dw.auo_person_reportline A
                                                         INNER JOIN GPO.RSI_H_FORM_APPROVE B ON A.EMP_NO = NVL(B.APP_ACTOR, B.APP_ASSIGNER)
                                                         LEFT JOIN GPO.RSI_H_DETAIL_APP_LOG L ON B.FORM_NO = L.FORM_NO AND A.EMP_NO = L.APP_ACTOR
                                                         WHERE (TRIM(A.BOSS_EMP_NO) = :emp_no)
                                                         AND A.ACTIVE = 'Y')                
                                                   ) B ON A.RSI_NO = B.RSI_NO 
                                                   WHERE DECODE(:contractStatus, 'ALL', 1, INSTR(:contractStatus, A.FORM_STATUS)) > 0 
                                                   AND ((:rsi_no is null or A.RSI_NO LIKE :rsi_no) 
                                                   OR (:bu is null or UPPER(A.BU) LIKE :bu) 
                                                   OR (:project_name is null or UPPER(A.PROJECT_NAME) LIKE :project_name) 
                                                   OR (:request_name is null or UPPER(A.REQUEST_NAME) LIKE :request_name)) 
                                                ORDER BY A.RSI_NO DESC, DECODE(A.PART_TYPE, '', 1 ,'ACD', 2, 'EE', 3, 'OM', 4, 'PACKING', 5, 6)   

2021-09-02 14:15:59,380 [65] INFO  --End:獲取DashBoard UA資訊1 - Completed
2021-09-02 14:15:59,380 [65] INFO  --Begin:獲取Contract Status資訊 - 【GetContractStatus】:SELECT DISTINCT ATTRIBUTE3, ATTRIBUTE2 
                                   FROM GPO.RSI_C_PARAMETER 
                                  WHERE FUNCTION = 'FORM_STATUS' 
                                  ORDER BY DECODE(ATTRIBUTE2, 'UA', 0, 'AP', 1, 'CL', 2, 'RC', 3, 4) 

2021-09-02 14:15:59,380 [65] INFO  --End:獲取Contract Status資訊 - Completed
2021-09-02 14:15:59,380 [65] INFO  --Begin:獲取To_Do_List_V資訊 - 【GetTo_Do_List_VEntities】:SELECT * FROM RSI_TO_DO_LIST_V 
                                                WHERE ( :emp_no is null or APP_ASSIGNER = :emp_no) 
                                                ORDER BY PHASE_ID, HELDDAYS 

2021-09-02 14:15:59,380 [65] INFO  --End:獲取To_Do_List_V資訊 - Completed
2021-09-02 14:15:59,380 [65] INFO  --Begin:獲取To_Do_List_V資訊 - 【GetTo_Do_List_VEntities】:SELECT * FROM RSI_TO_DO_LIST_V 
                                                WHERE ( :emp_no is null or APP_ASSIGNER = :emp_no) 
                                                ORDER BY PHASE_ID, HELDDAYS 

2021-09-02 14:15:59,380 [65] INFO  --End:獲取To_Do_List_V資訊 - Completed
2021-09-02 14:15:59,380 [65] INFO  --Begin:獲取Department Name資訊 - 【GetDepartmentName】: SELECT * 
                                                FROM GFIN.EMP_DATA_ALL E, GFIN.ORG_DATA_ALL O
                                                WHERE E.ORG_ID = O.ORG_ID
                                                AND E.EMP_NO = :emp_no 

2021-09-02 14:15:59,395 [65] INFO  --End:獲取Department Name資訊 - Completed
2021-09-02 14:16:04,573 [69] INFO  --Begin:獲取DashBoardLayer1資訊 - 【GetDashBoardLayer1】:SELECT * FROM
                                                (
                                                SELECT * FROM RSI_DASHBOARD_LAYER1_V 
                                                 WHERE RSI_NO = :rsi_no
                                                   AND STATUS = :form_status 
                                                   AND PHASE_ID = :phase_id
                                                   AND PART_TYPE = :part_type                 ) T
                                                ORDER BY T.RSI_NO, T.PHASE_ID DESC, DECODE(T.PART_TYPE, 'ACD', 0, 'EE', 1, 'OM', 2, 'PACKING', 3, 4) 

2021-09-02 14:16:04,588 [69] INFO  --End:獲取DashBoardLayer1資訊 - Completed
2021-09-02 14:16:04,604 [69] INFO  --Begin:phase_id=10、20、25、30、70 - 【GetViewIconShow】:select distinct trim(a.boss_emp_no) as boss_emp_no, a.boss_level, a.boss_title, c.rsi_no, c.form_no, c.part_type, b.app_assigner, b.app_actor
                                                    from au_dw.auo_person_reportline a
                                                    join RSI_H_FORM_APPROVE b on (a.emp_no = b.app_assigner or a.emp_no = b.app_actor) and (b.phase_id <= '30' or b.phase_id = '70')
                                                    join RSI_H_FORM_HEADER c on b.form_no = c.form_no
                                                    where (trim(a.boss_emp_no) = :emp_no) -- EMP_NO
                                                    -- or nvl(b.app_actor, b.app_assigner) = :emp_no)
                                                    and a.active = 'Y'
                                                    and c.rsi_no = :rsi_no  --RSI_NO -- DashBoard傳入
                                                    and b.phase_id = :phase_id
                                                  order by c.rsi_no, c.form_no, c.part_type 

2021-09-02 14:16:04,604 [69] INFO  --End:phase_id=10、20、25、30、70 - Completed
2021-09-02 14:16:05,729 [73] INFO  --Begin:取得H_Product_Info資訊 - 【GetH_Product_InfoEntities】:SELECT 
                    RSI_NO, BU, PROJECT_NAME, RFQ_NO, RFQ_VER, APPLY_TYPE, LCM, TP, MODEL, REF_PRODUCT, APPLY_REASON, RFQ_TYPE, BL_NIT, POWER,
                    PM, (SELECT DISTINCT PM ||'-'|| EMP_NAME FROM GFIN.EMP_DATA_ALL E WHERE E.EMP_NO = P.PM) AS PM_NAME,
                    PL_RD, (SELECT DISTINCT PL_RD ||'-'|| EMP_NAME FROM GFIN.EMP_DATA_ALL E WHERE E.EMP_NO = P.PL_RD) AS PLRD_NAME,
                    ACD_RD, (SELECT DISTINCT ACD_RD ||'-'|| EMP_NAME FROM GFIN.EMP_DATA_ALL E WHERE E.EMP_NO = P.ACD_RD) AS ACDRD_NAME,
                    EE_RD, (SELECT DISTINCT EE_RD ||'-'|| EMP_NAME FROM GFIN.EMP_DATA_ALL E WHERE E.EMP_NO = P.EE_RD) AS EERD_NAME,
                    OM_RD, (SELECT DISTINCT OM_RD ||'-'|| EMP_NAME FROM GFIN.EMP_DATA_ALL E WHERE E.EMP_NO = P.OM_RD) AS OMRD_NAME,
                    PACKING_RD, (SELECT DISTINCT PACKING_RD ||'-'|| EMP_NAME FROM GFIN.EMP_DATA_ALL E WHERE E.EMP_NO = P.PACKING_RD) AS PACKINGRD_NAME,
                    TP_ACD_RD, (SELECT DISTINCT TP_ACD_RD ||'-'|| EMP_NAME FROM GFIN.EMP_DATA_ALL E WHERE E.EMP_NO = P.TP_ACD_RD) AS TP_ACDRD_NAME,
                    TP_EE_RD, (SELECT DISTINCT TP_EE_RD ||'-'|| EMP_NAME FROM GFIN.EMP_DATA_ALL E WHERE E.EMP_NO = P.TP_EE_RD) AS TP_EERD_NAME,
                    TP_OM_RD, (SELECT DISTINCT TP_OM_RD ||'-'|| EMP_NAME FROM GFIN.EMP_DATA_ALL E WHERE E.EMP_NO = P.TP_OM_RD) AS TP_OMRD_NAME,
                    REQUEST_DATE,  :part_type PartType, REF_PRODUCT_RFQ, BIDDING_PROJECT, SOURCING_POOL_NAME, 
                    ARRAY_FAB, JI_FAB, MODULE_FAB, SIZE_INCH, SURFACE_TREATMENT, SOP_YEAR, SOP_QUARTERLY, SOP_MONTH
                    FROM gpo.RSI_H_PRODUCT_INFO P 
                    WHERE P.RSI_NO =:rsi_no 

2021-09-02 14:16:05,745 [73] INFO  --End:取得H_Product_Info資訊 - Completed
2021-09-02 14:16:05,745 [73] INFO  --Begin:獲取Site Name資訊 - 【GetSiteName】:SELECT DISTINCT PHASE_ID, PHASE FROM GPO.RSI_C_FLOW_DEF WHERE PHASE_ID = :phase_id and BU = :bu 

2021-09-02 14:16:05,745 [73] INFO  --End:獲取Site Name資訊 - Completed
2021-09-02 14:16:05,760 [73] INFO  --Begin: - 【GetFCSTPage】:select attribute1 as bu from RSI_C_PARAMETER where function='FCST_PAGE'  

2021-09-02 14:16:05,760 [73] INFO   --End: - Completed
2021-09-02 14:16:05,776 [73] INFO  --Begin: - 【GetExportExcelConfig】:select * 
                                 from gpo.rsi_c_parameter
                                 where function = 'ExportExcel_Authority'
                                 and decode(:BU, upper(attribute1), 1, instr(attribute1, 'ALL')) > 0   and decode(:Part_Type, upper(attribute2), 1, INSTR(attribute2, 'ALL')) > 0  and attribute3 = :Phase_ID
                                  order by attribute3

2021-09-02 14:16:05,776 [73] INFO   --End: - Completed
2021-09-02 14:16:05,776 [73] INFO  --Begin: - 【GetDetailApprove】:  SELECT A.RSI_NO, A.FORM_NO, A.PART_TYPE, A.PHASE_ID, A.PHASE, A.APP_SERIAL, 
                                          A.APP_ASSIGNER, A.APP_ASSIGNER_NAME, A.APP_ACTOR, A.APP_ACTOR_NAME,
                                          A.STATUS, A.BEGIN_DATE, A.END_DATE,
                                          A.APP_CONTENT, A.DIF_DAY
                                          FROM RSI_APPROVAL_LIST_V A
                                          WHERE A.RSI_NO = :rsi_no
                                          AND A.PART_TYPE = :part_type 

2021-09-02 14:16:05,776 [73] INFO   --End: - Completed
2021-09-02 14:16:05,791 [73] INFO  --Begin:GetVersion - 【RSI_ConfigEntityDAL】:select attribute1 from RSI_C_PARAMETER where function='VERSION_CONTROL' 

2021-09-02 14:16:05,791 [73] INFO  --End:GetVersion - Completed
2021-09-02 14:16:06,073 [70] INFO  --Begin:取得Normal Parts資訊 - 【GetRDReviewNormalParts】: select b.rsi_no, 'Normal' mtl_type, '' mtl_group, '' parts_group, '' mtl_parts, '' part_type,
                                                decode(ismodify, 'Y', substr(b.partnumber_child, 0, 2), b.partnumber_child) as part_no,
                                                b.part_desc, b.part_level, b.english_name, '' maker_source, '' maker_part_no, '' part_spec,
                                                '' spec_def, b.release_date, b.part_quantity as usage, b.part_unit, '' eol_status,
                                                '' uni_spec_status, '' remark, decode(ismodify, 'Y', 'U', null) as modify_type, 0 sn, 0 parent_sn, '' file_status, '' phase_id,
                                                b.partnumber_top, decode(ismodify, 'Y', substr(b.partnumber_child, 0, 2), b.partnumber_child) as partnumber_child,
                                                b.partnumber_parent, decode(ismodify, 'Y', substr(b.partnumber_child, 0, 2), b.partnumber_child) as DisplayPartNo,
                                                0 bom_level
                                                from gpo.rsi_h_bom_all b
                                                where rsi_no = :rsi_no
                                                and bom_level = 0
                                                --and not exists (select 1 from rsi_h_product_detail d where d.rsi_no = :rsi_no)
                                                union all
                                                select *
                                                from (
                                                    select d.*, LPAD(' ', (Level) * 4) || nvl(d.part_no, d.part_level) as DisplayPartNo, Level bom_level
                                                    from (
                                                        select distinct d.rsi_no,
                                                        nvl(d.mtl_type, decode(s.active, 'Y', 'Special', 'Normal')) mtl_type,
                                                        d.mtl_group,
                                                        d.parts_group,
                                                        d.mtl_parts,
                                                        d.part_type, 
                                                        d.part_no,
                                                        d.part_desc,
                                                        d.part_level,
                                                        d.english_name,
                                                        d.maker_source,
                                                        d.maker_part_no,
                                                        d.part_spec,
                                                        c.SPEC_DEF,
                                                        d.release_date,
                                                        d.usage,
                                                        d.part_unit,
                                                        d.eol_status eol_status,
                                                        d.uni_spec_status uni_spec_status,
                                                        d.remark,
                                                        d.modify_type,
                                                        d.sn,
                                                        d.parent_sn,
                                                        decode(nvl(f.cnt,0),0,'N','Y') as file_status,
                                                        d.phase_id,
                                                        i.ref_product partnumber_top,
                                                        nvl(d.part_no, d.part_level) partnumber_child, 
                                                        d.partnumber_parent
                                                        from gpo.rsi_h_product_detail d
                                                        join gpo.rsi_h_product_info i on d.rsi_no = i.rsi_no
                                                        left join gpo.rsi_c_mtl_special_parts s on s.mtl_parts = d.mtl_parts and s.active = 'Y'
                                                        left join (select distinct mtl_parts, spec_def
                                                                     from gpo.rsi_c_mtl_spec_def
                                                                    where active = 'Y') c
                                                          on d.mtl_parts = c.mtl_parts
                                                        left join (SELECT Biz_Id,count(1) AS cnt FROM GPO.RSI_H_FILELIST GROUP BY Biz_Id) f
                                                          on f.BIZ_ID = d.RSI_NO||'_'||d.SN
                                                        where nvl(d.mtl_type, decode(s.active, 'Y', 'Special', 'Normal')) <> 'Special' 
                                                        and (d.modify_type is null or d.modify_type <> 'D')
                                                        and nvl(d.mtl_group,'-') not like 'MOH%'
                                                        and d.rsi_no = :rsi_no
                                                    ) d
                                                    start with partnumber_top = partnumber_parent
                                                    connect by nocycle prior partnumber_top = partnumber_top
                                                                    and prior sn = parent_sn
                                                                   --and prior partnumber_child = partnumber_parent
                                                    order siblings by part_level desc
                                                ) a 

2021-09-02 14:16:06,073 [75] INFO  --Begin:取得Group_ID資訊 - 【GetGroupID】:SELECT DISTINCT GROUP_ID
                                                FROM GPO.RSI_H_PRODUCT_DETAIL D 
                                                WHERE RSI_NO = :rsi_no   --querystring取的
                                                AND GROUP_ID IS NOT NULL
                                                AND (MODIFY_TYPE IS NULL OR MODIFY_TYPE <> 'D')
                                                ORDER BY GROUP_ID ASC 

2021-09-02 14:16:06,104 [70] INFO  --End:取得Normal Parts資訊 - Completed
2021-09-02 14:16:06,104 [75] INFO  --End:取得Group_ID資訊 - Completed
2021-09-02 14:16:12,340 [72] INFO  --Begin:獲取DashBoard UA資訊2 - 【GetDashBoardUA】:SELECT * FROM GPO.RSI_DASHBOARD_LIST_V 
                                                   WHERE DECODE(:contractStatus, 'ALL', 1, INSTR(:contractStatus, FORM_STATUS)) > 0  
                                                   AND ((:rsi_no is null or RSI_NO LIKE :rsi_no) 
                                                   OR (:bu is null or UPPER(BU) LIKE :bu) 
                                                   OR (:project_name is null or UPPER(PROJECT_NAME) LIKE :project_name) 
                                                   OR (:request_name is null or UPPER(REQUEST_NAME) LIKE :request_name)) 
                                                ORDER BY RSI_NO DESC, DECODE(PART_TYPE, '', 1 ,'ACD', 2, 'EE', 3, 'OM', 4, 'PACKING', 5, 6)  

2021-09-02 14:16:12,457 [72] INFO  --End:獲取DashBoard UA資訊2 - Completed
2021-09-02 14:16:12,457 [72] INFO  --Begin:獲取Contract Status資訊 - 【GetContractStatus】:SELECT DISTINCT ATTRIBUTE3, ATTRIBUTE2 
                                   FROM GPO.RSI_C_PARAMETER 
                                  WHERE FUNCTION = 'FORM_STATUS' 
                                  ORDER BY DECODE(ATTRIBUTE2, 'UA', 0, 'AP', 1, 'CL', 2, 'RC', 3, 4) 

2021-09-02 14:16:12,473 [72] INFO  --End:獲取Contract Status資訊 - Completed
2021-09-02 14:16:12,473 [72] INFO  --Begin:獲取To_Do_List_V資訊 - 【GetTo_Do_List_VEntities】:SELECT * FROM RSI_TO_DO_LIST_V 
                                                WHERE ( :emp_no is null or APP_ASSIGNER = :emp_no) 
                                                ORDER BY PHASE_ID, HELDDAYS 

2021-09-02 14:16:12,473 [72] INFO  --End:獲取To_Do_List_V資訊 - Completed
2021-09-02 14:16:12,473 [72] INFO  --Begin:獲取To_Do_List_V資訊 - 【GetTo_Do_List_VEntities】:SELECT * FROM RSI_TO_DO_LIST_V 
                                                WHERE ( :emp_no is null or APP_ASSIGNER = :emp_no) 
                                                ORDER BY PHASE_ID, HELDDAYS 

2021-09-02 14:16:12,473 [72] INFO  --End:獲取To_Do_List_V資訊 - Completed
2021-09-02 14:16:12,473 [72] INFO  --Begin:獲取Department Name資訊 - 【GetDepartmentName】: SELECT * 
                                                FROM GFIN.EMP_DATA_ALL E, GFIN.ORG_DATA_ALL O
                                                WHERE E.ORG_ID = O.ORG_ID
                                                AND E.EMP_NO = :emp_no 

2021-09-02 14:16:12,488 [72] INFO  --End:獲取Department Name資訊 - Completed
2021-09-02 14:16:18,159 [63] INFO  --Begin:獲取DashBoardLayer1資訊 - 【GetDashBoardLayer1】:SELECT * FROM
                                                (
                                                SELECT * FROM RSI_DASHBOARD_LAYER1_V 
                                                 WHERE RSI_NO = :rsi_no
                                                   AND STATUS = :form_status 
                                                   AND PHASE_ID = :phase_id
                                                   AND PART_TYPE = :part_type                 ) T
                                                ORDER BY T.RSI_NO, T.PHASE_ID DESC, DECODE(T.PART_TYPE, 'ACD', 0, 'EE', 1, 'OM', 2, 'PACKING', 3, 4) 

2021-09-02 14:16:18,190 [63] INFO  --End:獲取DashBoardLayer1資訊 - Completed
2021-09-02 14:16:18,190 [63] INFO  --Begin:phase_id=10、20、25、30、70 - 【GetViewIconShow】:select distinct trim(a.boss_emp_no) as boss_emp_no, a.boss_level, a.boss_title, c.rsi_no, c.form_no, c.part_type, b.app_assigner, b.app_actor
                                                    from au_dw.auo_person_reportline a
                                                    join RSI_H_FORM_APPROVE b on (a.emp_no = b.app_assigner or a.emp_no = b.app_actor) and (b.phase_id <= '30' or b.phase_id = '70')
                                                    join RSI_H_FORM_HEADER c on b.form_no = c.form_no
                                                    where (trim(a.boss_emp_no) = :emp_no) -- EMP_NO
                                                    -- or nvl(b.app_actor, b.app_assigner) = :emp_no)
                                                    and a.active = 'Y'
                                                    and c.rsi_no = :rsi_no  --RSI_NO -- DashBoard傳入
                                                    and b.phase_id = :phase_id
                                                  order by c.rsi_no, c.form_no, c.part_type 

2021-09-02 14:16:18,190 [63] INFO  --End:phase_id=10、20、25、30、70 - Completed
2021-09-02 14:16:18,190 [63] INFO  --Begin:phase_id=10、20、25、30、70 - 【GetViewIconShow】:select distinct trim(a.boss_emp_no) as boss_emp_no, a.boss_level, a.boss_title, c.rsi_no, c.form_no, c.part_type, b.app_assigner, b.app_actor
                                                    from au_dw.auo_person_reportline a
                                                    join RSI_H_FORM_APPROVE b on (a.emp_no = b.app_assigner or a.emp_no = b.app_actor) and (b.phase_id <= '30' or b.phase_id = '70')
                                                    join RSI_H_FORM_HEADER c on b.form_no = c.form_no
                                                    where (trim(a.boss_emp_no) = :emp_no) -- EMP_NO
                                                    -- or nvl(b.app_actor, b.app_assigner) = :emp_no)
                                                    and a.active = 'Y'
                                                    and c.rsi_no = :rsi_no  --RSI_NO -- DashBoard傳入
                                                    and b.phase_id = :phase_id
                                                  order by c.rsi_no, c.form_no, c.part_type 

2021-09-02 14:16:18,190 [63] INFO  --End:phase_id=10、20、25、30、70 - Completed
2021-09-02 14:16:21,179 [78] INFO  --Begin:獲取DashBoardLayer1資訊 - 【GetDashBoardLayer1】:SELECT * FROM
                                                (
                                                SELECT * FROM RSI_DASHBOARD_LAYER1_V 
                                                 WHERE RSI_NO = :rsi_no
                                                   AND STATUS = :form_status 
                                                   AND PHASE_ID = :phase_id
                                                   AND PART_TYPE = :part_type                 ) T
                                                ORDER BY T.RSI_NO, T.PHASE_ID DESC, DECODE(T.PART_TYPE, 'ACD', 0, 'EE', 1, 'OM', 2, 'PACKING', 3, 4) 

2021-09-02 14:16:21,210 [78] INFO  --End:獲取DashBoardLayer1資訊 - Completed
2021-09-02 14:16:21,210 [78] INFO  --Begin:phase_id=10、20、25、30、70 - 【GetViewIconShow】:select distinct trim(a.boss_emp_no) as boss_emp_no, a.boss_level, a.boss_title, c.rsi_no, c.form_no, c.part_type, b.app_assigner, b.app_actor
                                                    from au_dw.auo_person_reportline a
                                                    join RSI_H_FORM_APPROVE b on (a.emp_no = b.app_assigner or a.emp_no = b.app_actor) and (b.phase_id <= '30' or b.phase_id = '70')
                                                    join RSI_H_FORM_HEADER c on b.form_no = c.form_no
                                                    where (trim(a.boss_emp_no) = :emp_no) -- EMP_NO
                                                    -- or nvl(b.app_actor, b.app_assigner) = :emp_no)
                                                    and a.active = 'Y'
                                                    and c.rsi_no = :rsi_no  --RSI_NO -- DashBoard傳入
                                                    and b.phase_id = :phase_id
                                                  order by c.rsi_no, c.form_no, c.part_type 

2021-09-02 14:16:21,210 [78] INFO  --End:phase_id=10、20、25、30、70 - Completed
2021-09-02 14:16:23,211 [68] INFO  --Begin:取得H_Product_Info資訊 - 【GetH_Product_InfoEntities】:SELECT 
                    RSI_NO, BU, PROJECT_NAME, RFQ_NO, RFQ_VER, APPLY_TYPE, LCM, TP, MODEL, REF_PRODUCT, APPLY_REASON, RFQ_TYPE, BL_NIT, POWER,
                    PM, (SELECT DISTINCT PM ||'-'|| EMP_NAME FROM GFIN.EMP_DATA_ALL E WHERE E.EMP_NO = P.PM) AS PM_NAME,
                    PL_RD, (SELECT DISTINCT PL_RD ||'-'|| EMP_NAME FROM GFIN.EMP_DATA_ALL E WHERE E.EMP_NO = P.PL_RD) AS PLRD_NAME,
                    ACD_RD, (SELECT DISTINCT ACD_RD ||'-'|| EMP_NAME FROM GFIN.EMP_DATA_ALL E WHERE E.EMP_NO = P.ACD_RD) AS ACDRD_NAME,
                    EE_RD, (SELECT DISTINCT EE_RD ||'-'|| EMP_NAME FROM GFIN.EMP_DATA_ALL E WHERE E.EMP_NO = P.EE_RD) AS EERD_NAME,
                    OM_RD, (SELECT DISTINCT OM_RD ||'-'|| EMP_NAME FROM GFIN.EMP_DATA_ALL E WHERE E.EMP_NO = P.OM_RD) AS OMRD_NAME,
                    PACKING_RD, (SELECT DISTINCT PACKING_RD ||'-'|| EMP_NAME FROM GFIN.EMP_DATA_ALL E WHERE E.EMP_NO = P.PACKING_RD) AS PACKINGRD_NAME,
                    TP_ACD_RD, (SELECT DISTINCT TP_ACD_RD ||'-'|| EMP_NAME FROM GFIN.EMP_DATA_ALL E WHERE E.EMP_NO = P.TP_ACD_RD) AS TP_ACDRD_NAME,
                    TP_EE_RD, (SELECT DISTINCT TP_EE_RD ||'-'|| EMP_NAME FROM GFIN.EMP_DATA_ALL E WHERE E.EMP_NO = P.TP_EE_RD) AS TP_EERD_NAME,
                    TP_OM_RD, (SELECT DISTINCT TP_OM_RD ||'-'|| EMP_NAME FROM GFIN.EMP_DATA_ALL E WHERE E.EMP_NO = P.TP_OM_RD) AS TP_OMRD_NAME,
                    REQUEST_DATE,  :part_type PartType, REF_PRODUCT_RFQ, BIDDING_PROJECT, SOURCING_POOL_NAME, 
                    ARRAY_FAB, JI_FAB, MODULE_FAB, SIZE_INCH, SURFACE_TREATMENT, SOP_YEAR, SOP_QUARTERLY, SOP_MONTH
                    FROM gpo.RSI_H_PRODUCT_INFO P 
                    WHERE P.RSI_NO =:rsi_no 

2021-09-02 14:16:23,211 [68] INFO  --End:取得H_Product_Info資訊 - Completed
2021-09-02 14:16:23,211 [68] INFO  --Begin:獲取Site Name資訊 - 【GetSiteName】:SELECT DISTINCT PHASE_ID, PHASE FROM GPO.RSI_C_FLOW_DEF WHERE PHASE_ID = :phase_id and BU = :bu 

2021-09-02 14:16:23,211 [68] INFO  --End:獲取Site Name資訊 - Completed
2021-09-02 14:16:23,211 [68] INFO  --Begin: - 【GetFCSTPage】:select attribute1 as bu from RSI_C_PARAMETER where function='FCST_PAGE'  

2021-09-02 14:16:23,211 [68] INFO   --End: - Completed
2021-09-02 14:16:23,226 [68] INFO  --Begin: - 【GetExportExcelConfig】:select * 
                                 from gpo.rsi_c_parameter
                                 where function = 'ExportExcel_Authority'
                                 and decode(:BU, upper(attribute1), 1, instr(attribute1, 'ALL')) > 0   and decode(:Part_Type, upper(attribute2), 1, INSTR(attribute2, 'ALL')) > 0  and attribute3 = :Phase_ID
                                  order by attribute3

2021-09-02 14:16:23,226 [68] INFO   --End: - Completed
2021-09-02 14:16:23,226 [68] INFO  --Begin: - 【GetDetailApprove】:  SELECT A.RSI_NO, A.FORM_NO, A.PART_TYPE, A.PHASE_ID, A.PHASE, A.APP_SERIAL, 
                                          A.APP_ASSIGNER, A.APP_ASSIGNER_NAME, A.APP_ACTOR, A.APP_ACTOR_NAME,
                                          A.STATUS, A.BEGIN_DATE, A.END_DATE,
                                          A.APP_CONTENT, A.DIF_DAY
                                          FROM RSI_APPROVAL_LIST_V A
                                          WHERE A.RSI_NO = :rsi_no
                                          AND A.PART_TYPE = :part_type 

2021-09-02 14:16:23,226 [68] INFO   --End: - Completed
2021-09-02 14:16:23,226 [68] INFO  --Begin:GetVersion - 【RSI_ConfigEntityDAL】:select attribute1 from RSI_C_PARAMETER where function='VERSION_CONTROL' 

2021-09-02 14:16:23,226 [68] INFO  --End:GetVersion - Completed
2021-09-02 14:16:23,523 [70] INFO  --Begin:取得Normal Parts資訊 - 【GetRDReviewNormalParts】: select b.rsi_no, 'Normal' mtl_type, '' mtl_group, '' parts_group, '' mtl_parts, '' part_type,
                                                decode(ismodify, 'Y', substr(b.partnumber_child, 0, 2), b.partnumber_child) as part_no,
                                                b.part_desc, b.part_level, b.english_name, '' maker_source, '' maker_part_no, '' part_spec,
                                                '' spec_def, b.release_date, b.part_quantity as usage, b.part_unit, '' eol_status,
                                                '' uni_spec_status, '' remark, decode(ismodify, 'Y', 'U', null) as modify_type, 0 sn, 0 parent_sn, '' file_status, '' phase_id,
                                                b.partnumber_top, decode(ismodify, 'Y', substr(b.partnumber_child, 0, 2), b.partnumber_child) as partnumber_child,
                                                b.partnumber_parent, decode(ismodify, 'Y', substr(b.partnumber_child, 0, 2), b.partnumber_child) as DisplayPartNo,
                                                0 bom_level
                                                from gpo.rsi_h_bom_all b
                                                where rsi_no = :rsi_no
                                                and bom_level = 0
                                                --and not exists (select 1 from rsi_h_product_detail d where d.rsi_no = :rsi_no)
                                                union all
                                                select *
                                                from (
                                                    select d.*, LPAD(' ', (Level) * 4) || nvl(d.part_no, d.part_level) as DisplayPartNo, Level bom_level
                                                    from (
                                                        select distinct d.rsi_no,
                                                        nvl(d.mtl_type, decode(s.active, 'Y', 'Special', 'Normal')) mtl_type,
                                                        d.mtl_group,
                                                        d.parts_group,
                                                        d.mtl_parts,
                                                        d.part_type, 
                                                        d.part_no,
                                                        d.part_desc,
                                                        d.part_level,
                                                        d.english_name,
                                                        d.maker_source,
                                                        d.maker_part_no,
                                                        d.part_spec,
                                                        c.SPEC_DEF,
                                                        d.release_date,
                                                        d.usage,
                                                        d.part_unit,
                                                        d.eol_status eol_status,
                                                        d.uni_spec_status uni_spec_status,
                                                        d.remark,
                                                        d.modify_type,
                                                        d.sn,
                                                        d.parent_sn,
                                                        decode(nvl(f.cnt,0),0,'N','Y') as file_status,
                                                        d.phase_id,
                                                        i.ref_product partnumber_top,
                                                        nvl(d.part_no, d.part_level) partnumber_child, 
                                                        d.partnumber_parent
                                                        from gpo.rsi_h_product_detail d
                                                        join gpo.rsi_h_product_info i on d.rsi_no = i.rsi_no
                                                        left join gpo.rsi_c_mtl_special_parts s on s.mtl_parts = d.mtl_parts and s.active = 'Y'
                                                        left join (select distinct mtl_parts, spec_def
                                                                     from gpo.rsi_c_mtl_spec_def
                                                                    where active = 'Y') c
                                                          on d.mtl_parts = c.mtl_parts
                                                        left join (SELECT Biz_Id,count(1) AS cnt FROM GPO.RSI_H_FILELIST GROUP BY Biz_Id) f
                                                          on f.BIZ_ID = d.RSI_NO||'_'||d.SN
                                                        where nvl(d.mtl_type, decode(s.active, 'Y', 'Special', 'Normal')) <> 'Special' 
                                                        and (d.modify_type is null or d.modify_type <> 'D')
                                                        and nvl(d.mtl_group,'-') not like 'MOH%'
                                                        and d.rsi_no = :rsi_no
                                                    ) d
                                                    start with partnumber_top = partnumber_parent
                                                    connect by nocycle prior partnumber_top = partnumber_top
                                                                    and prior sn = parent_sn
                                                                   --and prior partnumber_child = partnumber_parent
                                                    order siblings by part_level desc
                                                ) a 

2021-09-02 14:16:23,523 [75] INFO  --Begin:取得Group_ID資訊 - 【GetGroupID】:SELECT DISTINCT GROUP_ID
                                                FROM GPO.RSI_H_PRODUCT_DETAIL D 
                                                WHERE RSI_NO = :rsi_no   --querystring取的
                                                AND GROUP_ID IS NOT NULL
                                                AND (MODIFY_TYPE IS NULL OR MODIFY_TYPE <> 'D')
                                                ORDER BY GROUP_ID ASC 

2021-09-02 14:16:23,523 [75] INFO  --End:取得Group_ID資訊 - Completed
2021-09-02 14:16:23,539 [70] INFO  --End:取得Normal Parts資訊 - Completed
2021-09-02 14:22:49,349 [47] INFO  --Begin:獲取DashBoardLayer1資訊 - 【GetDashBoardLayer1】:SELECT * FROM
                                                (
                                                SELECT * FROM RSI_DASHBOARD_LAYER1_V 
                                                 WHERE RSI_NO = :rsi_no
                                                   AND STATUS = :form_status 
                                                   AND PHASE_ID = :phase_id
                                                   AND PART_TYPE = :part_type                 ) T
                                                ORDER BY T.RSI_NO, T.PHASE_ID DESC, DECODE(T.PART_TYPE, 'ACD', 0, 'EE', 1, 'OM', 2, 'PACKING', 3, 4) 

2021-09-02 14:22:49,380 [47] INFO  --End:獲取DashBoardLayer1資訊 - Completed
2021-09-02 14:22:52,490 [47] INFO  --Begin:phase_id=10、20、25、30、70 - 【GetViewIconShow】:select distinct trim(a.boss_emp_no) as boss_emp_no, a.boss_level, a.boss_title, c.rsi_no, c.form_no, c.part_type, b.app_assigner, b.app_actor
                                                    from au_dw.auo_person_reportline a
                                                    join RSI_H_FORM_APPROVE b on (a.emp_no = b.app_assigner or a.emp_no = b.app_actor) and (b.phase_id <= '30' or b.phase_id = '70')
                                                    join RSI_H_FORM_HEADER c on b.form_no = c.form_no
                                                    where (trim(a.boss_emp_no) = :emp_no) -- EMP_NO
                                                    -- or nvl(b.app_actor, b.app_assigner) = :emp_no)
                                                    and a.active = 'Y'
                                                    and c.rsi_no = :rsi_no  --RSI_NO -- DashBoard傳入
                                                    and b.phase_id = :phase_id
                                                  order by c.rsi_no, c.form_no, c.part_type 

2021-09-02 14:22:52,490 [47] INFO  --End:phase_id=10、20、25、30、70 - Completed
2021-09-02 14:22:52,490 [47] INFO  --Begin:phase_id=10、20、25、30、70 - 【GetViewIconShow】:select distinct trim(a.boss_emp_no) as boss_emp_no, a.boss_level, a.boss_title, c.rsi_no, c.form_no, c.part_type, b.app_assigner, b.app_actor
                                                    from au_dw.auo_person_reportline a
                                                    join RSI_H_FORM_APPROVE b on (a.emp_no = b.app_assigner or a.emp_no = b.app_actor) and (b.phase_id <= '30' or b.phase_id = '70')
                                                    join RSI_H_FORM_HEADER c on b.form_no = c.form_no
                                                    where (trim(a.boss_emp_no) = :emp_no) -- EMP_NO
                                                    -- or nvl(b.app_actor, b.app_assigner) = :emp_no)
                                                    and a.active = 'Y'
                                                    and c.rsi_no = :rsi_no  --RSI_NO -- DashBoard傳入
                                                    and b.phase_id = :phase_id
                                                  order by c.rsi_no, c.form_no, c.part_type 

2021-09-02 14:22:52,505 [47] INFO  --End:phase_id=10、20、25、30、70 - Completed
