2021-09-28 08:53:10,863 [11] INFO  --Begin:LoginLog - 【RSI_ConfigEntityDAL】:INSERT INTO rsi_h_func_log(attribute1,created_by,created_date)
                                 VALUES('Login',:emp_no,SYSDATE) 

2021-09-28 08:53:11,285 [11] INFO  --End:LoginLog - Completed
2021-09-28 08:53:11,301 [11] INFO  --Begin:獲取To_Do_List_V資訊 - 【GetTo_Do_List_VEntities】:SELECT * FROM RSI_TO_DO_LIST_V 
                                                WHERE ( :emp_no is null or APP_ASSIGNER = :emp_no) 
                                                ORDER BY PHASE_ID, HELDDAYS 

2021-09-28 08:53:12,082 [11] INFO  --End:獲取To_Do_List_V資訊 - Completed
2021-09-28 08:53:12,160 [11] INFO  --Begin:GetBulletin - 【RSI_ConfigEntityDAL】:select t.*,dbms_lob.substr(t.note) as sys_note from RSI_C_PARAMETER t
                                 where t.function='BULLETIN' 

2021-09-28 08:53:12,207 [11] INFO  --End:GetBulletin - Completed
2021-09-28 08:53:12,207 [11] INFO  --Begin:獲取FAQ資訊 - 【GetFAQ】:SELECT * FROM RSI_C_PARAMETER WHERE FUNCTION = 'FAQ' 

2021-09-28 08:53:12,207 [11] INFO  --End:獲取FAQ資訊 - Completed
2021-09-28 08:53:12,207 [11] INFO  --Begin:獲取ContactWindow資訊 - 【GetContactWindow】:SELECT DISTINCT ATTRIBUTE1, ATTRIBUTE2 FROM RSI_C_PARAMETER WHERE FUNCTION = 'Contact_Windows' 

2021-09-28 08:53:12,207 [11] INFO  --End:獲取ContactWindow資訊 - Completed
2021-09-28 08:53:12,473 [11] INFO  --Begin:獲取To_Do_List_V資訊 - 【GetTo_Do_List_VEntities】:SELECT * FROM RSI_TO_DO_LIST_V 
                                                WHERE ( :emp_no is null or APP_ASSIGNER = :emp_no) 
                                                ORDER BY PHASE_ID, HELDDAYS 

2021-09-28 08:53:12,473 [11] INFO  --End:獲取To_Do_List_V資訊 - Completed
2021-09-28 08:53:12,473 [11] INFO  --Begin:獲取To_Do_List_V資訊 - 【GetTo_Do_List_VEntities】:SELECT * FROM RSI_TO_DO_LIST_V 
                                                WHERE ( :emp_no is null or APP_ASSIGNER = :emp_no) 
                                                ORDER BY PHASE_ID, HELDDAYS 

2021-09-28 08:53:12,473 [11] INFO  --End:獲取To_Do_List_V資訊 - Completed
2021-09-28 08:53:12,473 [11] INFO  --Begin:獲取Department Name資訊 - 【GetDepartmentName】: SELECT * 
                                                FROM GFIN.EMP_DATA_ALL E, GFIN.ORG_DATA_ALL O
                                                WHERE E.ORG_ID = O.ORG_ID
                                                AND E.EMP_NO = :emp_no 

2021-09-28 08:53:12,504 [11] INFO  --End:獲取Department Name資訊 - Completed
