2021-09-06 08:43:44,492 [ 8] INFO  --Begin:LoginLog - 【RSI_ConfigEntityDAL】:INSERT INTO rsi_h_func_log(attribute1,created_by,created_date)
                                 VALUES('Login',:emp_no,SYSDATE) 

2021-09-06 08:43:45,070 [ 8] INFO  --End:LoginLog - Completed
2021-09-06 08:43:45,085 [ 8] INFO  --Begin:獲取To_Do_List_V資訊 - 【GetTo_Do_List_VEntities】:SELECT * FROM RSI_TO_DO_LIST_V 
                                                WHERE ( :emp_no is null or APP_ASSIGNER = :emp_no) 
                                                ORDER BY PHASE_ID, HELDDAYS 

2021-09-06 08:43:45,982 [ 8] INFO  --End:獲取To_Do_List_V資訊 - Completed
2021-09-06 08:43:46,061 [ 8] INFO  --Begin:GetBulletin - 【RSI_ConfigEntityDAL】:select t.*,dbms_lob.substr(t.note) as sys_note from RSI_C_PARAMETER t
                                 where t.function='BULLETIN' 

2021-09-06 08:43:46,107 [ 8] INFO  --End:GetBulletin - Completed
2021-09-06 08:43:46,107 [ 8] INFO  --Begin:獲取FAQ資訊 - 【GetFAQ】:SELECT * FROM RSI_C_PARAMETER WHERE FUNCTION = 'FAQ' 

2021-09-06 08:43:46,107 [ 8] INFO  --End:獲取FAQ資訊 - Completed
2021-09-06 08:43:46,107 [ 8] INFO  --Begin:獲取ContactWindow資訊 - 【GetContactWindow】:SELECT DISTINCT ATTRIBUTE1, ATTRIBUTE2 FROM RSI_C_PARAMETER WHERE FUNCTION = 'Contact_Windows' 

2021-09-06 08:43:46,107 [ 8] INFO  --End:獲取ContactWindow資訊 - Completed
2021-09-06 08:43:46,342 [ 8] INFO  --Begin:獲取To_Do_List_V資訊 - 【GetTo_Do_List_VEntities】:SELECT * FROM RSI_TO_DO_LIST_V 
                                                WHERE ( :emp_no is null or APP_ASSIGNER = :emp_no) 
                                                ORDER BY PHASE_ID, HELDDAYS 

2021-09-06 08:43:46,357 [ 8] INFO  --End:獲取To_Do_List_V資訊 - Completed
2021-09-06 08:43:46,357 [ 8] INFO  --Begin:獲取To_Do_List_V資訊 - 【GetTo_Do_List_VEntities】:SELECT * FROM RSI_TO_DO_LIST_V 
                                                WHERE ( :emp_no is null or APP_ASSIGNER = :emp_no) 
                                                ORDER BY PHASE_ID, HELDDAYS 

2021-09-06 08:43:46,357 [ 8] INFO  --End:獲取To_Do_List_V資訊 - Completed
2021-09-06 08:43:46,357 [ 8] INFO  --Begin:獲取Department Name資訊 - 【GetDepartmentName】: SELECT * 
                                                FROM GFIN.EMP_DATA_ALL E, GFIN.ORG_DATA_ALL O
                                                WHERE E.ORG_ID = O.ORG_ID
                                                AND E.EMP_NO = :emp_no 

2021-09-06 08:43:46,389 [ 8] INFO  --End:獲取Department Name資訊 - Completed
2021-09-06 08:58:20,609 [13] INFO  --Begin:獲取DashBoard UA資訊1 - 【GetDashBoardUA】:SELECT * FROM GPO.RSI_DASHBOARD_LIST_V A
                                                   JOIN (
                                                        SELECT DISTINCT B.RSI_NO FROM GPO.RSI_H_FORM_HEADER B
                                                        WHERE FORM_NO IN
                                                        (SELECT A.FORM_NO    --自己簽核過表單
                                                         FROM GPO.RSI_H_FORM_APPROVE A
                                                         LEFT JOIN GPO.RSI_H_DETAIL_APP_LOG L ON A.FORM_NO = L.FORM_NO
                                                         WHERE (A.APP_ASSIGNER = :emp_no OR A.APP_ACTOR = :emp_no OR L.APP_ACTOR = :emp_no)
                                                         UNION            --下轄人員簽核過表單
                                                         SELECT DISTINCT B.FORM_NO 
                                                         FROM au_dw.auo_person_reportline A
                                                         INNER JOIN GPO.RSI_H_FORM_APPROVE B ON A.EMP_NO = NVL(B.APP_ACTOR, B.APP_ASSIGNER)
                                                         LEFT JOIN GPO.RSI_H_DETAIL_APP_LOG L ON B.FORM_NO = L.FORM_NO AND A.EMP_NO = L.APP_ACTOR
                                                         WHERE (TRIM(A.BOSS_EMP_NO) = :emp_no)
                                                         AND A.ACTIVE = 'Y')                
                                                   ) B ON A.RSI_NO = B.RSI_NO 
                                                   WHERE DECODE(:contractStatus, 'ALL', 1, INSTR(:contractStatus, A.FORM_STATUS)) > 0 
                                                   AND ((:rsi_no is null or A.RSI_NO LIKE :rsi_no) 
                                                   OR (:bu is null or UPPER(A.BU) LIKE :bu) 
                                                   OR (:project_name is null or UPPER(A.PROJECT_NAME) LIKE :project_name) 
                                                   OR (:request_name is null or UPPER(A.REQUEST_NAME) LIKE :request_name)) 
                                                ORDER BY A.RSI_NO DESC, DECODE(A.PART_TYPE, '', 1 ,'ACD', 2, 'EE', 3, 'OM', 4, 'PACKING', 5, 6)   

2021-09-06 08:58:20,859 [13] INFO  --End:獲取DashBoard UA資訊1 - Completed
2021-09-06 08:58:20,906 [13] INFO  --Begin:獲取Contract Status資訊 - 【GetContractStatus】:SELECT DISTINCT ATTRIBUTE3, ATTRIBUTE2 
                                   FROM GPO.RSI_C_PARAMETER 
                                  WHERE FUNCTION = 'FORM_STATUS' 
                                  ORDER BY DECODE(ATTRIBUTE2, 'UA', 0, 'AP', 1, 'CL', 2, 'RC', 3, 4) 

2021-09-06 08:58:20,906 [13] INFO  --End:獲取Contract Status資訊 - Completed
2021-09-06 08:58:20,906 [13] INFO  --Begin:獲取To_Do_List_V資訊 - 【GetTo_Do_List_VEntities】:SELECT * FROM RSI_TO_DO_LIST_V 
                                                WHERE ( :emp_no is null or APP_ASSIGNER = :emp_no) 
                                                ORDER BY PHASE_ID, HELDDAYS 

2021-09-06 08:58:20,922 [13] INFO  --End:獲取To_Do_List_V資訊 - Completed
2021-09-06 08:58:20,922 [13] INFO  --Begin:獲取To_Do_List_V資訊 - 【GetTo_Do_List_VEntities】:SELECT * FROM RSI_TO_DO_LIST_V 
                                                WHERE ( :emp_no is null or APP_ASSIGNER = :emp_no) 
                                                ORDER BY PHASE_ID, HELDDAYS 

2021-09-06 08:58:20,922 [13] INFO  --End:獲取To_Do_List_V資訊 - Completed
2021-09-06 08:58:20,922 [13] INFO  --Begin:獲取Department Name資訊 - 【GetDepartmentName】: SELECT * 
                                                FROM GFIN.EMP_DATA_ALL E, GFIN.ORG_DATA_ALL O
                                                WHERE E.ORG_ID = O.ORG_ID
                                                AND E.EMP_NO = :emp_no 

2021-09-06 08:58:20,922 [13] INFO  --End:獲取Department Name資訊 - Completed
2021-09-06 08:58:23,953 [ 8] INFO  --Begin:獲取DashBoard UA資訊2 - 【GetDashBoardUA】:SELECT * FROM GPO.RSI_DASHBOARD_LIST_V 
                                                   WHERE DECODE(:contractStatus, 'ALL', 1, INSTR(:contractStatus, FORM_STATUS)) > 0  
                                                   AND ((:rsi_no is null or RSI_NO LIKE :rsi_no) 
                                                   OR (:bu is null or UPPER(BU) LIKE :bu) 
                                                   OR (:project_name is null or UPPER(PROJECT_NAME) LIKE :project_name) 
                                                   OR (:request_name is null or UPPER(REQUEST_NAME) LIKE :request_name)) 
                                                ORDER BY RSI_NO DESC, DECODE(PART_TYPE, '', 1 ,'ACD', 2, 'EE', 3, 'OM', 4, 'PACKING', 5, 6)  

2021-09-06 08:58:24,078 [ 8] INFO  --End:獲取DashBoard UA資訊2 - Completed
2021-09-06 08:58:24,078 [ 8] INFO  --Begin:獲取Contract Status資訊 - 【GetContractStatus】:SELECT DISTINCT ATTRIBUTE3, ATTRIBUTE2 
                                   FROM GPO.RSI_C_PARAMETER 
                                  WHERE FUNCTION = 'FORM_STATUS' 
                                  ORDER BY DECODE(ATTRIBUTE2, 'UA', 0, 'AP', 1, 'CL', 2, 'RC', 3, 4) 

2021-09-06 08:58:24,078 [ 8] INFO  --End:獲取Contract Status資訊 - Completed
2021-09-06 08:58:24,078 [ 8] INFO  --Begin:獲取To_Do_List_V資訊 - 【GetTo_Do_List_VEntities】:SELECT * FROM RSI_TO_DO_LIST_V 
                                                WHERE ( :emp_no is null or APP_ASSIGNER = :emp_no) 
                                                ORDER BY PHASE_ID, HELDDAYS 

2021-09-06 08:58:24,094 [ 8] INFO  --End:獲取To_Do_List_V資訊 - Completed
2021-09-06 08:58:24,094 [ 8] INFO  --Begin:獲取To_Do_List_V資訊 - 【GetTo_Do_List_VEntities】:SELECT * FROM RSI_TO_DO_LIST_V 
                                                WHERE ( :emp_no is null or APP_ASSIGNER = :emp_no) 
                                                ORDER BY PHASE_ID, HELDDAYS 

2021-09-06 08:58:24,094 [ 8] INFO  --End:獲取To_Do_List_V資訊 - Completed
2021-09-06 08:58:24,094 [ 8] INFO  --Begin:獲取Department Name資訊 - 【GetDepartmentName】: SELECT * 
                                                FROM GFIN.EMP_DATA_ALL E, GFIN.ORG_DATA_ALL O
                                                WHERE E.ORG_ID = O.ORG_ID
                                                AND E.EMP_NO = :emp_no 

2021-09-06 08:58:24,094 [ 8] INFO  --End:獲取Department Name資訊 - Completed
2021-09-06 08:58:43,625 [10] INFO  --Begin: - 【GetDetailApprove】:  SELECT A.RSI_NO, A.FORM_NO, A.PART_TYPE, A.PHASE_ID, A.PHASE, A.APP_SERIAL, 
                                          A.APP_ASSIGNER, A.APP_ASSIGNER_NAME, A.APP_ACTOR, A.APP_ACTOR_NAME,
                                          A.STATUS, A.BEGIN_DATE, A.END_DATE,
                                          A.APP_CONTENT, A.DIF_DAY
                                          FROM RSI_APPROVAL_LIST_V A
                                          WHERE A.RSI_NO = :rsi_no
                                          AND A.PART_TYPE = :part_type 

2021-09-06 08:58:43,688 [10] INFO   --End: - Completed
2021-09-06 08:58:46,047 [13] INFO  --Begin: - 【GetDetailApprove】:  SELECT A.RSI_NO, A.FORM_NO, A.PART_TYPE, A.PHASE_ID, A.PHASE, A.APP_SERIAL, 
                                          A.APP_ASSIGNER, A.APP_ASSIGNER_NAME, A.APP_ACTOR, A.APP_ACTOR_NAME,
                                          A.STATUS, A.BEGIN_DATE, A.END_DATE,
                                          A.APP_CONTENT, A.DIF_DAY
                                          FROM RSI_APPROVAL_LIST_V A
                                          WHERE A.RSI_NO = :rsi_no
                                          AND A.PART_TYPE = :part_type 

2021-09-06 08:58:46,063 [13] INFO   --End: - Completed
2021-09-06 08:59:00,803 [35] INFO  --Begin:LoginLog - 【RSI_ConfigEntityDAL】:INSERT INTO rsi_h_func_log(attribute1,created_by,created_date)
                                 VALUES('Login',:emp_no,SYSDATE) 

2021-09-06 08:59:00,803 [35] INFO  --End:LoginLog - Completed
2021-09-06 08:59:00,803 [35] INFO  --Begin:獲取To_Do_List_V資訊 - 【GetTo_Do_List_VEntities】:SELECT * FROM RSI_TO_DO_LIST_V 
                                                WHERE ( :emp_no is null or APP_ASSIGNER = :emp_no) 
                                                ORDER BY PHASE_ID, HELDDAYS 

2021-09-06 08:59:00,819 [35] INFO  --End:獲取To_Do_List_V資訊 - Completed
2021-09-06 08:59:00,819 [35] INFO  --Begin:GetBulletin - 【RSI_ConfigEntityDAL】:select t.*,dbms_lob.substr(t.note) as sys_note from RSI_C_PARAMETER t
                                 where t.function='BULLETIN' 

2021-09-06 08:59:00,819 [35] INFO  --End:GetBulletin - Completed
2021-09-06 08:59:00,819 [35] INFO  --Begin:獲取FAQ資訊 - 【GetFAQ】:SELECT * FROM RSI_C_PARAMETER WHERE FUNCTION = 'FAQ' 

2021-09-06 08:59:00,819 [35] INFO  --End:獲取FAQ資訊 - Completed
2021-09-06 08:59:00,819 [35] INFO  --Begin:獲取ContactWindow資訊 - 【GetContactWindow】:SELECT DISTINCT ATTRIBUTE1, ATTRIBUTE2 FROM RSI_C_PARAMETER WHERE FUNCTION = 'Contact_Windows' 

2021-09-06 08:59:00,819 [35] INFO  --End:獲取ContactWindow資訊 - Completed
2021-09-06 08:59:00,819 [35] INFO  --Begin:獲取To_Do_List_V資訊 - 【GetTo_Do_List_VEntities】:SELECT * FROM RSI_TO_DO_LIST_V 
                                                WHERE ( :emp_no is null or APP_ASSIGNER = :emp_no) 
                                                ORDER BY PHASE_ID, HELDDAYS 

2021-09-06 08:59:00,819 [35] INFO  --End:獲取To_Do_List_V資訊 - Completed
2021-09-06 08:59:00,819 [35] INFO  --Begin:獲取To_Do_List_V資訊 - 【GetTo_Do_List_VEntities】:SELECT * FROM RSI_TO_DO_LIST_V 
                                                WHERE ( :emp_no is null or APP_ASSIGNER = :emp_no) 
                                                ORDER BY PHASE_ID, HELDDAYS 

2021-09-06 08:59:00,819 [35] INFO  --End:獲取To_Do_List_V資訊 - Completed
2021-09-06 08:59:00,819 [35] INFO  --Begin:獲取Department Name資訊 - 【GetDepartmentName】: SELECT * 
                                                FROM GFIN.EMP_DATA_ALL E, GFIN.ORG_DATA_ALL O
                                                WHERE E.ORG_ID = O.ORG_ID
                                                AND E.EMP_NO = :emp_no 

2021-09-06 08:59:00,819 [35] INFO  --End:獲取Department Name資訊 - Completed
2021-09-06 09:30:04,380 [ 7] INFO  --Begin:獲取DashBoard UA資訊1 - 【GetDashBoardUA】:SELECT * FROM GPO.RSI_DASHBOARD_LIST_V A
                                                   JOIN (
                                                        SELECT DISTINCT B.RSI_NO FROM GPO.RSI_H_FORM_HEADER B
                                                        WHERE FORM_NO IN
                                                        (SELECT A.FORM_NO    --自己簽核過表單
                                                         FROM GPO.RSI_H_FORM_APPROVE A
                                                         LEFT JOIN GPO.RSI_H_DETAIL_APP_LOG L ON A.FORM_NO = L.FORM_NO
                                                         WHERE (A.APP_ASSIGNER = :emp_no OR A.APP_ACTOR = :emp_no OR L.APP_ACTOR = :emp_no)
                                                         UNION            --下轄人員簽核過表單
                                                         SELECT DISTINCT B.FORM_NO 
                                                         FROM au_dw.auo_person_reportline A
                                                         INNER JOIN GPO.RSI_H_FORM_APPROVE B ON A.EMP_NO = NVL(B.APP_ACTOR, B.APP_ASSIGNER)
                                                         LEFT JOIN GPO.RSI_H_DETAIL_APP_LOG L ON B.FORM_NO = L.FORM_NO AND A.EMP_NO = L.APP_ACTOR
                                                         WHERE (TRIM(A.BOSS_EMP_NO) = :emp_no)
                                                         AND A.ACTIVE = 'Y')                
                                                   ) B ON A.RSI_NO = B.RSI_NO 
                                                   WHERE DECODE(:contractStatus, 'ALL', 1, INSTR(:contractStatus, A.FORM_STATUS)) > 0 
                                                   AND ((:rsi_no is null or A.RSI_NO LIKE :rsi_no) 
                                                   OR (:bu is null or UPPER(A.BU) LIKE :bu) 
                                                   OR (:project_name is null or UPPER(A.PROJECT_NAME) LIKE :project_name) 
                                                   OR (:request_name is null or UPPER(A.REQUEST_NAME) LIKE :request_name)) 
                                                ORDER BY A.RSI_NO DESC, DECODE(A.PART_TYPE, '', 1 ,'ACD', 2, 'EE', 3, 'OM', 4, 'PACKING', 5, 6)   

2021-09-06 09:30:05,255 [ 7] INFO  --End:獲取DashBoard UA資訊1 - Completed
2021-09-06 09:30:05,364 [ 7] INFO  --Begin:獲取Contract Status資訊 - 【GetContractStatus】:SELECT DISTINCT ATTRIBUTE3, ATTRIBUTE2 
                                   FROM GPO.RSI_C_PARAMETER 
                                  WHERE FUNCTION = 'FORM_STATUS' 
                                  ORDER BY DECODE(ATTRIBUTE2, 'UA', 0, 'AP', 1, 'CL', 2, 'RC', 3, 4) 

2021-09-06 09:30:05,395 [ 7] INFO  --End:獲取Contract Status資訊 - Completed
2021-09-06 09:30:05,630 [ 7] INFO  --Begin:獲取To_Do_List_V資訊 - 【GetTo_Do_List_VEntities】:SELECT * FROM RSI_TO_DO_LIST_V 
                                                WHERE ( :emp_no is null or APP_ASSIGNER = :emp_no) 
                                                ORDER BY PHASE_ID, HELDDAYS 

2021-09-06 09:30:05,646 [ 7] INFO  --End:獲取To_Do_List_V資訊 - Completed
2021-09-06 09:30:05,646 [ 7] INFO  --Begin:獲取To_Do_List_V資訊 - 【GetTo_Do_List_VEntities】:SELECT * FROM RSI_TO_DO_LIST_V 
                                                WHERE ( :emp_no is null or APP_ASSIGNER = :emp_no) 
                                                ORDER BY PHASE_ID, HELDDAYS 

2021-09-06 09:30:05,661 [ 7] INFO  --End:獲取To_Do_List_V資訊 - Completed
2021-09-06 09:30:05,661 [ 7] INFO  --Begin:獲取Department Name資訊 - 【GetDepartmentName】: SELECT * 
                                                FROM GFIN.EMP_DATA_ALL E, GFIN.ORG_DATA_ALL O
                                                WHERE E.ORG_ID = O.ORG_ID
                                                AND E.EMP_NO = :emp_no 

2021-09-06 09:30:05,692 [ 7] INFO  --End:獲取Department Name資訊 - Completed
2021-09-06 09:30:10,025 [12] INFO  --Begin:獲取DashBoard UA資訊2 - 【GetDashBoardUA】:SELECT * FROM GPO.RSI_DASHBOARD_LIST_V 
                                                   WHERE DECODE(:contractStatus, 'ALL', 1, INSTR(:contractStatus, FORM_STATUS)) > 0  
                                                   AND ((:rsi_no is null or RSI_NO LIKE :rsi_no) 
                                                   OR (:bu is null or UPPER(BU) LIKE :bu) 
                                                   OR (:project_name is null or UPPER(PROJECT_NAME) LIKE :project_name) 
                                                   OR (:request_name is null or UPPER(REQUEST_NAME) LIKE :request_name)) 
                                                ORDER BY RSI_NO DESC, DECODE(PART_TYPE, '', 1 ,'ACD', 2, 'EE', 3, 'OM', 4, 'PACKING', 5, 6)  

2021-09-06 09:30:10,138 [12] INFO  --End:獲取DashBoard UA資訊2 - Completed
2021-09-06 09:30:10,154 [12] INFO  --Begin:獲取Contract Status資訊 - 【GetContractStatus】:SELECT DISTINCT ATTRIBUTE3, ATTRIBUTE2 
                                   FROM GPO.RSI_C_PARAMETER 
                                  WHERE FUNCTION = 'FORM_STATUS' 
                                  ORDER BY DECODE(ATTRIBUTE2, 'UA', 0, 'AP', 1, 'CL', 2, 'RC', 3, 4) 

2021-09-06 09:30:10,154 [12] INFO  --End:獲取Contract Status資訊 - Completed
2021-09-06 09:30:10,154 [12] INFO  --Begin:獲取To_Do_List_V資訊 - 【GetTo_Do_List_VEntities】:SELECT * FROM RSI_TO_DO_LIST_V 
                                                WHERE ( :emp_no is null or APP_ASSIGNER = :emp_no) 
                                                ORDER BY PHASE_ID, HELDDAYS 

2021-09-06 09:30:10,154 [12] INFO  --End:獲取To_Do_List_V資訊 - Completed
2021-09-06 09:30:10,154 [12] INFO  --Begin:獲取To_Do_List_V資訊 - 【GetTo_Do_List_VEntities】:SELECT * FROM RSI_TO_DO_LIST_V 
                                                WHERE ( :emp_no is null or APP_ASSIGNER = :emp_no) 
                                                ORDER BY PHASE_ID, HELDDAYS 

2021-09-06 09:30:10,171 [12] INFO  --End:獲取To_Do_List_V資訊 - Completed
2021-09-06 09:30:10,171 [12] INFO  --Begin:獲取Department Name資訊 - 【GetDepartmentName】: SELECT * 
                                                FROM GFIN.EMP_DATA_ALL E, GFIN.ORG_DATA_ALL O
                                                WHERE E.ORG_ID = O.ORG_ID
                                                AND E.EMP_NO = :emp_no 

2021-09-06 09:30:10,171 [12] INFO  --End:獲取Department Name資訊 - Completed
2021-09-06 11:09:58,582 [ 7] INFO  --Begin:獲取DashBoardLayer1資訊 - 【GetDashBoardLayer1】:SELECT * FROM
                                                (
                                                SELECT * FROM RSI_DASHBOARD_LAYER1_V 
                                                 WHERE RSI_NO = :rsi_no
                                                   AND STATUS = :form_status 
                                                   AND PHASE_ID = :phase_id
                                                   AND PART_TYPE = :part_type                 ) T
                                                ORDER BY T.RSI_NO, T.PHASE_ID DESC, DECODE(T.PART_TYPE, 'ACD', 0, 'EE', 1, 'OM', 2, 'PACKING', 3, 4) 

2021-09-06 11:10:01,402 [ 7] INFO  --End:獲取DashBoardLayer1資訊 - Completed
2021-09-06 11:10:01,636 [ 7] INFO  --Begin:phase_id=40、50、60 - 【GetViewIconShow】:select distinct trim(a.boss_emp_no) as boss_emp_no, a.boss_level, a.boss_title, h.rsi_no, h.form_no, h.part_type, d.app_assigner, c.app_actor 
                                                    from au_dw.auo_person_reportline a
                                                    join RSI_H_AUTHORITY b on a.emp_no = b.emp_no
                                                    join RSI_H_DETAIL_APP_LOG c on a.emp_no = c.app_actor
                                                    join RSI_H_FORM_HEADER h on c.rsi_no = h.rsi_no and c.form_no = h.form_no 
                                                    join RSI_H_FORM_APPROVE d on c.form_no = d.form_no
                                                    where trim(a.boss_emp_no) = :emp_no    -- EMP_NO
                                                    and a.active = 'Y'
                                                    and b.active = 'Y'
                                                    and sysdate >= b.start_date  
                                                    and b.end_date > =sysdate
                                                    and h.rsi_no = :rsi_no  --RSI_NO -- DashBoard傳入
                                                    and d.phase_id = :phase_id
                                                  order by h.rsi_no, h.form_no, h.part_type 

2021-09-06 11:10:01,714 [ 7] INFO  --End:phase_id=40、50、60 - Completed
2021-09-06 11:10:01,730 [ 7] INFO  --Begin:phase_id=40、50、60 - 【GetViewIconShow】:select distinct trim(a.boss_emp_no) as boss_emp_no, a.boss_level, a.boss_title, h.rsi_no, h.form_no, h.part_type, d.app_assigner, c.app_actor 
                                                    from au_dw.auo_person_reportline a
                                                    join RSI_H_AUTHORITY b on a.emp_no = b.emp_no
                                                    join RSI_H_DETAIL_APP_LOG c on a.emp_no = c.app_actor
                                                    join RSI_H_FORM_HEADER h on c.rsi_no = h.rsi_no and c.form_no = h.form_no 
                                                    join RSI_H_FORM_APPROVE d on c.form_no = d.form_no
                                                    where trim(a.boss_emp_no) = :emp_no    -- EMP_NO
                                                    and a.active = 'Y'
                                                    and b.active = 'Y'
                                                    and sysdate >= b.start_date  
                                                    and b.end_date > =sysdate
                                                    and h.rsi_no = :rsi_no  --RSI_NO -- DashBoard傳入
                                                    and d.phase_id = :phase_id
                                                  order by h.rsi_no, h.form_no, h.part_type 

2021-09-06 11:10:01,730 [ 7] INFO  --End:phase_id=40、50、60 - Completed
2021-09-06 11:10:04,839 [10] INFO  --Begin:獲取DashBoardLayer1資訊 - 【GetDashBoardLayer1】:SELECT * FROM
                                                (
                                                SELECT * FROM RSI_DASHBOARD_LAYER1_V 
                                                 WHERE RSI_NO = :rsi_no
                                                   AND STATUS = :form_status 
                                                   AND PHASE_ID = :phase_id
                                                   AND PART_TYPE = :part_type                 ) T
                                                ORDER BY T.RSI_NO, T.PHASE_ID DESC, DECODE(T.PART_TYPE, 'ACD', 0, 'EE', 1, 'OM', 2, 'PACKING', 3, 4) 

2021-09-06 11:10:04,855 [10] INFO  --End:獲取DashBoardLayer1資訊 - Completed
2021-09-06 11:10:04,855 [10] INFO  --Begin:phase_id=40、50、60 - 【GetViewIconShow】:select distinct trim(a.boss_emp_no) as boss_emp_no, a.boss_level, a.boss_title, h.rsi_no, h.form_no, h.part_type, d.app_assigner, c.app_actor 
                                                    from au_dw.auo_person_reportline a
                                                    join RSI_H_AUTHORITY b on a.emp_no = b.emp_no
                                                    join RSI_H_DETAIL_APP_LOG c on a.emp_no = c.app_actor
                                                    join RSI_H_FORM_HEADER h on c.rsi_no = h.rsi_no and c.form_no = h.form_no 
                                                    join RSI_H_FORM_APPROVE d on c.form_no = d.form_no
                                                    where trim(a.boss_emp_no) = :emp_no    -- EMP_NO
                                                    and a.active = 'Y'
                                                    and b.active = 'Y'
                                                    and sysdate >= b.start_date  
                                                    and b.end_date > =sysdate
                                                    and h.rsi_no = :rsi_no  --RSI_NO -- DashBoard傳入
                                                    and d.phase_id = :phase_id
                                                  order by h.rsi_no, h.form_no, h.part_type 

2021-09-06 11:10:04,855 [10] INFO  --End:phase_id=40、50、60 - Completed
2021-09-06 11:10:04,855 [10] INFO  --Begin:phase_id=40、50、60 - 【GetViewIconShow】:select distinct trim(a.boss_emp_no) as boss_emp_no, a.boss_level, a.boss_title, h.rsi_no, h.form_no, h.part_type, d.app_assigner, c.app_actor 
                                                    from au_dw.auo_person_reportline a
                                                    join RSI_H_AUTHORITY b on a.emp_no = b.emp_no
                                                    join RSI_H_DETAIL_APP_LOG c on a.emp_no = c.app_actor
                                                    join RSI_H_FORM_HEADER h on c.rsi_no = h.rsi_no and c.form_no = h.form_no 
                                                    join RSI_H_FORM_APPROVE d on c.form_no = d.form_no
                                                    where trim(a.boss_emp_no) = :emp_no    -- EMP_NO
                                                    and a.active = 'Y'
                                                    and b.active = 'Y'
                                                    and sysdate >= b.start_date  
                                                    and b.end_date > =sysdate
                                                    and h.rsi_no = :rsi_no  --RSI_NO -- DashBoard傳入
                                                    and d.phase_id = :phase_id
                                                  order by h.rsi_no, h.form_no, h.part_type 

2021-09-06 11:10:04,855 [10] INFO  --End:phase_id=40、50、60 - Completed
2021-09-06 11:10:12,105 [10] INFO  --Begin:獲取DashBoardLayer1資訊 - 【GetDashBoardLayer1】:SELECT * FROM
                                                (
                                                SELECT * FROM RSI_DASHBOARD_LAYER1_V 
                                                 WHERE RSI_NO = :rsi_no
                                                   AND STATUS = :form_status 
                                                   AND PHASE_ID = :phase_id
                                                   AND PART_TYPE = :part_type                 ) T
                                                ORDER BY T.RSI_NO, T.PHASE_ID DESC, DECODE(T.PART_TYPE, 'ACD', 0, 'EE', 1, 'OM', 2, 'PACKING', 3, 4) 

2021-09-06 11:10:12,105 [10] INFO  --End:獲取DashBoardLayer1資訊 - Completed
2021-09-06 11:10:12,105 [10] INFO  --Begin:phase_id=40、50、60 - 【GetViewIconShow】:select distinct trim(a.boss_emp_no) as boss_emp_no, a.boss_level, a.boss_title, h.rsi_no, h.form_no, h.part_type, d.app_assigner, c.app_actor 
                                                    from au_dw.auo_person_reportline a
                                                    join RSI_H_AUTHORITY b on a.emp_no = b.emp_no
                                                    join RSI_H_DETAIL_APP_LOG c on a.emp_no = c.app_actor
                                                    join RSI_H_FORM_HEADER h on c.rsi_no = h.rsi_no and c.form_no = h.form_no 
                                                    join RSI_H_FORM_APPROVE d on c.form_no = d.form_no
                                                    where trim(a.boss_emp_no) = :emp_no    -- EMP_NO
                                                    and a.active = 'Y'
                                                    and b.active = 'Y'
                                                    and sysdate >= b.start_date  
                                                    and b.end_date > =sysdate
                                                    and h.rsi_no = :rsi_no  --RSI_NO -- DashBoard傳入
                                                    and d.phase_id = :phase_id
                                                  order by h.rsi_no, h.form_no, h.part_type 

2021-09-06 11:10:12,105 [10] INFO  --End:phase_id=40、50、60 - Completed
2021-09-06 11:10:12,105 [10] INFO  --Begin:phase_id=40、50、60 - 【GetViewIconShow】:select distinct trim(a.boss_emp_no) as boss_emp_no, a.boss_level, a.boss_title, h.rsi_no, h.form_no, h.part_type, d.app_assigner, c.app_actor 
                                                    from au_dw.auo_person_reportline a
                                                    join RSI_H_AUTHORITY b on a.emp_no = b.emp_no
                                                    join RSI_H_DETAIL_APP_LOG c on a.emp_no = c.app_actor
                                                    join RSI_H_FORM_HEADER h on c.rsi_no = h.rsi_no and c.form_no = h.form_no 
                                                    join RSI_H_FORM_APPROVE d on c.form_no = d.form_no
                                                    where trim(a.boss_emp_no) = :emp_no    -- EMP_NO
                                                    and a.active = 'Y'
                                                    and b.active = 'Y'
                                                    and sysdate >= b.start_date  
                                                    and b.end_date > =sysdate
                                                    and h.rsi_no = :rsi_no  --RSI_NO -- DashBoard傳入
                                                    and d.phase_id = :phase_id
                                                  order by h.rsi_no, h.form_no, h.part_type 

2021-09-06 11:10:12,105 [10] INFO  --End:phase_id=40、50、60 - Completed
2021-09-06 11:10:15,253 [25] INFO  --Begin:獲取DashBoardLayer1資訊 - 【GetDashBoardLayer1】:SELECT * FROM
                                                (
                                                SELECT * FROM RSI_DASHBOARD_LAYER1_V 
                                                 WHERE RSI_NO = :rsi_no
                                                   AND STATUS = :form_status 
                                                   AND PHASE_ID = :phase_id
                                                   AND PART_TYPE = :part_type                 ) T
                                                ORDER BY T.RSI_NO, T.PHASE_ID DESC, DECODE(T.PART_TYPE, 'ACD', 0, 'EE', 1, 'OM', 2, 'PACKING', 3, 4) 

2021-09-06 11:10:15,269 [25] INFO  --End:獲取DashBoardLayer1資訊 - Completed
2021-09-06 11:10:15,269 [25] INFO  --Begin:phase_id=40、50、60 - 【GetViewIconShow】:select distinct trim(a.boss_emp_no) as boss_emp_no, a.boss_level, a.boss_title, h.rsi_no, h.form_no, h.part_type, d.app_assigner, c.app_actor 
                                                    from au_dw.auo_person_reportline a
                                                    join RSI_H_AUTHORITY b on a.emp_no = b.emp_no
                                                    join RSI_H_DETAIL_APP_LOG c on a.emp_no = c.app_actor
                                                    join RSI_H_FORM_HEADER h on c.rsi_no = h.rsi_no and c.form_no = h.form_no 
                                                    join RSI_H_FORM_APPROVE d on c.form_no = d.form_no
                                                    where trim(a.boss_emp_no) = :emp_no    -- EMP_NO
                                                    and a.active = 'Y'
                                                    and b.active = 'Y'
                                                    and sysdate >= b.start_date  
                                                    and b.end_date > =sysdate
                                                    and h.rsi_no = :rsi_no  --RSI_NO -- DashBoard傳入
                                                    and d.phase_id = :phase_id
                                                  order by h.rsi_no, h.form_no, h.part_type 

2021-09-06 11:10:15,269 [25] INFO  --End:phase_id=40、50、60 - Completed
2021-09-06 11:10:15,269 [25] INFO  --Begin:phase_id=40、50、60 - 【GetViewIconShow】:select distinct trim(a.boss_emp_no) as boss_emp_no, a.boss_level, a.boss_title, h.rsi_no, h.form_no, h.part_type, d.app_assigner, c.app_actor 
                                                    from au_dw.auo_person_reportline a
                                                    join RSI_H_AUTHORITY b on a.emp_no = b.emp_no
                                                    join RSI_H_DETAIL_APP_LOG c on a.emp_no = c.app_actor
                                                    join RSI_H_FORM_HEADER h on c.rsi_no = h.rsi_no and c.form_no = h.form_no 
                                                    join RSI_H_FORM_APPROVE d on c.form_no = d.form_no
                                                    where trim(a.boss_emp_no) = :emp_no    -- EMP_NO
                                                    and a.active = 'Y'
                                                    and b.active = 'Y'
                                                    and sysdate >= b.start_date  
                                                    and b.end_date > =sysdate
                                                    and h.rsi_no = :rsi_no  --RSI_NO -- DashBoard傳入
                                                    and d.phase_id = :phase_id
                                                  order by h.rsi_no, h.form_no, h.part_type 

2021-09-06 11:10:15,269 [25] INFO  --End:phase_id=40、50、60 - Completed
