2021-12-29 09:39:19,329 [11] INFO  --Begin:getCurrentHandler方法 - 【RSIWebServiceDAL】:SELECT bu,project_name,listagg(part_type || ':' || phase || '-' || assigner, '/') within group(ORDER BY part_type) AS rsi_status
                                FROM (SELECT DISTINCT a.bu,a.Project_Name,a.PART_TYPE,DECODE(a.part_type_v,NULL,'Pending on ' || t.phase || ' for other RSI',t.phase) AS phase,
                                                    e.eng_name as assigner
                                        FROM (SELECT H.bu,P.Project_Name,H.RSI_NO,H.PART_TYPE,V.PART_TYPE AS part_type_v,A.FORM_NO,
                                                    decode(A.PHASE_ID, '40', '45', A.Phase_Id) AS phase_id,
                                                    CASE
                                                        WHEN A.PHASE_ID IN ('40', '45') THEN
                                                        H.Product_Sourcer
                                                        ELSE
                                                        A.APP_ASSIGNER
                                                    END AS APP_ASSIGNER,
                                                    A.APP_STATUS
                                                FROM RSI_H_PRODUCT_INFO P
                                                JOIN RSI_H_FORM_HEADER H
                                                ON P.Rsi_No = H.RSI_NO
                                                JOIN RSI_H_FORM_APPROVE A
                                                ON H.FORM_NO = A.FORM_NO
                                                LEFT JOIN RSI_TO_DO_LIST_V v
                                                ON v.RSI_NO = p.rsi_no
                                                AND v.phase_id = a.phase_id
                                                WHERE P.RSI_STATUS = 'RSI'
                                                AND (A.FORM_NO, A.APP_SERIAL) IN
                                                    (SELECT FORM_NO, MAX(APP_SERIAL) AS APP_SERIAL
                                                        FROM GPO.RSI_H_FORM_APPROVE
                                                        WHERE APP_STATUS = 'U'
                                                        GROUP BY FORM_NO)
                                                AND A.App_Status = 'U') a
                                        JOIN gfin.emp_data_all e
                                        ON e.emp_no = a.app_assigner
                                        JOIN (select DISTINCT bu, phase_id, phase from rsi_c_flow_def) t
                                        ON t.bu = a.bu
                                        AND t.phase_id = a.phase_id)
                               where 1=1  and bu = :bu     group by bu, project_name 

2021-12-29 09:39:21,532 [11] INFO  --End:getCurrentHandler方法 - Completed
2021-12-29 09:52:38,137 [39] INFO  --Begin:getCurrentHandler方法 - 【RSIWebServiceDAL】:SELECT bu,project_name,listagg(part_type || ':' || phase || '-' || assigner, '/') within group(ORDER BY part_type) AS rsi_status
                                FROM (SELECT DISTINCT a.bu,a.Project_Name,a.PART_TYPE,DECODE(a.part_type_v,NULL,'Pending on ' || t.phase || ' for other RSI',t.phase) AS phase,
                                                    e.eng_name as assigner
                                        FROM (SELECT H.bu,P.Project_Name,H.RSI_NO,H.PART_TYPE,V.PART_TYPE AS part_type_v,A.FORM_NO,
                                                    decode(A.PHASE_ID, '40', '45', A.Phase_Id) AS phase_id,
                                                    CASE
                                                        WHEN A.PHASE_ID IN ('40', '45') THEN
                                                        H.Product_Sourcer
                                                        ELSE
                                                        A.APP_ASSIGNER
                                                    END AS APP_ASSIGNER,
                                                    A.APP_STATUS
                                                FROM RSI_H_PRODUCT_INFO P
                                                JOIN RSI_H_FORM_HEADER H
                                                ON P.Rsi_No = H.RSI_NO
                                                JOIN RSI_H_FORM_APPROVE A
                                                ON H.FORM_NO = A.FORM_NO
                                                LEFT JOIN RSI_TO_DO_LIST_V v
                                                ON v.RSI_NO = p.rsi_no
                                                AND v.phase_id = a.phase_id
                                                WHERE P.RSI_STATUS = 'RSI'
                                                AND (A.FORM_NO, A.APP_SERIAL) IN
                                                    (SELECT FORM_NO, MAX(APP_SERIAL) AS APP_SERIAL
                                                        FROM GPO.RSI_H_FORM_APPROVE
                                                        WHERE APP_STATUS = 'U'
                                                        GROUP BY FORM_NO)
                                                AND A.App_Status = 'U') a
                                        JOIN gfin.emp_data_all e
                                        ON e.emp_no = a.app_assigner
                                        JOIN (select DISTINCT bu, phase_id, phase from rsi_c_flow_def) t
                                        ON t.bu = a.bu
                                        AND t.phase_id = a.phase_id)
                               where 1=1  and bu = :bu     group by bu, project_name 

2021-12-29 09:52:38,152 [39] INFO  --End:getCurrentHandler方法 - Completed
