2022-03-01 14:45:08,822 [13] INFO  --Begin: - 【GetUnit】:select distinct upper(unit) unit
                                               from rsi_r_part_info
                                               order by unit 

2022-03-01 14:45:08,885 [11] INFO  --Begin: - 【GetPartLevelEnglish】:select distinct m.mtl_group,
                                                 m.parts_group,
                                                 m.mtl_parts,
                                                 p.part_kind_key as part_level,
                                                 p.english_name
                                  from rsi_r_part_info p
                                  left join gpo.rsi_c_mtl_parts m
                                    on p.part_kind_key = m.part_level
                                   and p.english_name = m.english_name
                                   and m.active = 'Y'
                                 --where p.part_kind_key not like '9%'
                                   where p.english_name is not null
                                 order by p.part_kind_key 

2022-03-01 14:45:08,885 [14] INFO  --Begin:取得Group_ID資訊 - 【GetGroupID】:SELECT DISTINCT GROUP_ID
                                                FROM GPO.RSI_H_PRODUCT_DETAIL D 
                                                WHERE RSI_NO = :rsi_no   --querystring取的
                                                AND GROUP_ID IS NOT NULL
                                                AND (MODIFY_TYPE IS NULL OR MODIFY_TYPE <> 'D')
                                                ORDER BY GROUP_ID ASC 

2022-03-01 14:45:08,885 [15] INFO  --Begin:取得Normal Parts資訊 - 【GetRDReviewNormalParts】: select b.rsi_no, 'Normal' mtl_type, '' mtl_group, '' parts_group, '' mtl_parts, '' part_type,
                                                decode(ismodify, 'Y', substr(b.partnumber_child, 0, 2), b.partnumber_child) as part_no,
                                                b.part_desc, b.part_level, b.english_name, '' maker_source, '' maker_part_no, '' part_spec,
                                                '' spec_def, b.release_date, b.part_quantity as usage, b.part_unit, '' eol_status,
                                                '' uni_spec_status, '' remark, decode(ismodify, 'Y', 'U', null) as modify_type, 0 sn, 0 parent_sn, '' file_status, '' phase_id,
                                                b.partnumber_top, decode(ismodify, 'Y', substr(b.partnumber_child, 0, 2), b.partnumber_child) as partnumber_child,
                                                b.partnumber_parent, decode(ismodify, 'Y', substr(b.partnumber_child, 0, 2), b.partnumber_child) as DisplayPartNo,
                                                0 bom_level
                                                from gpo.rsi_h_bom_all b
                                                where rsi_no = :rsi_no
                                                and bom_level = 0
                                                --and not exists (select 1 from rsi_h_product_detail d where d.rsi_no = :rsi_no)
                                                union all
                                                select *
                                                from (
                                                    select d.*, LPAD(' ', (Level) * 4) || nvl(d.part_no, d.part_level) as DisplayPartNo, Level bom_level
                                                    from (
                                                        select distinct d.rsi_no,
                                                        nvl(d.mtl_type, decode(s.active, 'Y', 'Special', 'Normal')) mtl_type,
                                                        d.mtl_group,
                                                        d.parts_group,
                                                        d.mtl_parts,
                                                        d.part_type, 
                                                        d.part_no,
                                                        d.part_desc,
                                                        d.part_level,
                                                        d.english_name,
                                                        d.maker_source,
                                                        d.maker_part_no,
                                                        d.part_spec,
                                                        c.SPEC_DEF,
                                                        d.release_date,
                                                        d.usage,
                                                        d.part_unit,
                                                        d.eol_status eol_status,
                                                        d.uni_spec_status uni_spec_status,
                                                        d.remark,
                                                        d.modify_type,
                                                        d.sn,
                                                        d.parent_sn,
                                                        decode(nvl(f.cnt,0),0,'N','Y') as file_status,
                                                        d.phase_id,
                                                        i.ref_product partnumber_top,
                                                        nvl(d.part_no, d.part_level) partnumber_child, 
                                                        d.partnumber_parent
                                                        from gpo.rsi_h_product_detail d
                                                        join gpo.rsi_h_product_info i on d.rsi_no = i.rsi_no
                                                        left join gpo.rsi_c_mtl_special_parts s on s.mtl_parts = d.mtl_parts and s.active = 'Y'
                                                        left join (select distinct mtl_parts, spec_def
                                                                     from gpo.rsi_c_mtl_spec_def
                                                                    where active = 'Y') c
                                                          on d.mtl_parts = c.mtl_parts
                                                        left join (SELECT Biz_Id,count(1) AS cnt FROM GPO.RSI_H_FILELIST GROUP BY Biz_Id) f
                                                          on f.BIZ_ID = d.RSI_NO||'_'||d.SN
                                                        where nvl(d.mtl_type, decode(s.active, 'Y', 'Special', 'Normal')) <> 'Special' 
                                                        and (d.modify_type is null or d.modify_type <> 'D')
                                                        and nvl(d.mtl_group,'-') not like 'MOH%'
                                                        and d.rsi_no = :rsi_no
                                                    ) d
                                                    start with partnumber_top = partnumber_parent
                                                    connect by nocycle prior partnumber_top = partnumber_top
                                                                    and prior sn = parent_sn
                                                                   --and prior partnumber_child = partnumber_parent
                                                    order siblings by part_level desc
                                                ) a 

2022-03-01 14:45:09,572 [14] INFO  --End:取得Group_ID資訊 - Completed
2022-03-01 14:45:09,588 [15] INFO  --End:取得Normal Parts資訊 - Completed
2022-03-01 14:45:09,697 [13] INFO   --End: - Completed
2022-03-01 14:45:09,713 [11] INFO   --End: - Completed
2022-03-01 15:22:23,154 [ 7] INFO  --Begin:LoginLog - 【RSI_ConfigEntityDAL】:INSERT INTO rsi_h_func_log(attribute1,created_by,created_date)
                                 VALUES('Login',:emp_no,SYSDATE) 

2022-03-01 15:22:23,717 [ 7] INFO  --End:LoginLog - Completed
2022-03-01 15:22:23,717 [ 7] INFO  --Begin:獲取To_Do_List_V資訊 - 【GetTo_Do_List_VEntities】:SELECT * FROM RSI_TO_DO_LIST_V 
                                                WHERE ( :emp_no is null or APP_ASSIGNER = :emp_no) 
                                                ORDER BY PHASE_ID, HELDDAYS 

2022-03-01 15:22:25,081 [ 7] INFO  --End:獲取To_Do_List_V資訊 - Completed
2022-03-01 15:22:25,175 [ 7] INFO  --Begin:GetBulletin - 【RSI_ConfigEntityDAL】:select t.*,dbms_lob.substr(t.note) as sys_note from RSI_C_PARAMETER t
                                 where t.function='BULLETIN' 

2022-03-01 15:22:25,222 [ 7] INFO  --End:GetBulletin - Completed
2022-03-01 15:22:25,222 [ 7] INFO  --Begin:獲取FAQ資訊 - 【GetFAQ】:SELECT * FROM RSI_C_PARAMETER WHERE FUNCTION = 'FAQ' 

2022-03-01 15:22:25,222 [ 7] INFO  --End:獲取FAQ資訊 - Completed
2022-03-01 15:22:25,237 [ 7] INFO  --Begin:獲取ContactWindow資訊 - 【GetContactWindow】:SELECT DISTINCT ATTRIBUTE1, ATTRIBUTE2 FROM RSI_C_PARAMETER WHERE FUNCTION = 'Contact_Windows' 

2022-03-01 15:22:25,237 [ 7] INFO  --End:獲取ContactWindow資訊 - Completed
2022-03-01 15:22:25,472 [ 7] INFO  --Begin:獲取To_Do_List_V資訊 - 【GetTo_Do_List_VEntities】:SELECT * FROM RSI_TO_DO_LIST_V 
                                                WHERE ( :emp_no is null or APP_ASSIGNER = :emp_no) 
                                                ORDER BY PHASE_ID, HELDDAYS 

2022-03-01 15:22:25,472 [ 7] INFO  --End:獲取To_Do_List_V資訊 - Completed
2022-03-01 15:22:25,487 [ 7] INFO  --Begin:獲取To_Do_List_V資訊 - 【GetTo_Do_List_VEntities】:SELECT * FROM RSI_TO_DO_LIST_V 
                                                WHERE ( :emp_no is null or APP_ASSIGNER = :emp_no) 
                                                ORDER BY PHASE_ID, HELDDAYS 

2022-03-01 15:22:25,487 [ 7] INFO  --End:獲取To_Do_List_V資訊 - Completed
2022-03-01 15:22:25,487 [ 7] INFO  --Begin:獲取Department Name資訊 - 【GetDepartmentName】: SELECT * 
                                                FROM GFIN.EMP_DATA_ALL E, GFIN.ORG_DATA_ALL O
                                                WHERE E.ORG_ID = O.ORG_ID
                                                AND E.EMP_NO = :emp_no 

2022-03-01 15:22:25,519 [ 7] INFO  --End:獲取Department Name資訊 - Completed
2022-03-01 15:22:32,728 [ 9] INFO  --Begin:LoginLog - 【RSI_ConfigEntityDAL】:INSERT INTO rsi_h_func_log(attribute1,created_by,created_date)
                                 VALUES('Login',:emp_no,SYSDATE) 

2022-03-01 15:22:32,728 [ 9] INFO  --End:LoginLog - Completed
2022-03-01 15:22:32,728 [ 9] INFO  --Begin:獲取To_Do_List_V資訊 - 【GetTo_Do_List_VEntities】:SELECT * FROM RSI_TO_DO_LIST_V 
                                                WHERE ( :emp_no is null or APP_ASSIGNER = :emp_no) 
                                                ORDER BY PHASE_ID, HELDDAYS 

2022-03-01 15:22:32,744 [ 9] INFO  --End:獲取To_Do_List_V資訊 - Completed
2022-03-01 15:22:32,744 [ 9] INFO  --Begin:GetBulletin - 【RSI_ConfigEntityDAL】:select t.*,dbms_lob.substr(t.note) as sys_note from RSI_C_PARAMETER t
                                 where t.function='BULLETIN' 

2022-03-01 15:22:32,744 [ 9] INFO  --End:GetBulletin - Completed
2022-03-01 15:22:32,744 [ 9] INFO  --Begin:獲取FAQ資訊 - 【GetFAQ】:SELECT * FROM RSI_C_PARAMETER WHERE FUNCTION = 'FAQ' 

2022-03-01 15:22:32,744 [ 9] INFO  --End:獲取FAQ資訊 - Completed
2022-03-01 15:22:32,744 [ 9] INFO  --Begin:獲取ContactWindow資訊 - 【GetContactWindow】:SELECT DISTINCT ATTRIBUTE1, ATTRIBUTE2 FROM RSI_C_PARAMETER WHERE FUNCTION = 'Contact_Windows' 

2022-03-01 15:22:32,744 [ 9] INFO  --End:獲取ContactWindow資訊 - Completed
2022-03-01 15:22:32,744 [ 9] INFO  --Begin:獲取To_Do_List_V資訊 - 【GetTo_Do_List_VEntities】:SELECT * FROM RSI_TO_DO_LIST_V 
                                                WHERE ( :emp_no is null or APP_ASSIGNER = :emp_no) 
                                                ORDER BY PHASE_ID, HELDDAYS 

2022-03-01 15:22:32,744 [ 9] INFO  --End:獲取To_Do_List_V資訊 - Completed
2022-03-01 15:22:32,744 [ 9] INFO  --Begin:獲取To_Do_List_V資訊 - 【GetTo_Do_List_VEntities】:SELECT * FROM RSI_TO_DO_LIST_V 
                                                WHERE ( :emp_no is null or APP_ASSIGNER = :emp_no) 
                                                ORDER BY PHASE_ID, HELDDAYS 

2022-03-01 15:22:32,744 [ 9] INFO  --End:獲取To_Do_List_V資訊 - Completed
2022-03-01 15:22:32,744 [ 9] INFO  --Begin:獲取Department Name資訊 - 【GetDepartmentName】: SELECT * 
                                                FROM GFIN.EMP_DATA_ALL E, GFIN.ORG_DATA_ALL O
                                                WHERE E.ORG_ID = O.ORG_ID
                                                AND E.EMP_NO = :emp_no 

2022-03-01 15:22:32,744 [ 9] INFO  --End:獲取Department Name資訊 - Completed
2022-03-01 15:22:33,760 [ 7] INFO  --Begin:獲取DashBoard UA資訊1 - 【GetDashBoardUA】:SELECT * FROM GPO.RSI_DASHBOARD_LIST_V A
                                                   JOIN (
                                                        SELECT DISTINCT B.RSI_NO FROM GPO.RSI_H_FORM_HEADER B
                                                        WHERE FORM_NO IN
                                                        (SELECT A.FORM_NO    --自己簽核過表單
                                                         FROM GPO.RSI_H_FORM_APPROVE A
                                                         LEFT JOIN GPO.RSI_H_DETAIL_APP_LOG L ON A.FORM_NO = L.FORM_NO
                                                         WHERE (A.APP_ASSIGNER = :emp_no OR A.APP_ACTOR = :emp_no OR L.APP_ACTOR = :emp_no)
                                                         UNION            --下轄人員簽核過表單
                                                         SELECT DISTINCT B.FORM_NO 
                                                         FROM au_dw.auo_person_reportline A
                                                         INNER JOIN GPO.RSI_H_FORM_APPROVE B ON A.EMP_NO = NVL(B.APP_ACTOR, B.APP_ASSIGNER)
                                                         LEFT JOIN GPO.RSI_H_DETAIL_APP_LOG L ON B.FORM_NO = L.FORM_NO AND A.EMP_NO = L.APP_ACTOR
                                                         WHERE (TRIM(A.BOSS_EMP_NO) = :emp_no)
                                                         AND A.ACTIVE = 'Y')                
                                                   ) B ON A.RSI_NO = B.RSI_NO 
                                                   WHERE DECODE(:contractStatus, 'ALL', 1, INSTR(:contractStatus, A.FORM_STATUS)) > 0 
                                                   AND ((:rsi_no is null or A.RSI_NO LIKE :rsi_no) 
                                                   OR (:bu is null or UPPER(A.BU) LIKE :bu) 
                                                   OR (:project_name is null or UPPER(A.PROJECT_NAME) LIKE :project_name) 
                                                   OR (:request_name is null or UPPER(A.REQUEST_NAME) LIKE :request_name)) 
                                                ORDER BY A.RSI_NO DESC, DECODE(A.PART_TYPE, '', 1 ,'ACD', 2, 'EE', 3, 'OM', 4, 'PACKING', 5, 6)   

2022-03-01 15:22:33,775 [ 7] INFO  --End:獲取DashBoard UA資訊1 - Completed
2022-03-01 15:22:33,822 [ 7] INFO  --Begin:獲取Contract Status資訊 - 【GetContractStatus】:SELECT DISTINCT ATTRIBUTE3, ATTRIBUTE2 
                                   FROM GPO.RSI_C_PARAMETER 
                                  WHERE FUNCTION = 'FORM_STATUS' 
                                  ORDER BY DECODE(ATTRIBUTE2, 'UA', 0, 'AP', 1, 'CL', 2, 'RC', 3, 4) 

2022-03-01 15:22:33,838 [ 7] INFO  --End:獲取Contract Status資訊 - Completed
2022-03-01 15:22:33,838 [ 7] INFO  --Begin:獲取To_Do_List_V資訊 - 【GetTo_Do_List_VEntities】:SELECT * FROM RSI_TO_DO_LIST_V 
                                                WHERE ( :emp_no is null or APP_ASSIGNER = :emp_no) 
                                                ORDER BY PHASE_ID, HELDDAYS 

2022-03-01 15:22:33,838 [ 7] INFO  --End:獲取To_Do_List_V資訊 - Completed
2022-03-01 15:22:33,838 [ 7] INFO  --Begin:獲取To_Do_List_V資訊 - 【GetTo_Do_List_VEntities】:SELECT * FROM RSI_TO_DO_LIST_V 
                                                WHERE ( :emp_no is null or APP_ASSIGNER = :emp_no) 
                                                ORDER BY PHASE_ID, HELDDAYS 

2022-03-01 15:22:33,838 [ 7] INFO  --End:獲取To_Do_List_V資訊 - Completed
2022-03-01 15:22:33,838 [ 7] INFO  --Begin:獲取Department Name資訊 - 【GetDepartmentName】: SELECT * 
                                                FROM GFIN.EMP_DATA_ALL E, GFIN.ORG_DATA_ALL O
                                                WHERE E.ORG_ID = O.ORG_ID
                                                AND E.EMP_NO = :emp_no 

2022-03-01 15:22:33,838 [ 7] INFO  --End:獲取Department Name資訊 - Completed
2022-03-01 15:22:36,949 [ 9] INFO  --Begin:獲取DashBoard UA資訊2 - 【GetDashBoardUA】:SELECT * FROM GPO.RSI_DASHBOARD_LIST_V 
                                                   WHERE DECODE(:contractStatus, 'ALL', 1, INSTR(:contractStatus, FORM_STATUS)) > 0  
                                                   AND ((:rsi_no is null or RSI_NO LIKE :rsi_no) 
                                                   OR (:bu is null or UPPER(BU) LIKE :bu) 
                                                   OR (:project_name is null or UPPER(PROJECT_NAME) LIKE :project_name) 
                                                   OR (:request_name is null or UPPER(REQUEST_NAME) LIKE :request_name)) 
                                                ORDER BY RSI_NO DESC, DECODE(PART_TYPE, '', 1 ,'ACD', 2, 'EE', 3, 'OM', 4, 'PACKING', 5, 6)  

2022-03-01 15:22:37,089 [ 9] INFO  --End:獲取DashBoard UA資訊2 - Completed
2022-03-01 15:22:37,105 [ 9] INFO  --Begin:獲取Contract Status資訊 - 【GetContractStatus】:SELECT DISTINCT ATTRIBUTE3, ATTRIBUTE2 
                                   FROM GPO.RSI_C_PARAMETER 
                                  WHERE FUNCTION = 'FORM_STATUS' 
                                  ORDER BY DECODE(ATTRIBUTE2, 'UA', 0, 'AP', 1, 'CL', 2, 'RC', 3, 4) 

2022-03-01 15:22:37,105 [ 9] INFO  --End:獲取Contract Status資訊 - Completed
2022-03-01 15:22:37,105 [ 9] INFO  --Begin:獲取To_Do_List_V資訊 - 【GetTo_Do_List_VEntities】:SELECT * FROM RSI_TO_DO_LIST_V 
                                                WHERE ( :emp_no is null or APP_ASSIGNER = :emp_no) 
                                                ORDER BY PHASE_ID, HELDDAYS 

2022-03-01 15:22:37,105 [ 9] INFO  --End:獲取To_Do_List_V資訊 - Completed
2022-03-01 15:22:37,105 [ 9] INFO  --Begin:獲取To_Do_List_V資訊 - 【GetTo_Do_List_VEntities】:SELECT * FROM RSI_TO_DO_LIST_V 
                                                WHERE ( :emp_no is null or APP_ASSIGNER = :emp_no) 
                                                ORDER BY PHASE_ID, HELDDAYS 

2022-03-01 15:22:37,120 [ 9] INFO  --End:獲取To_Do_List_V資訊 - Completed
2022-03-01 15:22:37,120 [ 9] INFO  --Begin:獲取Department Name資訊 - 【GetDepartmentName】: SELECT * 
                                                FROM GFIN.EMP_DATA_ALL E, GFIN.ORG_DATA_ALL O
                                                WHERE E.ORG_ID = O.ORG_ID
                                                AND E.EMP_NO = :emp_no 

2022-03-01 15:22:37,120 [ 9] INFO  --End:獲取Department Name資訊 - Completed
2022-03-01 15:22:44,562 [24] INFO  --Begin: - 【GetDetailApprove】:  SELECT A.RSI_NO, A.FORM_NO, A.PART_TYPE, A.PHASE_ID, A.PHASE, A.APP_SERIAL, 
                                          A.APP_ASSIGNER, A.APP_ASSIGNER_NAME, A.APP_ACTOR, A.APP_ACTOR_NAME,
                                          A.STATUS, A.BEGIN_DATE, A.END_DATE,
                                          A.APP_CONTENT, A.DIF_DAY
                                          FROM RSI_APPROVAL_LIST_V A
                                          WHERE A.RSI_NO = :rsi_no
                                          AND A.PART_TYPE = :part_type 

2022-03-01 15:22:44,625 [24] INFO   --End: - Completed
2022-03-01 15:23:03,931 [ 9] INFO  --Begin: - 【GetDetailApprove】:  SELECT A.RSI_NO, A.FORM_NO, A.PART_TYPE, A.PHASE_ID, A.PHASE, A.APP_SERIAL, 
                                          A.APP_ASSIGNER, A.APP_ASSIGNER_NAME, A.APP_ACTOR, A.APP_ACTOR_NAME,
                                          A.STATUS, A.BEGIN_DATE, A.END_DATE,
                                          A.APP_CONTENT, A.DIF_DAY
                                          FROM RSI_APPROVAL_LIST_V A
                                          WHERE A.RSI_NO = :rsi_no
                                          AND A.PART_TYPE = :part_type 

2022-03-01 15:23:03,931 [ 9] INFO   --End: - Completed
