2022-01-09 15:27:53,402 [11] INFO  --Begin:獲取DashBoard UA資訊1 - 【GetDashBoardUA】:SELECT * FROM GPO.RSI_DASHBOARD_LIST_V A
                                                   JOIN (
                                                        SELECT DISTINCT B.RSI_NO FROM GPO.RSI_H_FORM_HEADER B
                                                        WHERE FORM_NO IN
                                                        (SELECT A.FORM_NO    --自己簽核過表單
                                                         FROM GPO.RSI_H_FORM_APPROVE A
                                                         LEFT JOIN GPO.RSI_H_DETAIL_APP_LOG L ON A.FORM_NO = L.FORM_NO
                                                         WHERE (A.APP_ASSIGNER = :emp_no OR A.APP_ACTOR = :emp_no OR L.APP_ACTOR = :emp_no)
                                                         UNION            --下轄人員簽核過表單
                                                         SELECT DISTINCT B.FORM_NO 
                                                         FROM au_dw.auo_person_reportline A
                                                         INNER JOIN GPO.RSI_H_FORM_APPROVE B ON A.EMP_NO = NVL(B.APP_ACTOR, B.APP_ASSIGNER)
                                                         LEFT JOIN GPO.RSI_H_DETAIL_APP_LOG L ON B.FORM_NO = L.FORM_NO AND A.EMP_NO = L.APP_ACTOR
                                                         WHERE (TRIM(A.BOSS_EMP_NO) = :emp_no)
                                                         AND A.ACTIVE = 'Y')                
                                                   ) B ON A.RSI_NO = B.RSI_NO 
                                                   WHERE DECODE(:contractStatus, 'ALL', 1, INSTR(:contractStatus, A.FORM_STATUS)) > 0 
                                                   AND ((:rsi_no is null or A.RSI_NO LIKE :rsi_no) 
                                                   OR (:bu is null or UPPER(A.BU) LIKE :bu) 
                                                   OR (:project_name is null or UPPER(A.PROJECT_NAME) LIKE :project_name) 
                                                   OR (:request_name is null or UPPER(A.REQUEST_NAME) LIKE :request_name)) 
                                                ORDER BY A.RSI_NO DESC, DECODE(A.PART_TYPE, '', 1 ,'ACD', 2, 'EE', 3, 'OM', 4, 'PACKING', 5, 6)   

2022-01-09 15:27:54,121 [11] INFO  --End:獲取DashBoard UA資訊1 - Completed
2022-01-09 15:27:54,230 [11] INFO  --Begin:獲取Contract Status資訊 - 【GetContractStatus】:SELECT DISTINCT ATTRIBUTE3, ATTRIBUTE2 
                                   FROM GPO.RSI_C_PARAMETER 
                                  WHERE FUNCTION = 'FORM_STATUS' 
                                  ORDER BY DECODE(ATTRIBUTE2, 'UA', 0, 'AP', 1, 'CL', 2, 'RC', 3, 4) 

2022-01-09 15:27:54,246 [11] INFO  --End:獲取Contract Status資訊 - Completed
2022-01-09 15:27:54,496 [11] INFO  --Begin:獲取To_Do_List_V資訊 - 【GetTo_Do_List_VEntities】:SELECT * FROM RSI_TO_DO_LIST_V 
                                                WHERE ( :emp_no is null or APP_ASSIGNER = :emp_no) 
                                                ORDER BY PHASE_ID, HELDDAYS 

2022-01-09 15:27:54,511 [11] INFO  --End:獲取To_Do_List_V資訊 - Completed
2022-01-09 15:27:54,511 [11] INFO  --Begin:獲取To_Do_List_V資訊 - 【GetTo_Do_List_VEntities】:SELECT * FROM RSI_TO_DO_LIST_V 
                                                WHERE ( :emp_no is null or APP_ASSIGNER = :emp_no) 
                                                ORDER BY PHASE_ID, HELDDAYS 

2022-01-09 15:27:54,511 [11] INFO  --End:獲取To_Do_List_V資訊 - Completed
2022-01-09 15:27:54,511 [11] INFO  --Begin:獲取Department Name資訊 - 【GetDepartmentName】: SELECT * 
                                                FROM GFIN.EMP_DATA_ALL E, GFIN.ORG_DATA_ALL O
                                                WHERE E.ORG_ID = O.ORG_ID
                                                AND E.EMP_NO = :emp_no 

2022-01-09 15:27:54,527 [11] INFO  --End:獲取Department Name資訊 - Completed
