2022-01-10 10:52:54,564 [11] INFO  --Begin:LoginLog - 【RSI_ConfigEntityDAL】:INSERT INTO rsi_h_func_log(attribute1,created_by,created_date)
                                 VALUES('Login',:emp_no,SYSDATE) 

2022-01-10 10:52:54,939 [11] INFO  --End:LoginLog - Completed
2022-01-10 10:52:54,939 [11] INFO  --Begin:獲取To_Do_List_V資訊 - 【GetTo_Do_List_VEntities】:SELECT * FROM RSI_TO_DO_LIST_V 
                                                WHERE ( :emp_no is null or APP_ASSIGNER = :emp_no) 
                                                ORDER BY PHASE_ID, HELDDAYS 

2022-01-10 10:52:54,986 [11] INFO  --End:獲取To_Do_List_V資訊 - Completed
2022-01-10 10:52:55,064 [11] INFO  --Begin:GetBulletin - 【RSI_ConfigEntityDAL】:select t.*,dbms_lob.substr(t.note) as sys_note from RSI_C_PARAMETER t
                                 where t.function='BULLETIN' 

2022-01-10 10:52:55,080 [11] INFO  --End:GetBulletin - Completed
2022-01-10 10:52:55,080 [11] INFO  --Begin:獲取FAQ資訊 - 【GetFAQ】:SELECT * FROM RSI_C_PARAMETER WHERE FUNCTION = 'FAQ' 

2022-01-10 10:52:55,080 [11] INFO  --End:獲取FAQ資訊 - Completed
2022-01-10 10:52:55,080 [11] INFO  --Begin:獲取ContactWindow資訊 - 【GetContactWindow】:SELECT DISTINCT ATTRIBUTE1, ATTRIBUTE2 FROM RSI_C_PARAMETER WHERE FUNCTION = 'Contact_Windows' 

2022-01-10 10:52:55,080 [11] INFO  --End:獲取ContactWindow資訊 - Completed
2022-01-10 10:52:55,314 [11] INFO  --Begin:獲取To_Do_List_V資訊 - 【GetTo_Do_List_VEntities】:SELECT * FROM RSI_TO_DO_LIST_V 
                                                WHERE ( :emp_no is null or APP_ASSIGNER = :emp_no) 
                                                ORDER BY PHASE_ID, HELDDAYS 

2022-01-10 10:52:55,330 [11] INFO  --End:獲取To_Do_List_V資訊 - Completed
2022-01-10 10:52:55,330 [11] INFO  --Begin:獲取To_Do_List_V資訊 - 【GetTo_Do_List_VEntities】:SELECT * FROM RSI_TO_DO_LIST_V 
                                                WHERE ( :emp_no is null or APP_ASSIGNER = :emp_no) 
                                                ORDER BY PHASE_ID, HELDDAYS 

2022-01-10 10:52:55,330 [11] INFO  --End:獲取To_Do_List_V資訊 - Completed
2022-01-10 10:52:55,330 [11] INFO  --Begin:獲取Department Name資訊 - 【GetDepartmentName】: SELECT * 
                                                FROM GFIN.EMP_DATA_ALL E, GFIN.ORG_DATA_ALL O
                                                WHERE E.ORG_ID = O.ORG_ID
                                                AND E.EMP_NO = :emp_no 

2022-01-10 10:52:55,361 [11] INFO  --End:獲取Department Name資訊 - Completed
2022-01-10 10:53:00,689 [14] INFO  --Begin: - 【Auto_Identify】:select count(*) as count
                                                from RSI_TO_DO_LIST_V a
                                                where a.APP_ASSIGNER = :emp_no
                                                and a.rsi_no = :rsi_no
                                                and a.phase_id = :phase_id 

2022-01-10 10:53:00,689 [14] INFO   --End: - Completed
2022-01-10 10:53:00,689 [14] INFO  --Begin:GetMCAConrol - 【RSI_ConfigEntityDAL】:select * from RSI_C_PARAMETER t
                                 where t.function='MAC_CONTROL'
                                 and t.attribute1='Y' 

2022-01-10 10:53:00,689 [14] INFO  --End:GetMCAConrol - Completed
2022-01-10 10:53:00,689 [14] INFO  --Begin:取得H_Product_Info資訊 - 【GetH_Product_InfoEntities】:SELECT 
                    RSI_NO, BU, PROJECT_NAME, RFQ_NO, RFQ_VER, APPLY_TYPE, LCM, TP, MODEL, REF_PRODUCT, APPLY_REASON, RFQ_TYPE, BL_NIT, POWER,
                    PM, (SELECT DISTINCT PM ||'-'|| EMP_NAME FROM GFIN.EMP_DATA_ALL E WHERE E.EMP_NO = P.PM) AS PM_NAME,
                    PL_RD, (SELECT DISTINCT PL_RD ||'-'|| EMP_NAME FROM GFIN.EMP_DATA_ALL E WHERE E.EMP_NO = P.PL_RD) AS PLRD_NAME,
                    ACD_RD, (SELECT DISTINCT ACD_RD ||'-'|| EMP_NAME FROM GFIN.EMP_DATA_ALL E WHERE E.EMP_NO = P.ACD_RD) AS ACDRD_NAME,
                    EE_RD, (SELECT DISTINCT EE_RD ||'-'|| EMP_NAME FROM GFIN.EMP_DATA_ALL E WHERE E.EMP_NO = P.EE_RD) AS EERD_NAME,
                    OM_RD, (SELECT DISTINCT OM_RD ||'-'|| EMP_NAME FROM GFIN.EMP_DATA_ALL E WHERE E.EMP_NO = P.OM_RD) AS OMRD_NAME,
                    PACKING_RD, (SELECT DISTINCT PACKING_RD ||'-'|| EMP_NAME FROM GFIN.EMP_DATA_ALL E WHERE E.EMP_NO = P.PACKING_RD) AS PACKINGRD_NAME,
                    TP_ACD_RD, (SELECT DISTINCT TP_ACD_RD ||'-'|| EMP_NAME FROM GFIN.EMP_DATA_ALL E WHERE E.EMP_NO = P.TP_ACD_RD) AS TP_ACDRD_NAME,
                    TP_EE_RD, (SELECT DISTINCT TP_EE_RD ||'-'|| EMP_NAME FROM GFIN.EMP_DATA_ALL E WHERE E.EMP_NO = P.TP_EE_RD) AS TP_EERD_NAME,
                    TP_OM_RD, (SELECT DISTINCT TP_OM_RD ||'-'|| EMP_NAME FROM GFIN.EMP_DATA_ALL E WHERE E.EMP_NO = P.TP_OM_RD) AS TP_OMRD_NAME,
                    REQUEST_DATE,  :part_type PartType, REF_PRODUCT_RFQ, BIDDING_PROJECT, SOURCING_POOL_NAME, 
                    ARRAY_FAB, JI_FAB, MODULE_FAB, SIZE_INCH, SURFACE_TREATMENT, SOP_YEAR, SOP_QUARTERLY, SOP_MONTH, RESOLUTION, PM_LCD_TYPE, PM_BRIGHTNESS,
                    FCST_QTY, SAMPLE_REQUEST, SAMPLE_REQUEST_DATE, SAMPLE_REQUEST_QTY
                    FROM gpo.RSI_H_PRODUCT_INFO P 
                    WHERE P.RSI_NO =:rsi_no 

2022-01-10 10:53:00,689 [14] INFO  --End:取得H_Product_Info資訊 - Completed
2022-01-10 10:53:00,721 [14] INFO  --Begin:獲取Site Name資訊 - 【GetSiteName】:SELECT DISTINCT PHASE_ID, PHASE FROM GPO.RSI_C_FLOW_DEF WHERE PHASE_ID = :phase_id and BU = :bu 

2022-01-10 10:53:00,721 [14] INFO  --End:獲取Site Name資訊 - Completed
2022-01-10 10:53:00,814 [14] INFO  --Begin: - 【GetFCSTPage】:select attribute1 as bu from RSI_C_PARAMETER where function='FCST_PAGE'  

2022-01-10 10:53:00,814 [14] INFO   --End: - Completed
2022-01-10 10:53:00,814 [14] INFO  --Begin: - 【GetExportExcelConfig】:select * 
                                 from gpo.rsi_c_parameter
                                 where function = 'ExportExcel_Authority'
                                 and decode(:BU, upper(attribute1), 1, instr(attribute1, 'ALL')) > 0   and decode(:Part_Type, upper(attribute2), 1, INSTR(attribute2, 'ALL')) > 0  and attribute3 = :Phase_ID
                                  order by attribute3

2022-01-10 10:53:00,814 [14] INFO   --End: - Completed
2022-01-10 10:53:00,814 [14] INFO  --Begin:Upload_Flag - 【RSI_ConfigEntityDAL】:select attribute3 from RSI_C_PARAMETER
                                 where function='BULK_UPLOAD' and attribute2 = :phase_id  

2022-01-10 10:53:00,814 [14] INFO  --End:Upload_Flag - Completed
2022-01-10 10:53:00,830 [14] INFO  --Begin:取得H_Product_Info資訊 - 【GetH_Product_InfoEntities】:SELECT 
                    RSI_NO, BU, PROJECT_NAME, RFQ_NO, RFQ_VER, APPLY_TYPE, LCM, TP, MODEL, REF_PRODUCT, APPLY_REASON, RFQ_TYPE, BL_NIT, POWER,
                    PM, (SELECT DISTINCT PM ||'-'|| EMP_NAME FROM GFIN.EMP_DATA_ALL E WHERE E.EMP_NO = P.PM) AS PM_NAME,
                    PL_RD, (SELECT DISTINCT PL_RD ||'-'|| EMP_NAME FROM GFIN.EMP_DATA_ALL E WHERE E.EMP_NO = P.PL_RD) AS PLRD_NAME,
                    ACD_RD, (SELECT DISTINCT ACD_RD ||'-'|| EMP_NAME FROM GFIN.EMP_DATA_ALL E WHERE E.EMP_NO = P.ACD_RD) AS ACDRD_NAME,
                    EE_RD, (SELECT DISTINCT EE_RD ||'-'|| EMP_NAME FROM GFIN.EMP_DATA_ALL E WHERE E.EMP_NO = P.EE_RD) AS EERD_NAME,
                    OM_RD, (SELECT DISTINCT OM_RD ||'-'|| EMP_NAME FROM GFIN.EMP_DATA_ALL E WHERE E.EMP_NO = P.OM_RD) AS OMRD_NAME,
                    PACKING_RD, (SELECT DISTINCT PACKING_RD ||'-'|| EMP_NAME FROM GFIN.EMP_DATA_ALL E WHERE E.EMP_NO = P.PACKING_RD) AS PACKINGRD_NAME,
                    TP_ACD_RD, (SELECT DISTINCT TP_ACD_RD ||'-'|| EMP_NAME FROM GFIN.EMP_DATA_ALL E WHERE E.EMP_NO = P.TP_ACD_RD) AS TP_ACDRD_NAME,
                    TP_EE_RD, (SELECT DISTINCT TP_EE_RD ||'-'|| EMP_NAME FROM GFIN.EMP_DATA_ALL E WHERE E.EMP_NO = P.TP_EE_RD) AS TP_EERD_NAME,
                    TP_OM_RD, (SELECT DISTINCT TP_OM_RD ||'-'|| EMP_NAME FROM GFIN.EMP_DATA_ALL E WHERE E.EMP_NO = P.TP_OM_RD) AS TP_OMRD_NAME,
                    REQUEST_DATE,  :part_type PartType, REF_PRODUCT_RFQ, BIDDING_PROJECT, SOURCING_POOL_NAME, 
                    ARRAY_FAB, JI_FAB, MODULE_FAB, SIZE_INCH, SURFACE_TREATMENT, SOP_YEAR, SOP_QUARTERLY, SOP_MONTH, RESOLUTION, PM_LCD_TYPE, PM_BRIGHTNESS,
                    FCST_QTY, SAMPLE_REQUEST, SAMPLE_REQUEST_DATE, SAMPLE_REQUEST_QTY
                    FROM gpo.RSI_H_PRODUCT_INFO P 
                    WHERE P.RSI_NO =:rsi_no 

2022-01-10 10:53:00,830 [14] INFO  --End:取得H_Product_Info資訊 - Completed
2022-01-10 10:53:00,830 [14] INFO  --Begin:取得Price_Group資訊 - 【GetPrice_Group】:SELECT *
                                   FROM GPO.RSI_C_PARAMETER 
                                  WHERE FUNCTION = :price_type
                                    AND ATTRIBUTE1 = :bu
                                    AND DECODE( :part_type, UPPER(ATTRIBUTE2), 1, INSTR(ATTRIBUTE2, 'ALL')) > 0
                                  ORDER BY DECODE(UPPER(ATTRIBUTE3), 'MATERIAL_GROUP', 0, 'PARTS_GROUP', 1, 'MATERIAL_PARTS', 2, 'PART_NO', 3, 4)  

2022-01-10 10:53:00,830 [14] INFO  --End:取得Price_Group資訊 - Completed
2022-01-10 10:53:00,861 [14] INFO  --Begin: - 【GetDetailApprove】:  SELECT A.RSI_NO, A.FORM_NO, A.PART_TYPE, A.PHASE_ID, A.PHASE, A.APP_SERIAL, 
                                          A.APP_ASSIGNER, A.APP_ASSIGNER_NAME, A.APP_ACTOR, A.APP_ACTOR_NAME,
                                          A.STATUS, A.BEGIN_DATE, A.END_DATE,
                                          A.APP_CONTENT, A.DIF_DAY
                                          FROM RSI_APPROVAL_LIST_V A
                                          WHERE A.RSI_NO = :rsi_no
                                          AND A.PART_TYPE = :part_type 

2022-01-10 10:53:00,861 [14] INFO   --End: - Completed
2022-01-10 10:53:00,861 [14] INFO  --Begin:GetVersion - 【RSI_ConfigEntityDAL】:select attribute1 from RSI_C_PARAMETER where function='VERSION_CONTROL' 

2022-01-10 10:53:00,861 [14] INFO  --End:GetVersion - Completed
2022-01-10 10:53:00,861 [14] INFO  --Begin:獲取To_Do_List_V資訊 - 【GetTo_Do_List_VEntities】:SELECT * FROM RSI_TO_DO_LIST_V 
                                                WHERE ( :emp_no is null or APP_ASSIGNER = :emp_no) 
                                                ORDER BY PHASE_ID, HELDDAYS 

2022-01-10 10:53:00,877 [14] INFO  --End:獲取To_Do_List_V資訊 - Completed
2022-01-10 10:53:00,877 [14] INFO  --Begin:獲取To_Do_List_V資訊 - 【GetTo_Do_List_VEntities】:SELECT * FROM RSI_TO_DO_LIST_V 
                                                WHERE ( :emp_no is null or APP_ASSIGNER = :emp_no) 
                                                ORDER BY PHASE_ID, HELDDAYS 

2022-01-10 10:53:00,877 [14] INFO  --End:獲取To_Do_List_V資訊 - Completed
2022-01-10 10:53:00,877 [14] INFO  --Begin:獲取Department Name資訊 - 【GetDepartmentName】: SELECT * 
                                                FROM GFIN.EMP_DATA_ALL E, GFIN.ORG_DATA_ALL O
                                                WHERE E.ORG_ID = O.ORG_ID
                                                AND E.EMP_NO = :emp_no 

2022-01-10 10:53:00,877 [14] INFO  --End:獲取Department Name資訊 - Completed
2022-01-10 10:53:02,424 [19] INFO  --Begin: - 【GetUnit】:select distinct upper(unit) unit
                                               from rsi_r_part_info
                                               order by unit 

2022-01-10 10:53:02,440 [11] INFO  --Begin:取得Normal Parts資訊 - 【GetRDReviewNormalParts】: select b.rsi_no, 'Normal' mtl_type, '' mtl_group, '' parts_group, '' mtl_parts, '' part_type,
                                                decode(ismodify, 'Y', substr(b.partnumber_child, 0, 2), b.partnumber_child) as part_no,
                                                b.part_desc, b.part_level, b.english_name, '' maker_source, '' maker_part_no, '' part_spec,
                                                '' spec_def, b.release_date, b.part_quantity as usage, b.part_unit, '' eol_status,
                                                '' uni_spec_status, '' remark, decode(ismodify, 'Y', 'U', null) as modify_type, 0 sn, 0 parent_sn, '' file_status, '' phase_id,
                                                b.partnumber_top, decode(ismodify, 'Y', substr(b.partnumber_child, 0, 2), b.partnumber_child) as partnumber_child,
                                                b.partnumber_parent, decode(ismodify, 'Y', substr(b.partnumber_child, 0, 2), b.partnumber_child) as DisplayPartNo,
                                                0 bom_level
                                                from gpo.rsi_h_bom_all b
                                                where rsi_no = :rsi_no
                                                and bom_level = 0
                                                --and not exists (select 1 from rsi_h_product_detail d where d.rsi_no = :rsi_no)
                                                union all
                                                select *
                                                from (
                                                    select d.*, LPAD(' ', (Level) * 4) || nvl(d.part_no, d.part_level) as DisplayPartNo, Level bom_level
                                                    from (
                                                        select distinct d.rsi_no,
                                                        nvl(d.mtl_type, decode(s.active, 'Y', 'Special', 'Normal')) mtl_type,
                                                        d.mtl_group,
                                                        d.parts_group,
                                                        d.mtl_parts,
                                                        d.part_type, 
                                                        d.part_no,
                                                        d.part_desc,
                                                        d.part_level,
                                                        d.english_name,
                                                        d.maker_source,
                                                        d.maker_part_no,
                                                        d.part_spec,
                                                        c.SPEC_DEF,
                                                        d.release_date,
                                                        d.usage,
                                                        d.part_unit,
                                                        d.eol_status eol_status,
                                                        d.uni_spec_status uni_spec_status,
                                                        d.remark,
                                                        d.modify_type,
                                                        d.sn,
                                                        d.parent_sn,
                                                        decode(nvl(f.cnt,0),0,'N','Y') as file_status,
                                                        d.phase_id,
                                                        i.ref_product partnumber_top,
                                                        nvl(d.part_no, d.part_level) partnumber_child, 
                                                        d.partnumber_parent
                                                        from gpo.rsi_h_product_detail d
                                                        join gpo.rsi_h_product_info i on d.rsi_no = i.rsi_no
                                                        left join gpo.rsi_c_mtl_special_parts s on s.mtl_parts = d.mtl_parts and s.active = 'Y'
                                                        left join (select distinct mtl_parts, spec_def
                                                                     from gpo.rsi_c_mtl_spec_def
                                                                    where active = 'Y') c
                                                          on d.mtl_parts = c.mtl_parts
                                                        left join (SELECT Biz_Id,count(1) AS cnt FROM GPO.RSI_H_FILELIST GROUP BY Biz_Id) f
                                                          on f.BIZ_ID = d.RSI_NO||'_'||d.SN
                                                        where nvl(d.mtl_type, decode(s.active, 'Y', 'Special', 'Normal')) <> 'Special' 
                                                        and (d.modify_type is null or d.modify_type <> 'D')
                                                        and nvl(d.mtl_group,'-') not like 'MOH%'
                                                        and d.rsi_no = :rsi_no
                                                    ) d
                                                    start with partnumber_top = partnumber_parent
                                                    connect by nocycle prior partnumber_top = partnumber_top
                                                                    and prior sn = parent_sn
                                                                   --and prior partnumber_child = partnumber_parent
                                                    order siblings by part_level desc
                                                ) a 

2022-01-10 10:53:02,440 [17] INFO  --Begin: - 【GetPartLevelEnglish】:select distinct m.mtl_group,
                                                 m.parts_group,
                                                 m.mtl_parts,
                                                 p.part_kind_key as part_level,
                                                 p.english_name
                                  from rsi_r_part_info p
                                  left join gpo.rsi_c_mtl_parts m
                                    on p.part_kind_key = m.part_level
                                   and p.english_name = m.english_name
                                   and m.active = 'Y'
                                 --where p.part_kind_key not like '9%'
                                   where p.english_name is not null
                                 order by p.part_kind_key 

2022-01-10 10:53:02,440 [18] INFO  --Begin:取得Group_ID資訊 - 【GetGroupID】:SELECT DISTINCT GROUP_ID
                                                FROM GPO.RSI_H_PRODUCT_DETAIL D 
                                                WHERE RSI_NO = :rsi_no   --querystring取的
                                                AND GROUP_ID IS NOT NULL
                                                AND (MODIFY_TYPE IS NULL OR MODIFY_TYPE <> 'D')
                                                ORDER BY GROUP_ID ASC 

2022-01-10 10:53:02,455 [18] INFO  --End:取得Group_ID資訊 - Completed
2022-01-10 10:53:02,471 [11] INFO  --End:取得Normal Parts資訊 - Completed
2022-01-10 10:53:02,643 [19] INFO   --End: - Completed
2022-01-10 10:53:02,643 [17] INFO   --End: - Completed
