2022-01-07 08:41:54,857 [11] INFO  --Begin:獲取DashBoard UA資訊2 - 【GetDashBoardUA】:SELECT * FROM GPO.RSI_DASHBOARD_LIST_V 
                                                   WHERE DECODE(:contractStatus, 'ALL', 1, INSTR(:contractStatus, FORM_STATUS)) > 0  
                                                   AND ((:rsi_no is null or RSI_NO LIKE :rsi_no) 
                                                   OR (:bu is null or UPPER(BU) LIKE :bu) 
                                                   OR (:project_name is null or UPPER(PROJECT_NAME) LIKE :project_name) 
                                                   OR (:request_name is null or UPPER(REQUEST_NAME) LIKE :request_name)) 
                                                ORDER BY RSI_NO DESC, DECODE(PART_TYPE, '', 1 ,'ACD', 2, 'EE', 3, 'OM', 4, 'PACKING', 5, 6)  

2022-01-07 08:41:55,592 [11] INFO  --End:獲取DashBoard UA資訊2 - Completed
2022-01-07 08:41:55,701 [11] INFO  --Begin:獲取Contract Status資訊 - 【GetContractStatus】:SELECT DISTINCT ATTRIBUTE3, ATTRIBUTE2 
                                   FROM GPO.RSI_C_PARAMETER 
                                  WHERE FUNCTION = 'FORM_STATUS' 
                                  ORDER BY DECODE(ATTRIBUTE2, 'UA', 0, 'AP', 1, 'CL', 2, 'RC', 3, 4) 

2022-01-07 08:41:55,717 [11] INFO  --End:獲取Contract Status資訊 - Completed
2022-01-07 08:41:55,951 [11] INFO  --Begin:獲取To_Do_List_V資訊 - 【GetTo_Do_List_VEntities】:SELECT * FROM RSI_TO_DO_LIST_V 
                                                WHERE ( :emp_no is null or APP_ASSIGNER = :emp_no) 
                                                ORDER BY PHASE_ID, HELDDAYS 

2022-01-07 08:41:55,951 [11] INFO  --End:獲取To_Do_List_V資訊 - Completed
2022-01-07 08:41:55,951 [11] INFO  --Begin:獲取To_Do_List_V資訊 - 【GetTo_Do_List_VEntities】:SELECT * FROM RSI_TO_DO_LIST_V 
                                                WHERE ( :emp_no is null or APP_ASSIGNER = :emp_no) 
                                                ORDER BY PHASE_ID, HELDDAYS 

2022-01-07 08:41:55,951 [11] INFO  --End:獲取To_Do_List_V資訊 - Completed
2022-01-07 08:41:55,967 [11] INFO  --Begin:獲取Department Name資訊 - 【GetDepartmentName】: SELECT * 
                                                FROM GFIN.EMP_DATA_ALL E, GFIN.ORG_DATA_ALL O
                                                WHERE E.ORG_ID = O.ORG_ID
                                                AND E.EMP_NO = :emp_no 

2022-01-07 08:41:55,982 [11] INFO  --End:獲取Department Name資訊 - Completed
2022-01-07 09:24:35,881 [ 7] INFO  --Begin: - 【GetDashBoardRSINO】:select rsi_no from RSI_H_PRODUCT_INFO where 1=1 and project_name = :project_name  order by rsi_no desc 

2022-01-07 09:24:36,584 [ 7] INFO   --End: - Completed
2022-01-07 09:24:36,600 [ 7] INFO  --Begin:獲取DashBoard UA資訊2 - 【GetDashBoardUA】:SELECT * FROM GPO.RSI_DASHBOARD_LIST_V 
                                                   WHERE DECODE(:contractStatus, 'ALL', 1, INSTR(:contractStatus, FORM_STATUS)) > 0  
                                                   AND ((:rsi_no is null or RSI_NO LIKE :rsi_no) 
                                                   OR (:bu is null or UPPER(BU) LIKE :bu) 
                                                   OR (:project_name is null or UPPER(PROJECT_NAME) LIKE :project_name) 
                                                   OR (:request_name is null or UPPER(REQUEST_NAME) LIKE :request_name)) 
                                                ORDER BY RSI_NO DESC, DECODE(PART_TYPE, '', 1 ,'ACD', 2, 'EE', 3, 'OM', 4, 'PACKING', 5, 6)  

2022-01-07 09:24:36,631 [ 7] INFO  --End:獲取DashBoard UA資訊2 - Completed
2022-01-07 09:24:36,740 [ 7] INFO  --Begin:獲取Contract Status資訊 - 【GetContractStatus】:SELECT DISTINCT ATTRIBUTE3, ATTRIBUTE2 
                                   FROM GPO.RSI_C_PARAMETER 
                                  WHERE FUNCTION = 'FORM_STATUS' 
                                  ORDER BY DECODE(ATTRIBUTE2, 'UA', 0, 'AP', 1, 'CL', 2, 'RC', 3, 4) 

2022-01-07 09:24:36,740 [ 7] INFO  --End:獲取Contract Status資訊 - Completed
2022-01-07 09:24:36,990 [ 7] INFO  --Begin:獲取To_Do_List_V資訊 - 【GetTo_Do_List_VEntities】:SELECT * FROM RSI_TO_DO_LIST_V 
                                                WHERE ( :emp_no is null or APP_ASSIGNER = :emp_no) 
                                                ORDER BY PHASE_ID, HELDDAYS 

2022-01-07 09:24:36,990 [ 7] INFO  --End:獲取To_Do_List_V資訊 - Completed
2022-01-07 09:24:37,006 [ 7] INFO  --Begin:獲取To_Do_List_V資訊 - 【GetTo_Do_List_VEntities】:SELECT * FROM RSI_TO_DO_LIST_V 
                                                WHERE ( :emp_no is null or APP_ASSIGNER = :emp_no) 
                                                ORDER BY PHASE_ID, HELDDAYS 

2022-01-07 09:24:37,006 [ 7] INFO  --End:獲取To_Do_List_V資訊 - Completed
2022-01-07 09:24:37,006 [ 7] INFO  --Begin:獲取Department Name資訊 - 【GetDepartmentName】: SELECT * 
                                                FROM GFIN.EMP_DATA_ALL E, GFIN.ORG_DATA_ALL O
                                                WHERE E.ORG_ID = O.ORG_ID
                                                AND E.EMP_NO = :emp_no 

2022-01-07 09:24:37,022 [ 7] INFO  --End:獲取Department Name資訊 - Completed
2022-01-07 09:25:11,999 [23] INFO  --Begin: - 【GetDetailApprove】:  SELECT A.RSI_NO, A.FORM_NO, A.PART_TYPE, A.PHASE_ID, A.PHASE, A.APP_SERIAL, 
                                          A.APP_ASSIGNER, A.APP_ASSIGNER_NAME, A.APP_ACTOR, A.APP_ACTOR_NAME,
                                          A.STATUS, A.BEGIN_DATE, A.END_DATE,
                                          A.APP_CONTENT, A.DIF_DAY
                                          FROM RSI_APPROVAL_LIST_V A
                                          WHERE A.RSI_NO = :rsi_no
                                          AND A.PART_TYPE = :part_type 

2022-01-07 09:25:12,015 [23] INFO   --End: - Completed
2022-01-07 09:25:16,656 [10] INFO  --Begin: - 【GetDetailApprove】:  SELECT A.RSI_NO, A.FORM_NO, A.PART_TYPE, A.PHASE_ID, A.PHASE, A.APP_SERIAL, 
                                          A.APP_ASSIGNER, A.APP_ASSIGNER_NAME, A.APP_ACTOR, A.APP_ACTOR_NAME,
                                          A.STATUS, A.BEGIN_DATE, A.END_DATE,
                                          A.APP_CONTENT, A.DIF_DAY
                                          FROM RSI_APPROVAL_LIST_V A
                                          WHERE A.RSI_NO = :rsi_no
                                          AND A.PART_TYPE = :part_type 

2022-01-07 09:25:16,672 [10] INFO   --End: - Completed
2022-01-07 09:28:37,649 [ 7] INFO  --Begin: - 【GetDashBoardRSINO】:select rsi_no from RSI_H_PRODUCT_INFO where 1=1 and project_name = :project_name  order by rsi_no desc 

2022-01-07 09:28:37,649 [ 7] INFO   --End: - Completed
2022-01-07 09:28:37,649 [ 7] INFO  --Begin:獲取DashBoard UA資訊2 - 【GetDashBoardUA】:SELECT * FROM GPO.RSI_DASHBOARD_LIST_V 
                                                   WHERE DECODE(:contractStatus, 'ALL', 1, INSTR(:contractStatus, FORM_STATUS)) > 0  
                                                   AND ((:rsi_no is null or RSI_NO LIKE :rsi_no) 
                                                   OR (:bu is null or UPPER(BU) LIKE :bu) 
                                                   OR (:project_name is null or UPPER(PROJECT_NAME) LIKE :project_name) 
                                                   OR (:request_name is null or UPPER(REQUEST_NAME) LIKE :request_name)) 
                                                ORDER BY RSI_NO DESC, DECODE(PART_TYPE, '', 1 ,'ACD', 2, 'EE', 3, 'OM', 4, 'PACKING', 5, 6)  

2022-01-07 09:28:37,664 [ 7] INFO  --End:獲取DashBoard UA資訊2 - Completed
2022-01-07 09:28:37,664 [ 7] INFO  --Begin:獲取Contract Status資訊 - 【GetContractStatus】:SELECT DISTINCT ATTRIBUTE3, ATTRIBUTE2 
                                   FROM GPO.RSI_C_PARAMETER 
                                  WHERE FUNCTION = 'FORM_STATUS' 
                                  ORDER BY DECODE(ATTRIBUTE2, 'UA', 0, 'AP', 1, 'CL', 2, 'RC', 3, 4) 

2022-01-07 09:28:37,664 [ 7] INFO  --End:獲取Contract Status資訊 - Completed
2022-01-07 09:28:37,664 [ 7] INFO  --Begin:獲取To_Do_List_V資訊 - 【GetTo_Do_List_VEntities】:SELECT * FROM RSI_TO_DO_LIST_V 
                                                WHERE ( :emp_no is null or APP_ASSIGNER = :emp_no) 
                                                ORDER BY PHASE_ID, HELDDAYS 

2022-01-07 09:28:37,664 [ 7] INFO  --End:獲取To_Do_List_V資訊 - Completed
2022-01-07 09:28:37,664 [ 7] INFO  --Begin:獲取To_Do_List_V資訊 - 【GetTo_Do_List_VEntities】:SELECT * FROM RSI_TO_DO_LIST_V 
                                                WHERE ( :emp_no is null or APP_ASSIGNER = :emp_no) 
                                                ORDER BY PHASE_ID, HELDDAYS 

2022-01-07 09:28:37,680 [ 7] INFO  --End:獲取To_Do_List_V資訊 - Completed
2022-01-07 09:28:37,680 [ 7] INFO  --Begin:獲取Department Name資訊 - 【GetDepartmentName】: SELECT * 
                                                FROM GFIN.EMP_DATA_ALL E, GFIN.ORG_DATA_ALL O
                                                WHERE E.ORG_ID = O.ORG_ID
                                                AND E.EMP_NO = :emp_no 

2022-01-07 09:28:37,680 [ 7] INFO  --End:獲取Department Name資訊 - Completed
2022-01-07 09:28:46,437 [10] INFO  --Begin: - 【GetDetailApprove】:  SELECT A.RSI_NO, A.FORM_NO, A.PART_TYPE, A.PHASE_ID, A.PHASE, A.APP_SERIAL, 
                                          A.APP_ASSIGNER, A.APP_ASSIGNER_NAME, A.APP_ACTOR, A.APP_ACTOR_NAME,
                                          A.STATUS, A.BEGIN_DATE, A.END_DATE,
                                          A.APP_CONTENT, A.DIF_DAY
                                          FROM RSI_APPROVAL_LIST_V A
                                          WHERE A.RSI_NO = :rsi_no
                                          AND A.PART_TYPE = :part_type 

2022-01-07 09:28:46,437 [10] INFO   --End: - Completed
2022-01-07 09:28:53,097 [25] INFO  --Begin: - 【GetDetailApprove】:  SELECT A.RSI_NO, A.FORM_NO, A.PART_TYPE, A.PHASE_ID, A.PHASE, A.APP_SERIAL, 
                                          A.APP_ASSIGNER, A.APP_ASSIGNER_NAME, A.APP_ACTOR, A.APP_ACTOR_NAME,
                                          A.STATUS, A.BEGIN_DATE, A.END_DATE,
                                          A.APP_CONTENT, A.DIF_DAY
                                          FROM RSI_APPROVAL_LIST_V A
                                          WHERE A.RSI_NO = :rsi_no
                                          AND A.PART_TYPE = :part_type 

2022-01-07 09:28:53,097 [25] INFO   --End: - Completed
2022-01-07 13:07:44,294 [ 7] INFO  --Begin:LoginLog - 【RSI_ConfigEntityDAL】:INSERT INTO rsi_h_func_log(attribute1,created_by,created_date)
                                 VALUES('Login',:emp_no,SYSDATE) 

2022-01-07 13:07:44,669 [ 7] INFO  --End:LoginLog - Completed
2022-01-07 13:07:44,684 [ 7] INFO  --Begin:獲取To_Do_List_V資訊 - 【GetTo_Do_List_VEntities】:SELECT * FROM RSI_TO_DO_LIST_V 
                                                WHERE ( :emp_no is null or APP_ASSIGNER = :emp_no) 
                                                ORDER BY PHASE_ID, HELDDAYS 

2022-01-07 13:07:44,747 [ 7] INFO  --End:獲取To_Do_List_V資訊 - Completed
2022-01-07 13:07:44,825 [ 7] INFO  --Begin:GetBulletin - 【RSI_ConfigEntityDAL】:select t.*,dbms_lob.substr(t.note) as sys_note from RSI_C_PARAMETER t
                                 where t.function='BULLETIN' 

2022-01-07 13:07:44,841 [ 7] INFO  --End:GetBulletin - Completed
2022-01-07 13:07:44,841 [ 7] INFO  --Begin:獲取FAQ資訊 - 【GetFAQ】:SELECT * FROM RSI_C_PARAMETER WHERE FUNCTION = 'FAQ' 

2022-01-07 13:07:44,856 [ 7] INFO  --End:獲取FAQ資訊 - Completed
2022-01-07 13:07:44,856 [ 7] INFO  --Begin:獲取ContactWindow資訊 - 【GetContactWindow】:SELECT DISTINCT ATTRIBUTE1, ATTRIBUTE2 FROM RSI_C_PARAMETER WHERE FUNCTION = 'Contact_Windows' 

2022-01-07 13:07:44,856 [ 7] INFO  --End:獲取ContactWindow資訊 - Completed
2022-01-07 13:07:45,091 [ 7] INFO  --Begin:獲取To_Do_List_V資訊 - 【GetTo_Do_List_VEntities】:SELECT * FROM RSI_TO_DO_LIST_V 
                                                WHERE ( :emp_no is null or APP_ASSIGNER = :emp_no) 
                                                ORDER BY PHASE_ID, HELDDAYS 

2022-01-07 13:07:45,091 [ 7] INFO  --End:獲取To_Do_List_V資訊 - Completed
2022-01-07 13:07:45,091 [ 7] INFO  --Begin:獲取To_Do_List_V資訊 - 【GetTo_Do_List_VEntities】:SELECT * FROM RSI_TO_DO_LIST_V 
                                                WHERE ( :emp_no is null or APP_ASSIGNER = :emp_no) 
                                                ORDER BY PHASE_ID, HELDDAYS 

2022-01-07 13:07:45,091 [ 7] INFO  --End:獲取To_Do_List_V資訊 - Completed
2022-01-07 13:07:45,106 [ 7] INFO  --Begin:獲取Department Name資訊 - 【GetDepartmentName】: SELECT * 
                                                FROM GFIN.EMP_DATA_ALL E, GFIN.ORG_DATA_ALL O
                                                WHERE E.ORG_ID = O.ORG_ID
                                                AND E.EMP_NO = :emp_no 

2022-01-07 13:07:45,106 [ 7] INFO  --End:獲取Department Name資訊 - Completed
